mode: set
github.com/rmcguinness/gemini_task_engine/pkg/model/hooks.go:25.62,27.61 2 0
github.com/rmcguinness/gemini_task_engine/pkg/model/hooks.go:27.61,28.47 1 0
github.com/rmcguinness/gemini_task_engine/pkg/model/hooks.go:28.47,30.4 1 0
github.com/rmcguinness/gemini_task_engine/pkg/model/hooks.go:34.2,35.16 2 0
github.com/rmcguinness/gemini_task_engine/pkg/model/hooks.go:35.16,37.3 1 0
github.com/rmcguinness/gemini_task_engine/pkg/model/hooks.go:40.2,41.81 2 0
github.com/rmcguinness/gemini_task_engine/pkg/model/hooks.go:41.81,43.3 1 0
github.com/rmcguinness/gemini_task_engine/pkg/model/hooks.go:43.8,43.33 1 0
github.com/rmcguinness/gemini_task_engine/pkg/model/hooks.go:43.33,45.3 1 0
github.com/rmcguinness/gemini_task_engine/pkg/model/hooks.go:45.8,45.87 1 0
github.com/rmcguinness/gemini_task_engine/pkg/model/hooks.go:45.87,47.3 1 0
github.com/rmcguinness/gemini_task_engine/pkg/model/hooks.go:47.8,47.36 1 0
github.com/rmcguinness/gemini_task_engine/pkg/model/hooks.go:47.36,49.3 1 0
github.com/rmcguinness/gemini_task_engine/pkg/model/hooks.go:51.2,59.32 2 0
github.com/rmcguinness/gemini_task_engine/pkg/model/types.go:30.47,31.18 1 1
github.com/rmcguinness/gemini_task_engine/pkg/model/types.go:31.18,34.3 2 1
github.com/rmcguinness/gemini_task_engine/pkg/model/types.go:35.2,36.9 2 1
github.com/rmcguinness/gemini_task_engine/pkg/model/types.go:36.9,38.3 1 1
github.com/rmcguinness/gemini_task_engine/pkg/model/types.go:39.2,42.12 4 1
github.com/rmcguinness/gemini_task_engine/pkg/model/types.go:46.46,47.14 1 0
github.com/rmcguinness/gemini_task_engine/pkg/model/types.go:47.14,49.3 1 0
github.com/rmcguinness/gemini_task_engine/pkg/model/types.go:50.2,50.23 1 0
github.com/rmcguinness/gemini_task_engine/pkg/model/types.go:54.50,55.17 1 0
github.com/rmcguinness/gemini_task_engine/pkg/model/types.go:55.17,58.3 2 0
github.com/rmcguinness/gemini_task_engine/pkg/model/types.go:59.2,62.12 4 0
github.com/rmcguinness/gemini_task_engine/pkg/model/types.go:66.46,67.17 1 1
github.com/rmcguinness/gemini_task_engine/pkg/model/types.go:67.17,69.3 1 1
github.com/rmcguinness/gemini_task_engine/pkg/model/types.go:70.2,70.23 1 1
github.com/rmcguinness/gemini_task_engine/pkg/model/types.go:77.55,78.18 1 1
github.com/rmcguinness/gemini_task_engine/pkg/model/types.go:78.18,81.3 2 1
github.com/rmcguinness/gemini_task_engine/pkg/model/types.go:82.2,83.9 2 1
github.com/rmcguinness/gemini_task_engine/pkg/model/types.go:83.9,85.10 2 1
github.com/rmcguinness/gemini_task_engine/pkg/model/types.go:85.10,87.4 1 1
github.com/rmcguinness/gemini_task_engine/pkg/model/types.go:88.3,88.22 1 1
github.com/rmcguinness/gemini_task_engine/pkg/model/types.go:90.2,91.15 2 1
github.com/rmcguinness/gemini_task_engine/pkg/model/types.go:91.15,94.3 2 1
github.com/rmcguinness/gemini_task_engine/pkg/model/types.go:95.2,97.26 3 1
github.com/rmcguinness/gemini_task_engine/pkg/model/types.go:97.26,99.17 2 1
github.com/rmcguinness/gemini_task_engine/pkg/model/types.go:99.17,101.4 1 1
github.com/rmcguinness/gemini_task_engine/pkg/model/types.go:102.3,102.24 1 1
github.com/rmcguinness/gemini_task_engine/pkg/model/types.go:104.2,105.12 2 1
github.com/rmcguinness/gemini_task_engine/pkg/model/types.go:109.54,110.17 1 1
github.com/rmcguinness/gemini_task_engine/pkg/model/types.go:110.17,112.3 1 1
github.com/rmcguinness/gemini_task_engine/pkg/model/types.go:113.2,114.24 2 1
github.com/rmcguinness/gemini_task_engine/pkg/model/types.go:114.24,116.3 1 1
github.com/rmcguinness/gemini_task_engine/pkg/model/types.go:117.2,117.50 1 1
github.com/rmcguinness/gemini_task_engine/pkg/model/user.go:89.65,91.88 2 1
github.com/rmcguinness/gemini_task_engine/pkg/model/user.go:91.88,93.3 1 1
github.com/rmcguinness/gemini_task_engine/pkg/model/user.go:94.2,94.58 1 1
github.com/rmcguinness/gemini_task_engine/pkg/model/user.go:94.58,96.3 1 0
github.com/rmcguinness/gemini_task_engine/pkg/model/user.go:97.2,97.18 1 1
github.com/rmcguinness/gemini_task_engine/pkg/model/user.go:100.66,102.16 2 1
github.com/rmcguinness/gemini_task_engine/pkg/model/user.go:102.16,104.3 1 0
github.com/rmcguinness/gemini_task_engine/pkg/model/user.go:105.2,106.12 2 1
github.com/rmcguinness/gemini_task_engine/pkg/model/user.go:110.44,112.16 2 1
github.com/rmcguinness/gemini_task_engine/pkg/model/user.go:112.16,114.3 1 0
github.com/rmcguinness/gemini_task_engine/pkg/model/user.go:115.2,115.35 1 1
github.com/rmcguinness/gemini_task_engine/pkg/model/user.go:115.35,116.34 1 1
github.com/rmcguinness/gemini_task_engine/pkg/model/user.go:116.34,118.4 1 1
github.com/rmcguinness/gemini_task_engine/pkg/model/user.go:120.2,120.16 1 1
github.com/rmcguinness/gemini_task_engine/pkg/model/user.go:124.42,126.16 2 1
github.com/rmcguinness/gemini_task_engine/pkg/model/user.go:126.16,128.3 1 0
github.com/rmcguinness/gemini_task_engine/pkg/model/user.go:129.2,130.31 2 1
github.com/rmcguinness/gemini_task_engine/pkg/model/user.go:134.52,136.16 2 1
github.com/rmcguinness/gemini_task_engine/pkg/model/user.go:136.16,138.3 1 0
github.com/rmcguinness/gemini_task_engine/pkg/model/user.go:139.2,139.44 1 1
github.com/rmcguinness/gemini_task_engine/pkg/model/user.go:139.44,140.34 1 1
github.com/rmcguinness/gemini_task_engine/pkg/model/user.go:140.34,142.4 1 1
github.com/rmcguinness/gemini_task_engine/pkg/model/user.go:144.2,144.16 1 1
github.com/rmcguinness/gemini_task_engine/pkg/model/user.go:148.54,150.16 2 1
github.com/rmcguinness/gemini_task_engine/pkg/model/user.go:150.16,152.3 1 0
github.com/rmcguinness/gemini_task_engine/pkg/model/user.go:153.2,154.31 2 1
github.com/rmcguinness/gemini_task_engine/pkg/model/user.go:158.45,160.16 2 1
github.com/rmcguinness/gemini_task_engine/pkg/model/user.go:160.16,162.3 1 0
github.com/rmcguinness/gemini_task_engine/pkg/model/user.go:163.2,163.37 1 1
github.com/rmcguinness/gemini_task_engine/pkg/model/user.go:163.37,164.34 1 1
github.com/rmcguinness/gemini_task_engine/pkg/model/user.go:164.34,166.4 1 1
github.com/rmcguinness/gemini_task_engine/pkg/model/user.go:168.2,168.16 1 1
github.com/rmcguinness/gemini_task_engine/pkg/model/user.go:172.47,174.16 2 1
github.com/rmcguinness/gemini_task_engine/pkg/model/user.go:174.16,176.3 1 0
github.com/rmcguinness/gemini_task_engine/pkg/model/user.go:177.2,178.31 2 1
github.com/rmcguinness/gemini_task_engine/pkg/model/user.go:182.47,184.16 2 1
github.com/rmcguinness/gemini_task_engine/pkg/model/user.go:184.16,186.3 1 0
github.com/rmcguinness/gemini_task_engine/pkg/model/user.go:187.2,187.41 1 1
github.com/rmcguinness/gemini_task_engine/pkg/model/user.go:187.41,188.30 1 1
github.com/rmcguinness/gemini_task_engine/pkg/model/user.go:188.30,190.4 1 1
github.com/rmcguinness/gemini_task_engine/pkg/model/user.go:192.2,192.19 1 1
github.com/rmcguinness/gemini_task_engine/pkg/model/user.go:196.50,198.16 2 1
github.com/rmcguinness/gemini_task_engine/pkg/model/user.go:198.16,200.3 1 0
github.com/rmcguinness/gemini_task_engine/pkg/model/user.go:201.2,202.31 2 1
github.com/rmcguinness/gemini_task_engine/pkg/model/user.go:218.53,220.17 2 1
github.com/rmcguinness/gemini_task_engine/pkg/model/user.go:220.17,222.3 1 1
github.com/rmcguinness/gemini_task_engine/pkg/model/user.go:222.8,224.3 1 1
github.com/rmcguinness/gemini_task_engine/pkg/model/user.go:228.49,230.2 1 1
github.com/rmcguinness/gemini_task_engine/pkg/model/hooks.go:25.62,27.61 2 1
github.com/rmcguinness/gemini_task_engine/pkg/model/hooks.go:27.61,28.47 1 0
github.com/rmcguinness/gemini_task_engine/pkg/model/hooks.go:28.47,30.4 1 0
github.com/rmcguinness/gemini_task_engine/pkg/model/hooks.go:34.2,35.16 2 1
github.com/rmcguinness/gemini_task_engine/pkg/model/hooks.go:35.16,37.3 1 0
github.com/rmcguinness/gemini_task_engine/pkg/model/hooks.go:40.2,41.81 2 1
github.com/rmcguinness/gemini_task_engine/pkg/model/hooks.go:41.81,43.3 1 0
github.com/rmcguinness/gemini_task_engine/pkg/model/hooks.go:43.8,43.33 1 1
github.com/rmcguinness/gemini_task_engine/pkg/model/hooks.go:43.33,45.3 1 0
github.com/rmcguinness/gemini_task_engine/pkg/model/hooks.go:45.8,45.87 1 1
github.com/rmcguinness/gemini_task_engine/pkg/model/hooks.go:45.87,47.3 1 0
github.com/rmcguinness/gemini_task_engine/pkg/model/hooks.go:47.8,47.36 1 1
github.com/rmcguinness/gemini_task_engine/pkg/model/hooks.go:47.36,49.3 1 0
github.com/rmcguinness/gemini_task_engine/pkg/model/hooks.go:51.2,59.32 2 1
github.com/rmcguinness/gemini_task_engine/pkg/model/types.go:30.47,31.18 1 0
github.com/rmcguinness/gemini_task_engine/pkg/model/types.go:31.18,34.3 2 0
github.com/rmcguinness/gemini_task_engine/pkg/model/types.go:35.2,36.9 2 0
github.com/rmcguinness/gemini_task_engine/pkg/model/types.go:36.9,38.3 1 0
github.com/rmcguinness/gemini_task_engine/pkg/model/types.go:39.2,42.12 4 0
github.com/rmcguinness/gemini_task_engine/pkg/model/types.go:46.46,47.14 1 1
github.com/rmcguinness/gemini_task_engine/pkg/model/types.go:47.14,49.3 1 1
github.com/rmcguinness/gemini_task_engine/pkg/model/types.go:50.2,50.23 1 1
github.com/rmcguinness/gemini_task_engine/pkg/model/types.go:54.50,55.17 1 0
github.com/rmcguinness/gemini_task_engine/pkg/model/types.go:55.17,58.3 2 0
github.com/rmcguinness/gemini_task_engine/pkg/model/types.go:59.2,62.12 4 0
github.com/rmcguinness/gemini_task_engine/pkg/model/types.go:66.46,67.17 1 1
github.com/rmcguinness/gemini_task_engine/pkg/model/types.go:67.17,69.3 1 1
github.com/rmcguinness/gemini_task_engine/pkg/model/types.go:70.2,70.23 1 0
github.com/rmcguinness/gemini_task_engine/pkg/model/types.go:77.55,78.18 1 0
github.com/rmcguinness/gemini_task_engine/pkg/model/types.go:78.18,81.3 2 0
github.com/rmcguinness/gemini_task_engine/pkg/model/types.go:82.2,83.9 2 0
github.com/rmcguinness/gemini_task_engine/pkg/model/types.go:83.9,85.10 2 0
github.com/rmcguinness/gemini_task_engine/pkg/model/types.go:85.10,87.4 1 0
github.com/rmcguinness/gemini_task_engine/pkg/model/types.go:88.3,88.22 1 0
github.com/rmcguinness/gemini_task_engine/pkg/model/types.go:90.2,91.15 2 0
github.com/rmcguinness/gemini_task_engine/pkg/model/types.go:91.15,94.3 2 0
github.com/rmcguinness/gemini_task_engine/pkg/model/types.go:95.2,97.26 3 0
github.com/rmcguinness/gemini_task_engine/pkg/model/types.go:97.26,99.17 2 0
github.com/rmcguinness/gemini_task_engine/pkg/model/types.go:99.17,101.4 1 0
github.com/rmcguinness/gemini_task_engine/pkg/model/types.go:102.3,102.24 1 0
github.com/rmcguinness/gemini_task_engine/pkg/model/types.go:104.2,105.12 2 0
github.com/rmcguinness/gemini_task_engine/pkg/model/types.go:109.54,110.17 1 0
github.com/rmcguinness/gemini_task_engine/pkg/model/types.go:110.17,112.3 1 0
github.com/rmcguinness/gemini_task_engine/pkg/model/types.go:113.2,114.24 2 0
github.com/rmcguinness/gemini_task_engine/pkg/model/types.go:114.24,116.3 1 0
github.com/rmcguinness/gemini_task_engine/pkg/model/types.go:117.2,117.50 1 0
github.com/rmcguinness/gemini_task_engine/pkg/model/user.go:89.65,91.88 2 0
github.com/rmcguinness/gemini_task_engine/pkg/model/user.go:91.88,93.3 1 0
github.com/rmcguinness/gemini_task_engine/pkg/model/user.go:94.2,94.58 1 0
github.com/rmcguinness/gemini_task_engine/pkg/model/user.go:94.58,96.3 1 0
github.com/rmcguinness/gemini_task_engine/pkg/model/user.go:97.2,97.18 1 0
github.com/rmcguinness/gemini_task_engine/pkg/model/user.go:100.66,102.16 2 0
github.com/rmcguinness/gemini_task_engine/pkg/model/user.go:102.16,104.3 1 0
github.com/rmcguinness/gemini_task_engine/pkg/model/user.go:105.2,106.12 2 0
github.com/rmcguinness/gemini_task_engine/pkg/model/user.go:110.44,112.16 2 0
github.com/rmcguinness/gemini_task_engine/pkg/model/user.go:112.16,114.3 1 0
github.com/rmcguinness/gemini_task_engine/pkg/model/user.go:115.2,115.35 1 0
github.com/rmcguinness/gemini_task_engine/pkg/model/user.go:115.35,116.34 1 0
github.com/rmcguinness/gemini_task_engine/pkg/model/user.go:116.34,118.4 1 0
github.com/rmcguinness/gemini_task_engine/pkg/model/user.go:120.2,120.16 1 0
github.com/rmcguinness/gemini_task_engine/pkg/model/user.go:124.42,126.16 2 0
github.com/rmcguinness/gemini_task_engine/pkg/model/user.go:126.16,128.3 1 0
github.com/rmcguinness/gemini_task_engine/pkg/model/user.go:129.2,130.31 2 0
github.com/rmcguinness/gemini_task_engine/pkg/model/user.go:134.52,136.16 2 0
github.com/rmcguinness/gemini_task_engine/pkg/model/user.go:136.16,138.3 1 0
github.com/rmcguinness/gemini_task_engine/pkg/model/user.go:139.2,139.44 1 0
github.com/rmcguinness/gemini_task_engine/pkg/model/user.go:139.44,140.34 1 0
github.com/rmcguinness/gemini_task_engine/pkg/model/user.go:140.34,142.4 1 0
github.com/rmcguinness/gemini_task_engine/pkg/model/user.go:144.2,144.16 1 0
github.com/rmcguinness/gemini_task_engine/pkg/model/user.go:148.54,150.16 2 0
github.com/rmcguinness/gemini_task_engine/pkg/model/user.go:150.16,152.3 1 0
github.com/rmcguinness/gemini_task_engine/pkg/model/user.go:153.2,154.31 2 0
github.com/rmcguinness/gemini_task_engine/pkg/model/user.go:158.45,160.16 2 0
github.com/rmcguinness/gemini_task_engine/pkg/model/user.go:160.16,162.3 1 0
github.com/rmcguinness/gemini_task_engine/pkg/model/user.go:163.2,163.37 1 0
github.com/rmcguinness/gemini_task_engine/pkg/model/user.go:163.37,164.34 1 0
github.com/rmcguinness/gemini_task_engine/pkg/model/user.go:164.34,166.4 1 0
github.com/rmcguinness/gemini_task_engine/pkg/model/user.go:168.2,168.16 1 0
github.com/rmcguinness/gemini_task_engine/pkg/model/user.go:172.47,174.16 2 0
github.com/rmcguinness/gemini_task_engine/pkg/model/user.go:174.16,176.3 1 0
github.com/rmcguinness/gemini_task_engine/pkg/model/user.go:177.2,178.31 2 0
github.com/rmcguinness/gemini_task_engine/pkg/model/user.go:182.47,184.16 2 0
github.com/rmcguinness/gemini_task_engine/pkg/model/user.go:184.16,186.3 1 0
github.com/rmcguinness/gemini_task_engine/pkg/model/user.go:187.2,187.41 1 0
github.com/rmcguinness/gemini_task_engine/pkg/model/user.go:187.41,188.30 1 0
github.com/rmcguinness/gemini_task_engine/pkg/model/user.go:188.30,190.4 1 0
github.com/rmcguinness/gemini_task_engine/pkg/model/user.go:192.2,192.19 1 0
github.com/rmcguinness/gemini_task_engine/pkg/model/user.go:196.50,198.16 2 0
github.com/rmcguinness/gemini_task_engine/pkg/model/user.go:198.16,200.3 1 0
github.com/rmcguinness/gemini_task_engine/pkg/model/user.go:201.2,202.31 2 0
github.com/rmcguinness/gemini_task_engine/pkg/model/user.go:218.53,220.17 2 0
github.com/rmcguinness/gemini_task_engine/pkg/model/user.go:220.17,222.3 1 0
github.com/rmcguinness/gemini_task_engine/pkg/model/user.go:222.8,224.3 1 0
github.com/rmcguinness/gemini_task_engine/pkg/model/user.go:228.49,230.2 1 0
github.com/rmcguinness/gemini_task_engine/pkg/persistence/db.go:46.45,50.32 3 0
github.com/rmcguinness/gemini_task_engine/pkg/persistence/db.go:50.32,52.49 2 0
github.com/rmcguinness/gemini_task_engine/pkg/persistence/db.go:52.49,54.24 2 0
github.com/rmcguinness/gemini_task_engine/pkg/persistence/db.go:54.24,56.5 1 0
github.com/rmcguinness/gemini_task_engine/pkg/persistence/db.go:58.4,59.18 2 0
github.com/rmcguinness/gemini_task_engine/pkg/persistence/db.go:59.18,61.5 1 0
github.com/rmcguinness/gemini_task_engine/pkg/persistence/db.go:62.4,63.24 2 0
github.com/rmcguinness/gemini_task_engine/pkg/persistence/db.go:63.24,65.5 1 0
github.com/rmcguinness/gemini_task_engine/pkg/persistence/db.go:66.4,66.26 1 0
github.com/rmcguinness/gemini_task_engine/pkg/persistence/db.go:66.26,68.5 1 0
github.com/rmcguinness/gemini_task_engine/pkg/persistence/db.go:70.4,71.21 2 0
github.com/rmcguinness/gemini_task_engine/pkg/persistence/db.go:71.21,73.5 1 0
github.com/rmcguinness/gemini_task_engine/pkg/persistence/db.go:75.4,75.79 1 0
github.com/rmcguinness/gemini_task_engine/pkg/persistence/db.go:75.79,77.5 1 0
github.com/rmcguinness/gemini_task_engine/pkg/persistence/db.go:79.4,82.23 2 0
github.com/rmcguinness/gemini_task_engine/pkg/persistence/db.go:83.9,85.4 1 0
github.com/rmcguinness/gemini_task_engine/pkg/persistence/db.go:86.8,86.53 1 0
github.com/rmcguinness/gemini_task_engine/pkg/persistence/db.go:86.53,88.23 2 0
github.com/rmcguinness/gemini_task_engine/pkg/persistence/db.go:88.23,90.4 1 0
github.com/rmcguinness/gemini_task_engine/pkg/persistence/db.go:92.3,93.17 2 0
github.com/rmcguinness/gemini_task_engine/pkg/persistence/db.go:93.17,95.4 1 0
github.com/rmcguinness/gemini_task_engine/pkg/persistence/db.go:96.3,97.23 2 0
github.com/rmcguinness/gemini_task_engine/pkg/persistence/db.go:97.23,99.4 1 0
github.com/rmcguinness/gemini_task_engine/pkg/persistence/db.go:100.3,100.25 1 0
github.com/rmcguinness/gemini_task_engine/pkg/persistence/db.go:100.25,102.4 1 0
github.com/rmcguinness/gemini_task_engine/pkg/persistence/db.go:104.3,105.20 2 0
github.com/rmcguinness/gemini_task_engine/pkg/persistence/db.go:105.20,107.4 1 0
github.com/rmcguinness/gemini_task_engine/pkg/persistence/db.go:109.3,109.78 1 0
github.com/rmcguinness/gemini_task_engine/pkg/persistence/db.go:109.78,111.4 1 0
github.com/rmcguinness/gemini_task_engine/pkg/persistence/db.go:113.3,116.22 2 0
github.com/rmcguinness/gemini_task_engine/pkg/persistence/db.go:117.8,121.3 2 0
github.com/rmcguinness/gemini_task_engine/pkg/persistence/db.go:123.2,123.16 1 0
github.com/rmcguinness/gemini_task_engine/pkg/persistence/db.go:123.16,125.3 1 0
github.com/rmcguinness/gemini_task_engine/pkg/persistence/db.go:128.2,129.20 2 0
github.com/rmcguinness/gemini_task_engine/pkg/persistence/db.go:129.20,133.3 3 0
github.com/rmcguinness/gemini_task_engine/pkg/persistence/db.go:135.2,135.16 1 0
github.com/rmcguinness/gemini_task_engine/pkg/persistence/db.go:143.96,145.2 1 0
github.com/rmcguinness/gemini_task_engine/pkg/persistence/db.go:147.115,149.2 1 0
github.com/rmcguinness/gemini_task_engine/pkg/persistence/db.go:151.115,153.2 1 0
github.com/rmcguinness/gemini_task_engine/pkg/persistence/db.go:155.108,157.2 1 0
github.com/rmcguinness/gemini_task_engine/pkg/persistence/db.go:160.48,165.2 2 0
github.com/rmcguinness/gemini_task_engine/pkg/persistence/organization.go:40.68,42.2 1 0
github.com/rmcguinness/gemini_task_engine/pkg/persistence/organization.go:44.91,46.2 1 0
github.com/rmcguinness/gemini_task_engine/pkg/persistence/organization.go:48.104,52.2 3 0
github.com/rmcguinness/gemini_task_engine/pkg/persistence/organization.go:54.91,56.2 1 0
github.com/rmcguinness/gemini_task_engine/pkg/persistence/organization.go:58.79,60.2 1 0
github.com/rmcguinness/gemini_task_engine/pkg/persistence/organization.go:62.100,65.2 2 0
github.com/rmcguinness/gemini_task_engine/pkg/persistence/organization.go:67.91,71.2 3 0
github.com/rmcguinness/gemini_task_engine/pkg/persistence/organization.go:73.115,77.2 3 0
github.com/rmcguinness/gemini_task_engine/pkg/persistence/shift_agent_session.go:40.78,42.2 1 0
github.com/rmcguinness/gemini_task_engine/pkg/persistence/shift_agent_session.go:44.101,46.2 1 0
github.com/rmcguinness/gemini_task_engine/pkg/persistence/shift_agent_session.go:48.114,52.2 3 0
github.com/rmcguinness/gemini_task_engine/pkg/persistence/shift_agent_session.go:54.142,58.2 3 0
github.com/rmcguinness/gemini_task_engine/pkg/persistence/shift_agent_session.go:60.101,62.2 1 0
github.com/rmcguinness/gemini_task_engine/pkg/persistence/shift_agent_session.go:64.101,68.2 3 0
github.com/rmcguinness/gemini_task_engine/pkg/persistence/shift_agent_session.go:70.125,74.2 3 0
github.com/rmcguinness/gemini_task_engine/pkg/persistence/shift_agent_session.go:76.84,78.2 1 0
github.com/rmcguinness/gemini_task_engine/pkg/persistence/site.go:51.52,53.2 1 0
github.com/rmcguinness/gemini_task_engine/pkg/persistence/site.go:55.75,57.2 1 0
github.com/rmcguinness/gemini_task_engine/pkg/persistence/site.go:59.88,63.2 3 0
github.com/rmcguinness/gemini_task_engine/pkg/persistence/site.go:65.75,67.2 1 0
github.com/rmcguinness/gemini_task_engine/pkg/persistence/site.go:69.71,71.2 1 0
github.com/rmcguinness/gemini_task_engine/pkg/persistence/site.go:73.75,75.64 2 0
github.com/rmcguinness/gemini_task_engine/pkg/persistence/site.go:75.64,77.3 1 0
github.com/rmcguinness/gemini_task_engine/pkg/persistence/site.go:78.2,78.18 1 0
github.com/rmcguinness/gemini_task_engine/pkg/persistence/site.go:81.99,83.92 2 0
github.com/rmcguinness/gemini_task_engine/pkg/persistence/site.go:83.92,85.3 1 0
github.com/rmcguinness/gemini_task_engine/pkg/persistence/site.go:86.2,86.18 1 0
github.com/rmcguinness/gemini_task_engine/pkg/persistence/site.go:89.87,91.2 1 0
github.com/rmcguinness/gemini_task_engine/pkg/persistence/site.go:93.100,97.2 3 0
github.com/rmcguinness/gemini_task_engine/pkg/persistence/site.go:99.87,101.2 1 0
github.com/rmcguinness/gemini_task_engine/pkg/persistence/site.go:103.79,105.2 1 0
github.com/rmcguinness/gemini_task_engine/pkg/persistence/site.go:107.88,111.2 3 0
github.com/rmcguinness/gemini_task_engine/pkg/persistence/site.go:113.112,117.2 3 0
github.com/rmcguinness/gemini_task_engine/pkg/persistence/site.go:119.81,121.2 1 0
github.com/rmcguinness/gemini_task_engine/pkg/persistence/site.go:123.94,127.2 3 0
github.com/rmcguinness/gemini_task_engine/pkg/persistence/site.go:129.81,131.2 1 0
github.com/rmcguinness/gemini_task_engine/pkg/persistence/site.go:133.76,135.2 1 0
github.com/rmcguinness/gemini_task_engine/pkg/persistence/site.go:137.82,141.2 3 0
github.com/rmcguinness/gemini_task_engine/pkg/persistence/site.go:143.106,147.2 3 0
github.com/rmcguinness/gemini_task_engine/pkg/persistence/sop.go:47.50,49.2 1 0
github.com/rmcguinness/gemini_task_engine/pkg/persistence/sop.go:51.73,53.2 1 0
github.com/rmcguinness/gemini_task_engine/pkg/persistence/sop.go:55.86,59.2 3 0
github.com/rmcguinness/gemini_task_engine/pkg/persistence/sop.go:61.73,63.2 1 0
github.com/rmcguinness/gemini_task_engine/pkg/persistence/sop.go:65.87,67.2 1 0
github.com/rmcguinness/gemini_task_engine/pkg/persistence/sop.go:69.100,73.2 3 0
github.com/rmcguinness/gemini_task_engine/pkg/persistence/sop.go:75.87,77.2 1 0
github.com/rmcguinness/gemini_task_engine/pkg/persistence/sop.go:79.91,81.2 1 0
github.com/rmcguinness/gemini_task_engine/pkg/persistence/sop.go:83.131,91.2 3 0
github.com/rmcguinness/gemini_task_engine/pkg/persistence/sop.go:93.73,97.2 3 0
github.com/rmcguinness/gemini_task_engine/pkg/persistence/sop.go:99.97,103.2 3 0
github.com/rmcguinness/gemini_task_engine/pkg/persistence/sop.go:105.70,107.2 1 0
github.com/rmcguinness/gemini_task_engine/pkg/persistence/sop.go:109.89,113.2 3 0
github.com/rmcguinness/gemini_task_engine/pkg/persistence/sop.go:115.113,119.2 3 0
github.com/rmcguinness/gemini_task_engine/pkg/persistence/sop.go:121.77,123.2 1 0
github.com/rmcguinness/gemini_task_engine/pkg/persistence/task.go:40.52,42.2 1 0
github.com/rmcguinness/gemini_task_engine/pkg/persistence/task.go:44.75,46.2 1 0
github.com/rmcguinness/gemini_task_engine/pkg/persistence/task.go:48.88,52.2 3 0
github.com/rmcguinness/gemini_task_engine/pkg/persistence/task.go:54.75,56.2 1 0
github.com/rmcguinness/gemini_task_engine/pkg/persistence/task.go:58.71,60.2 1 0
github.com/rmcguinness/gemini_task_engine/pkg/persistence/task.go:62.99,64.2 1 0
github.com/rmcguinness/gemini_task_engine/pkg/persistence/task.go:66.75,70.2 3 0
github.com/rmcguinness/gemini_task_engine/pkg/persistence/task.go:72.99,76.2 3 0
github.com/rmcguinness/gemini_task_engine/pkg/persistence/task_execution.go:49.70,51.2 1 0
github.com/rmcguinness/gemini_task_engine/pkg/persistence/task_execution.go:53.93,55.2 1 0
github.com/rmcguinness/gemini_task_engine/pkg/persistence/task_execution.go:57.106,61.2 3 0
github.com/rmcguinness/gemini_task_engine/pkg/persistence/task_execution.go:63.93,65.2 1 0
github.com/rmcguinness/gemini_task_engine/pkg/persistence/task_execution.go:67.112,81.2 3 0
github.com/rmcguinness/gemini_task_engine/pkg/persistence/task_execution.go:83.114,97.2 3 0
github.com/rmcguinness/gemini_task_engine/pkg/persistence/task_execution.go:99.128,105.100 4 0
github.com/rmcguinness/gemini_task_engine/pkg/persistence/task_execution.go:105.100,106.35 1 0
github.com/rmcguinness/gemini_task_engine/pkg/persistence/task_execution.go:106.35,107.92 1 0
github.com/rmcguinness/gemini_task_engine/pkg/persistence/task_execution.go:107.92,109.10 2 0
github.com/rmcguinness/gemini_task_engine/pkg/persistence/task_execution.go:115.2,123.15 2 0
github.com/rmcguinness/gemini_task_engine/pkg/persistence/task_execution.go:123.15,129.3 2 0
github.com/rmcguinness/gemini_task_engine/pkg/persistence/task_execution.go:132.2,135.18 2 0
github.com/rmcguinness/gemini_task_engine/pkg/persistence/task_execution.go:138.94,140.2 1 0
github.com/rmcguinness/gemini_task_engine/pkg/persistence/task_execution.go:142.107,146.2 3 0
github.com/rmcguinness/gemini_task_engine/pkg/persistence/task_execution.go:148.94,150.2 1 0
github.com/rmcguinness/gemini_task_engine/pkg/persistence/task_execution.go:152.124,156.2 3 0
github.com/rmcguinness/gemini_task_engine/pkg/persistence/task_execution.go:158.130,162.2 3 0
github.com/rmcguinness/gemini_task_engine/pkg/persistence/task_execution.go:164.103,166.2 1 0
github.com/rmcguinness/gemini_task_engine/pkg/persistence/task_execution.go:168.93,172.2 3 0
github.com/rmcguinness/gemini_task_engine/pkg/persistence/task_execution.go:174.117,178.2 3 0
github.com/rmcguinness/gemini_task_engine/pkg/persistence/task_execution.go:180.80,182.2 1 0
github.com/rmcguinness/gemini_task_engine/pkg/persistence/task_execution.go:184.109,194.2 3 0
github.com/rmcguinness/gemini_task_engine/pkg/persistence/user.go:48.52,50.2 1 0
github.com/rmcguinness/gemini_task_engine/pkg/persistence/user.go:52.75,54.2 1 0
github.com/rmcguinness/gemini_task_engine/pkg/persistence/user.go:56.88,60.2 3 0
github.com/rmcguinness/gemini_task_engine/pkg/persistence/user.go:62.75,64.2 1 0
github.com/rmcguinness/gemini_task_engine/pkg/persistence/user.go:66.84,69.2 2 0
github.com/rmcguinness/gemini_task_engine/pkg/persistence/user.go:71.75,75.2 3 0
github.com/rmcguinness/gemini_task_engine/pkg/persistence/user.go:77.99,81.2 3 0
github.com/rmcguinness/gemini_task_engine/pkg/persistence/user.go:83.71,85.2 1 0
github.com/rmcguinness/gemini_task_engine/pkg/persistence/user.go:87.108,99.2 3 0
github.com/rmcguinness/gemini_task_engine/pkg/persistence/user.go:101.82,103.2 1 0
github.com/rmcguinness/gemini_task_engine/pkg/persistence/user.go:105.92,109.2 3 0
github.com/rmcguinness/gemini_task_engine/pkg/persistence/user.go:111.82,113.2 1 0
github.com/rmcguinness/gemini_task_engine/pkg/persistence/user.go:115.75,117.2 1 0
github.com/rmcguinness/gemini_task_engine/pkg/persistence/user.go:119.80,123.2 3 0
github.com/rmcguinness/gemini_task_engine/pkg/persistence/user.go:125.104,129.2 3 0
github.com/rmcguinness/gemini_task_engine/pkg/persistence/user.go:131.106,135.2 3 0
github.com/rmcguinness/gemini_task_engine/pkg/service/admin.go:99.16,106.2 1 0
github.com/rmcguinness/gemini_task_engine/pkg/service/admin.go:108.82,110.2 1 0
github.com/rmcguinness/gemini_task_engine/pkg/service/admin.go:112.89,114.2 1 0
github.com/rmcguinness/gemini_task_engine/pkg/service/admin.go:116.80,118.2 1 0
github.com/rmcguinness/gemini_task_engine/pkg/service/admin.go:120.73,122.2 1 0
github.com/rmcguinness/gemini_task_engine/pkg/service/admin.go:124.78,126.2 1 0
github.com/rmcguinness/gemini_task_engine/pkg/service/admin.go:128.102,130.2 1 0
github.com/rmcguinness/gemini_task_engine/pkg/service/admin.go:132.85,134.2 1 0
github.com/rmcguinness/gemini_task_engine/pkg/service/admin.go:136.108,138.2 1 0
github.com/rmcguinness/gemini_task_engine/pkg/service/admin.go:140.80,142.2 1 0
github.com/rmcguinness/gemini_task_engine/pkg/service/admin.go:144.89,146.2 1 0
github.com/rmcguinness/gemini_task_engine/pkg/service/admin.go:148.80,150.2 1 0
github.com/rmcguinness/gemini_task_engine/pkg/service/admin.go:152.73,154.2 1 0
github.com/rmcguinness/gemini_task_engine/pkg/service/admin.go:156.78,158.2 1 0
github.com/rmcguinness/gemini_task_engine/pkg/service/admin.go:160.102,162.2 1 0
github.com/rmcguinness/gemini_task_engine/pkg/service/admin.go:164.97,166.2 1 0
github.com/rmcguinness/gemini_task_engine/pkg/service/admin.go:168.105,170.2 1 0
github.com/rmcguinness/gemini_task_engine/pkg/service/admin.go:172.95,174.2 1 0
github.com/rmcguinness/gemini_task_engine/pkg/service/admin.go:176.81,178.2 1 0
github.com/rmcguinness/gemini_task_engine/pkg/service/admin.go:180.98,182.2 1 0
github.com/rmcguinness/gemini_task_engine/pkg/service/admin.go:184.94,186.2 1 0
github.com/rmcguinness/gemini_task_engine/pkg/service/admin.go:188.118,190.2 1 0
github.com/rmcguinness/gemini_task_engine/pkg/service/admin.go:192.82,194.2 1 0
github.com/rmcguinness/gemini_task_engine/pkg/service/admin.go:196.89,198.2 1 0
github.com/rmcguinness/gemini_task_engine/pkg/service/admin.go:200.80,202.2 1 0
github.com/rmcguinness/gemini_task_engine/pkg/service/admin.go:204.73,206.2 1 0
github.com/rmcguinness/gemini_task_engine/pkg/service/admin.go:208.78,210.2 1 0
github.com/rmcguinness/gemini_task_engine/pkg/service/admin.go:212.102,214.2 1 0
github.com/rmcguinness/gemini_task_engine/pkg/service/admin.go:216.89,218.2 1 0
github.com/rmcguinness/gemini_task_engine/pkg/service/admin.go:220.97,222.2 1 0
github.com/rmcguinness/gemini_task_engine/pkg/service/admin.go:224.87,226.2 1 0
github.com/rmcguinness/gemini_task_engine/pkg/service/admin.go:228.77,230.2 1 0
github.com/rmcguinness/gemini_task_engine/pkg/service/admin.go:232.86,234.2 1 0
github.com/rmcguinness/gemini_task_engine/pkg/service/admin.go:236.110,238.2 1 0
github.com/rmcguinness/gemini_task_engine/pkg/service/admin.go:240.85,242.2 1 0
github.com/rmcguinness/gemini_task_engine/pkg/service/admin.go:244.91,246.2 1 0
github.com/rmcguinness/gemini_task_engine/pkg/service/admin.go:248.83,250.2 1 0
github.com/rmcguinness/gemini_task_engine/pkg/service/admin.go:252.74,254.2 1 0
github.com/rmcguinness/gemini_task_engine/pkg/service/admin.go:256.80,258.2 1 0
github.com/rmcguinness/gemini_task_engine/pkg/service/admin.go:260.104,262.2 1 0
github.com/rmcguinness/gemini_task_engine/pkg/service/admin.go:264.88,266.2 1 0
github.com/rmcguinness/gemini_task_engine/pkg/service/admin.go:268.97,270.2 1 0
github.com/rmcguinness/gemini_task_engine/pkg/service/admin.go:272.88,274.2 1 0
github.com/rmcguinness/gemini_task_engine/pkg/service/admin.go:276.81,278.2 1 0
github.com/rmcguinness/gemini_task_engine/pkg/service/admin.go:280.86,282.2 1 0
github.com/rmcguinness/gemini_task_engine/pkg/service/admin.go:284.110,286.2 1 0
github.com/rmcguinness/gemini_task_engine/pkg/service/automation.go:57.21,66.2 1 1
github.com/rmcguinness/gemini_task_engine/pkg/service/automation.go:68.124,69.27 1 1
github.com/rmcguinness/gemini_task_engine/pkg/service/automation.go:69.27,71.3 1 1
github.com/rmcguinness/gemini_task_engine/pkg/service/automation.go:77.2,88.39 4 1
github.com/rmcguinness/gemini_task_engine/pkg/service/automation.go:88.39,92.17 3 1
github.com/rmcguinness/gemini_task_engine/pkg/service/automation.go:92.17,107.65 3 1
github.com/rmcguinness/gemini_task_engine/pkg/service/automation.go:107.65,109.5 1 0
github.com/rmcguinness/gemini_task_engine/pkg/service/automation.go:111.3,111.44 1 1
github.com/rmcguinness/gemini_task_engine/pkg/service/automation.go:114.2,115.37 2 1
github.com/rmcguinness/gemini_task_engine/pkg/service/automation.go:115.37,127.59 3 1
github.com/rmcguinness/gemini_task_engine/pkg/service/automation.go:127.59,129.4 1 0
github.com/rmcguinness/gemini_task_engine/pkg/service/automation.go:130.3,130.49 1 1
github.com/rmcguinness/gemini_task_engine/pkg/service/automation.go:133.2,133.26 1 1
github.com/rmcguinness/gemini_task_engine/pkg/service/automation.go:142.33,143.58 1 1
github.com/rmcguinness/gemini_task_engine/pkg/service/automation.go:143.58,145.3 1 1
github.com/rmcguinness/gemini_task_engine/pkg/service/automation.go:149.2,152.19 3 1
github.com/rmcguinness/gemini_task_engine/pkg/service/automation.go:153.33,155.65 2 1
github.com/rmcguinness/gemini_task_engine/pkg/service/automation.go:156.34,158.65 2 1
github.com/rmcguinness/gemini_task_engine/pkg/service/automation.go:159.37,161.65 2 0
github.com/rmcguinness/gemini_task_engine/pkg/service/automation.go:162.10,164.65 2 0
github.com/rmcguinness/gemini_task_engine/pkg/service/automation.go:168.2,169.16 2 1
github.com/rmcguinness/gemini_task_engine/pkg/service/automation.go:169.16,174.20 3 1
github.com/rmcguinness/gemini_task_engine/pkg/service/automation.go:175.34,181.5 2 1
github.com/rmcguinness/gemini_task_engine/pkg/service/automation.go:182.35,188.5 2 1
github.com/rmcguinness/gemini_task_engine/pkg/service/automation.go:189.38,194.5 2 0
github.com/rmcguinness/gemini_task_engine/pkg/service/automation.go:195.11,200.5 2 0
github.com/rmcguinness/gemini_task_engine/pkg/service/automation.go:203.3,214.64 3 1
github.com/rmcguinness/gemini_task_engine/pkg/service/automation.go:214.64,216.4 1 0
github.com/rmcguinness/gemini_task_engine/pkg/service/automation.go:223.2,228.35 4 1
github.com/rmcguinness/gemini_task_engine/pkg/service/automation.go:228.35,230.41 2 1
github.com/rmcguinness/gemini_task_engine/pkg/service/automation.go:230.41,232.4 1 1
github.com/rmcguinness/gemini_task_engine/pkg/service/automation.go:235.2,236.32 2 1
github.com/rmcguinness/gemini_task_engine/pkg/service/automation.go:236.32,238.3 1 1
github.com/rmcguinness/gemini_task_engine/pkg/service/automation.go:241.2,253.58 3 1
github.com/rmcguinness/gemini_task_engine/pkg/service/automation.go:253.58,255.3 1 0
github.com/rmcguinness/gemini_task_engine/pkg/service/automation.go:257.2,257.23 1 1
github.com/rmcguinness/gemini_task_engine/pkg/service/automation.go:260.87,262.2 1 0
github.com/rmcguinness/gemini_task_engine/pkg/service/rag.go:44.56,46.2 1 0
github.com/rmcguinness/gemini_task_engine/pkg/service/rag.go:48.119,52.28 3 0
github.com/rmcguinness/gemini_task_engine/pkg/service/rag.go:52.28,54.3 1 0
github.com/rmcguinness/gemini_task_engine/pkg/service/rag.go:55.2,55.27 1 0
github.com/rmcguinness/gemini_task_engine/pkg/service/rag.go:55.27,57.3 1 0
github.com/rmcguinness/gemini_task_engine/pkg/service/rag.go:58.2,58.20 1 0
github.com/rmcguinness/gemini_task_engine/pkg/service/rag.go:71.69,73.2 1 1
github.com/rmcguinness/gemini_task_engine/pkg/service/rag.go:75.70,77.2 1 0
github.com/rmcguinness/gemini_task_engine/pkg/service/rag.go:108.99,114.2 1 1
github.com/rmcguinness/gemini_task_engine/pkg/service/rag.go:117.128,123.2 1 1
github.com/rmcguinness/gemini_task_engine/pkg/service/rag.go:125.77,127.2 1 0
github.com/rmcguinness/gemini_task_engine/pkg/service/rag.go:129.86,131.2 1 0
github.com/rmcguinness/gemini_task_engine/pkg/service/rag.go:133.124,135.2 1 0
github.com/rmcguinness/gemini_task_engine/pkg/service/rag.go:137.132,138.39 1 1
github.com/rmcguinness/gemini_task_engine/pkg/service/rag.go:138.39,140.3 1 1
github.com/rmcguinness/gemini_task_engine/pkg/service/rag.go:142.2,147.51 2 1
github.com/rmcguinness/gemini_task_engine/pkg/service/rag.go:147.51,149.3 1 0
github.com/rmcguinness/gemini_task_engine/pkg/service/rag.go:151.2,162.62 4 1
github.com/rmcguinness/gemini_task_engine/pkg/service/rag.go:162.62,164.3 1 0
github.com/rmcguinness/gemini_task_engine/pkg/service/rag.go:167.2,169.26 2 1
github.com/rmcguinness/gemini_task_engine/pkg/service/rag.go:172.87,173.17 1 1
github.com/rmcguinness/gemini_task_engine/pkg/service/rag.go:173.17,175.3 1 1
github.com/rmcguinness/gemini_task_engine/pkg/service/rag.go:177.2,178.16 2 1
github.com/rmcguinness/gemini_task_engine/pkg/service/rag.go:178.16,180.3 1 1
github.com/rmcguinness/gemini_task_engine/pkg/service/rag.go:182.2,183.93 2 1
github.com/rmcguinness/gemini_task_engine/pkg/service/rag.go:183.93,184.61 1 1
github.com/rmcguinness/gemini_task_engine/pkg/service/rag.go:184.61,186.4 1 1
github.com/rmcguinness/gemini_task_engine/pkg/service/rag.go:187.8,190.3 1 0
github.com/rmcguinness/gemini_task_engine/pkg/service/rag.go:193.2,194.51 2 1
github.com/rmcguinness/gemini_task_engine/pkg/service/rag.go:194.51,195.17 1 1
github.com/rmcguinness/gemini_task_engine/pkg/service/rag.go:195.17,197.4 1 0
github.com/rmcguinness/gemini_task_engine/pkg/service/rag.go:198.3,198.81 1 1
github.com/rmcguinness/gemini_task_engine/pkg/service/rag.go:200.2,203.29 3 1
github.com/rmcguinness/gemini_task_engine/pkg/service/rag.go:203.29,207.43 3 1
github.com/rmcguinness/gemini_task_engine/pkg/service/rag.go:207.43,208.32 1 1
github.com/rmcguinness/gemini_task_engine/pkg/service/rag.go:208.32,210.5 1 1
github.com/rmcguinness/gemini_task_engine/pkg/service/rag.go:211.9,211.61 1 0
github.com/rmcguinness/gemini_task_engine/pkg/service/rag.go:211.61,212.62 1 0
github.com/rmcguinness/gemini_task_engine/pkg/service/rag.go:212.62,213.51 1 0
github.com/rmcguinness/gemini_task_engine/pkg/service/rag.go:213.51,215.6 1 0
github.com/rmcguinness/gemini_task_engine/pkg/service/rag.go:218.8,223.44 4 1
github.com/rmcguinness/gemini_task_engine/pkg/service/rag.go:223.44,225.4 1 1
github.com/rmcguinness/gemini_task_engine/pkg/service/rag.go:225.9,228.61 2 1
github.com/rmcguinness/gemini_task_engine/pkg/service/rag.go:228.61,231.19 3 1
github.com/rmcguinness/gemini_task_engine/pkg/service/rag.go:231.19,234.46 3 1
github.com/rmcguinness/gemini_task_engine/pkg/service/rag.go:234.46,236.7 1 1
github.com/rmcguinness/gemini_task_engine/pkg/service/rag.go:242.2,242.13 1 1
github.com/rmcguinness/gemini_task_engine/pkg/service/rag.go:242.13,254.63 4 1
github.com/rmcguinness/gemini_task_engine/pkg/service/rag.go:254.63,256.4 1 0
github.com/rmcguinness/gemini_task_engine/pkg/service/rag.go:258.3,259.19 2 1
github.com/rmcguinness/gemini_task_engine/pkg/service/rag.go:263.2,266.51 4 1
github.com/rmcguinness/gemini_task_engine/pkg/service/rag.go:266.51,268.3 1 0
github.com/rmcguinness/gemini_task_engine/pkg/service/rag.go:270.2,270.19 1 1
github.com/rmcguinness/gemini_task_engine/pkg/service/rag.go:273.87,275.46 2 1
github.com/rmcguinness/gemini_task_engine/pkg/service/rag.go:275.46,276.17 1 1
github.com/rmcguinness/gemini_task_engine/pkg/service/rag.go:276.17,278.4 1 0
github.com/rmcguinness/gemini_task_engine/pkg/service/rag.go:279.3,280.9 2 1
github.com/rmcguinness/gemini_task_engine/pkg/service/rag.go:284.2,285.51 2 1
github.com/rmcguinness/gemini_task_engine/pkg/service/rag.go:285.51,286.17 1 1
github.com/rmcguinness/gemini_task_engine/pkg/service/rag.go:286.17,288.4 1 1
github.com/rmcguinness/gemini_task_engine/pkg/service/rag.go:289.3,290.9 2 1
github.com/rmcguinness/gemini_task_engine/pkg/service/rag.go:292.2,294.38 2 1
github.com/rmcguinness/gemini_task_engine/pkg/service/rag.go:294.38,297.3 2 1
github.com/rmcguinness/gemini_task_engine/pkg/service/rag.go:299.2,300.16 2 1
github.com/rmcguinness/gemini_task_engine/pkg/service/rag.go:300.16,303.3 2 0
github.com/rmcguinness/gemini_task_engine/pkg/service/rag.go:306.2,308.48 3 1
github.com/rmcguinness/gemini_task_engine/pkg/service/rag.go:308.48,310.3 1 1
github.com/rmcguinness/gemini_task_engine/pkg/service/rag.go:310.8,310.61 1 1
github.com/rmcguinness/gemini_task_engine/pkg/service/rag.go:310.61,312.3 1 1
github.com/rmcguinness/gemini_task_engine/pkg/service/rag.go:312.8,312.132 1 1
github.com/rmcguinness/gemini_task_engine/pkg/service/rag.go:312.132,314.3 1 0
github.com/rmcguinness/gemini_task_engine/pkg/service/rag.go:314.8,314.59 1 1
github.com/rmcguinness/gemini_task_engine/pkg/service/rag.go:314.59,316.3 1 0
github.com/rmcguinness/gemini_task_engine/pkg/service/rag.go:318.2,321.24 3 1
github.com/rmcguinness/gemini_task_engine/pkg/service/rag.go:321.24,323.20 2 1
github.com/rmcguinness/gemini_task_engine/pkg/service/rag.go:323.20,324.62 1 1
github.com/rmcguinness/gemini_task_engine/pkg/service/rag.go:324.62,326.5 1 1
github.com/rmcguinness/gemini_task_engine/pkg/service/rag.go:328.3,328.23 1 1
github.com/rmcguinness/gemini_task_engine/pkg/service/rag.go:328.23,330.65 2 1
github.com/rmcguinness/gemini_task_engine/pkg/service/rag.go:330.65,332.5 1 0
github.com/rmcguinness/gemini_task_engine/pkg/service/rag.go:334.3,334.23 1 1
github.com/rmcguinness/gemini_task_engine/pkg/service/rag.go:334.23,337.4 2 1
github.com/rmcguinness/gemini_task_engine/pkg/service/rag.go:338.8,341.3 2 1
github.com/rmcguinness/gemini_task_engine/pkg/service/rag.go:344.2,347.27 2 1
github.com/rmcguinness/gemini_task_engine/pkg/service/rag.go:347.27,350.3 2 0
github.com/rmcguinness/gemini_task_engine/pkg/service/rag.go:351.2,355.45 4 1
github.com/rmcguinness/gemini_task_engine/pkg/service/rag.go:355.45,357.23 2 1
github.com/rmcguinness/gemini_task_engine/pkg/service/rag.go:357.23,359.4 1 1
github.com/rmcguinness/gemini_task_engine/pkg/service/rag.go:360.3,364.17 3 1
github.com/rmcguinness/gemini_task_engine/pkg/service/rag.go:364.17,367.4 2 0
github.com/rmcguinness/gemini_task_engine/pkg/service/rag.go:369.3,375.5 1 1
github.com/rmcguinness/gemini_task_engine/pkg/service/rag.go:379.2,379.60 1 1
github.com/rmcguinness/gemini_task_engine/pkg/service/rag.go:379.60,382.3 2 0
github.com/rmcguinness/gemini_task_engine/pkg/service/rag.go:385.2,396.16 3 1
github.com/rmcguinness/gemini_task_engine/pkg/service/rag.go:396.16,399.3 2 0
github.com/rmcguinness/gemini_task_engine/pkg/service/rag.go:401.2,402.51 2 1
github.com/rmcguinness/gemini_task_engine/pkg/service/rag.go:402.51,405.3 2 0
github.com/rmcguinness/gemini_task_engine/pkg/service/rag.go:408.2,409.34 2 1
github.com/rmcguinness/gemini_task_engine/pkg/service/rag.go:409.34,411.3 1 1
github.com/rmcguinness/gemini_task_engine/pkg/service/rag.go:412.2,414.43 3 1
github.com/rmcguinness/gemini_task_engine/pkg/service/rag.go:417.77,419.39 2 1
github.com/rmcguinness/gemini_task_engine/pkg/service/rag.go:419.39,421.3 1 1
github.com/rmcguinness/gemini_task_engine/pkg/service/rag.go:423.2,425.43 3 1
github.com/rmcguinness/gemini_task_engine/pkg/service/rag.go:428.63,430.24 2 1
github.com/rmcguinness/gemini_task_engine/pkg/service/rag.go:430.24,434.3 2 1
github.com/rmcguinness/gemini_task_engine/pkg/service/rag.go:435.2,435.31 1 1
github.com/rmcguinness/gemini_task_engine/pkg/service/rag.go:438.85,440.2 1 1
github.com/rmcguinness/gemini_task_engine/pkg/service/rag.go:442.74,444.2 1 1
github.com/rmcguinness/gemini_task_engine/pkg/service/rag.go:446.98,448.2 1 1
github.com/rmcguinness/gemini_task_engine/pkg/service/rag.go:450.70,452.2 1 1
github.com/rmcguinness/gemini_task_engine/pkg/service/rag.go:454.96,456.2 1 1
github.com/rmcguinness/gemini_task_engine/pkg/service/rag.go:458.86,460.2 1 1
github.com/rmcguinness/gemini_task_engine/pkg/service/rag.go:462.110,464.2 1 1
github.com/rmcguinness/gemini_task_engine/pkg/service/rag.go:466.74,468.2 1 1
github.com/rmcguinness/gemini_task_engine/pkg/service/scheduler.go:57.137,59.16 2 0
github.com/rmcguinness/gemini_task_engine/pkg/service/scheduler.go:59.16,61.3 1 0
github.com/rmcguinness/gemini_task_engine/pkg/service/scheduler.go:62.2,63.16 2 0
github.com/rmcguinness/gemini_task_engine/pkg/service/scheduler.go:63.16,65.3 1 0
github.com/rmcguinness/gemini_task_engine/pkg/service/scheduler.go:66.2,68.16 3 0
github.com/rmcguinness/gemini_task_engine/pkg/service/scheduler.go:68.16,71.3 2 0
github.com/rmcguinness/gemini_task_engine/pkg/service/scheduler.go:72.2,72.14 1 0
github.com/rmcguinness/gemini_task_engine/pkg/service/scheduler.go:72.14,75.3 2 0
github.com/rmcguinness/gemini_task_engine/pkg/service/scheduler.go:76.2,77.19 2 0
github.com/rmcguinness/gemini_task_engine/pkg/service/scheduler.go:80.120,81.18 1 0
github.com/rmcguinness/gemini_task_engine/pkg/service/scheduler.go:81.18,86.3 4 0
github.com/rmcguinness/gemini_task_engine/pkg/service/scheduler.go:87.2,87.12 1 0
github.com/rmcguinness/gemini_task_engine/pkg/service/scheduler.go:90.110,91.17 1 0
github.com/rmcguinness/gemini_task_engine/pkg/service/scheduler.go:91.17,93.3 1 0
github.com/rmcguinness/gemini_task_engine/pkg/service/scheduler.go:94.2,107.19 5 0
github.com/rmcguinness/gemini_task_engine/pkg/service/scheduler.go:110.145,112.67 2 0
github.com/rmcguinness/gemini_task_engine/pkg/service/scheduler.go:112.67,122.17 2 0
github.com/rmcguinness/gemini_task_engine/pkg/service/scheduler.go:122.17,124.4 1 0
github.com/rmcguinness/gemini_task_engine/pkg/service/scheduler.go:125.3,125.26 1 0
github.com/rmcguinness/gemini_task_engine/pkg/service/scheduler.go:125.26,127.33 2 0
github.com/rmcguinness/gemini_task_engine/pkg/service/scheduler.go:127.33,129.5 1 0
github.com/rmcguinness/gemini_task_engine/pkg/service/scheduler.go:130.4,138.14 3 0
github.com/rmcguinness/gemini_task_engine/pkg/service/scheduler.go:140.3,140.13 1 0
github.com/rmcguinness/gemini_task_engine/pkg/service/scheduler.go:142.2,142.24 1 0
github.com/rmcguinness/gemini_task_engine/pkg/service/scheduler.go:145.146,147.67 2 0
github.com/rmcguinness/gemini_task_engine/pkg/service/scheduler.go:147.67,156.17 2 0
github.com/rmcguinness/gemini_task_engine/pkg/service/scheduler.go:156.17,158.4 1 0
github.com/rmcguinness/gemini_task_engine/pkg/service/scheduler.go:159.3,159.25 1 0
github.com/rmcguinness/gemini_task_engine/pkg/service/scheduler.go:159.25,161.32 2 0
github.com/rmcguinness/gemini_task_engine/pkg/service/scheduler.go:161.32,163.5 1 0
github.com/rmcguinness/gemini_task_engine/pkg/service/scheduler.go:164.4,172.14 3 0
github.com/rmcguinness/gemini_task_engine/pkg/service/scheduler.go:174.3,174.13 1 0
github.com/rmcguinness/gemini_task_engine/pkg/service/scheduler.go:176.2,176.23 1 0
github.com/rmcguinness/gemini_task_engine/pkg/service/scheduler.go:192.76,193.15 1 0
github.com/rmcguinness/gemini_task_engine/pkg/service/scheduler.go:193.15,195.3 1 0
github.com/rmcguinness/gemini_task_engine/pkg/service/scheduler.go:196.2,197.16 2 0
github.com/rmcguinness/gemini_task_engine/pkg/service/scheduler.go:197.16,200.3 2 0
github.com/rmcguinness/gemini_task_engine/pkg/service/scheduler.go:201.2,201.10 1 0
github.com/rmcguinness/gemini_task_engine/pkg/service/scheduler.go:204.48,205.14 1 0
github.com/rmcguinness/gemini_task_engine/pkg/service/scheduler.go:205.14,207.3 1 0
github.com/rmcguinness/gemini_task_engine/pkg/service/scheduler.go:208.2,208.12 1 0
github.com/rmcguinness/gemini_task_engine/pkg/service/scheduler.go:273.141,275.2 1 0
github.com/rmcguinness/gemini_task_engine/pkg/service/scheduler.go:278.172,310.2 10 0
github.com/rmcguinness/gemini_task_engine/pkg/service/scheduler.go:313.181,334.2 2 1
github.com/rmcguinness/gemini_task_engine/pkg/service/scheduler.go:336.44,338.2 1 1
github.com/rmcguinness/gemini_task_engine/pkg/service/scheduler.go:340.49,345.2 4 1
github.com/rmcguinness/gemini_task_engine/pkg/service/scheduler.go:347.53,349.2 1 1
github.com/rmcguinness/gemini_task_engine/pkg/service/scheduler.go:351.44,355.2 3 1
github.com/rmcguinness/gemini_task_engine/pkg/service/scheduler.go:357.56,361.2 3 1
github.com/rmcguinness/gemini_task_engine/pkg/service/scheduler.go:363.61,365.15 2 0
github.com/rmcguinness/gemini_task_engine/pkg/service/scheduler.go:365.15,368.3 2 0
github.com/rmcguinness/gemini_task_engine/pkg/service/scheduler.go:369.2,388.12 13 0
github.com/rmcguinness/gemini_task_engine/pkg/service/scheduler.go:391.41,393.16 2 0
github.com/rmcguinness/gemini_task_engine/pkg/service/scheduler.go:393.16,396.3 2 0
github.com/rmcguinness/gemini_task_engine/pkg/service/scheduler.go:397.2,402.25 4 0
github.com/rmcguinness/gemini_task_engine/pkg/service/scheduler.go:402.25,404.3 1 0
github.com/rmcguinness/gemini_task_engine/pkg/service/scheduler.go:406.2,411.12 4 0
github.com/rmcguinness/gemini_task_engine/pkg/service/scheduler.go:414.78,415.19 1 0
github.com/rmcguinness/gemini_task_engine/pkg/service/scheduler.go:415.19,417.3 1 0
github.com/rmcguinness/gemini_task_engine/pkg/service/scheduler.go:418.2,419.42 2 0
github.com/rmcguinness/gemini_task_engine/pkg/service/scheduler.go:425.68,430.6 4 0
github.com/rmcguinness/gemini_task_engine/pkg/service/scheduler.go:430.6,431.10 1 0
github.com/rmcguinness/gemini_task_engine/pkg/service/scheduler.go:432.21,433.10 1 0
github.com/rmcguinness/gemini_task_engine/pkg/service/scheduler.go:434.19,435.32 1 0
github.com/rmcguinness/gemini_task_engine/pkg/service/scheduler.go:440.71,444.25 3 1
github.com/rmcguinness/gemini_task_engine/pkg/service/scheduler.go:444.25,446.30 2 0
github.com/rmcguinness/gemini_task_engine/pkg/service/scheduler.go:446.30,449.4 2 0
github.com/rmcguinness/gemini_task_engine/pkg/service/scheduler.go:450.3,450.32 1 0
github.com/rmcguinness/gemini_task_engine/pkg/service/scheduler.go:453.2,454.16 2 1
github.com/rmcguinness/gemini_task_engine/pkg/service/scheduler.go:454.16,457.3 2 0
github.com/rmcguinness/gemini_task_engine/pkg/service/scheduler.go:459.2,459.14 1 1
github.com/rmcguinness/gemini_task_engine/pkg/service/scheduler.go:459.14,462.3 2 1
github.com/rmcguinness/gemini_task_engine/pkg/service/scheduler.go:462.8,464.3 1 1
github.com/rmcguinness/gemini_task_engine/pkg/service/scheduler.go:467.48,471.2 3 1
github.com/rmcguinness/gemini_task_engine/pkg/service/scheduler.go:473.56,474.25 1 1
github.com/rmcguinness/gemini_task_engine/pkg/service/scheduler.go:474.25,477.3 2 1
github.com/rmcguinness/gemini_task_engine/pkg/service/scheduler.go:478.2,478.29 1 1
github.com/rmcguinness/gemini_task_engine/pkg/service/scheduler.go:481.60,487.2 5 1
github.com/rmcguinness/gemini_task_engine/pkg/service/scheduler.go:492.69,497.6 4 0
github.com/rmcguinness/gemini_task_engine/pkg/service/scheduler.go:497.6,498.10 1 0
github.com/rmcguinness/gemini_task_engine/pkg/service/scheduler.go:499.21,500.10 1 0
github.com/rmcguinness/gemini_task_engine/pkg/service/scheduler.go:501.19,502.31 1 0
github.com/rmcguinness/gemini_task_engine/pkg/service/scheduler.go:507.70,510.16 3 1
github.com/rmcguinness/gemini_task_engine/pkg/service/scheduler.go:510.16,513.3 2 0
github.com/rmcguinness/gemini_task_engine/pkg/service/scheduler.go:515.2,515.26 1 1
github.com/rmcguinness/gemini_task_engine/pkg/service/scheduler.go:515.26,517.3 1 0
github.com/rmcguinness/gemini_task_engine/pkg/service/scheduler.go:519.2,526.34 6 1
github.com/rmcguinness/gemini_task_engine/pkg/service/scheduler.go:526.34,528.3 1 1
github.com/rmcguinness/gemini_task_engine/pkg/service/scheduler.go:531.95,532.15 1 1
github.com/rmcguinness/gemini_task_engine/pkg/service/scheduler.go:532.15,536.3 3 0
github.com/rmcguinness/gemini_task_engine/pkg/service/scheduler.go:538.2,540.9 2 1
github.com/rmcguinness/gemini_task_engine/pkg/service/scheduler.go:541.20,542.9 1 0
github.com/rmcguinness/gemini_task_engine/pkg/service/scheduler.go:543.44,543.44 0 0
github.com/rmcguinness/gemini_task_engine/pkg/service/scheduler.go:546.2,554.16 8 0
github.com/rmcguinness/gemini_task_engine/pkg/service/scheduler.go:554.16,557.3 2 0
github.com/rmcguinness/gemini_task_engine/pkg/service/scheduler.go:559.2,562.102 4 0
github.com/rmcguinness/gemini_task_engine/pkg/service/scheduler.go:568.75,573.6 4 0
github.com/rmcguinness/gemini_task_engine/pkg/service/scheduler.go:573.6,574.10 1 0
github.com/rmcguinness/gemini_task_engine/pkg/service/scheduler.go:575.21,576.10 1 0
github.com/rmcguinness/gemini_task_engine/pkg/service/scheduler.go:577.19,578.36 1 0
github.com/rmcguinness/gemini_task_engine/pkg/service/scheduler.go:583.75,586.16 3 0
github.com/rmcguinness/gemini_task_engine/pkg/service/scheduler.go:586.16,589.3 2 0
github.com/rmcguinness/gemini_task_engine/pkg/service/scheduler.go:591.2,591.25 1 0
github.com/rmcguinness/gemini_task_engine/pkg/service/scheduler.go:591.25,593.3 1 0
github.com/rmcguinness/gemini_task_engine/pkg/service/scheduler.go:595.2,597.33 2 0
github.com/rmcguinness/gemini_task_engine/pkg/service/scheduler.go:597.33,598.32 1 0
github.com/rmcguinness/gemini_task_engine/pkg/service/scheduler.go:598.32,600.4 1 0
github.com/rmcguinness/gemini_task_engine/pkg/service/scheduler.go:607.72,612.6 4 0
github.com/rmcguinness/gemini_task_engine/pkg/service/scheduler.go:612.6,613.10 1 0
github.com/rmcguinness/gemini_task_engine/pkg/service/scheduler.go:614.21,615.10 1 0
github.com/rmcguinness/gemini_task_engine/pkg/service/scheduler.go:616.19,617.20 1 0
github.com/rmcguinness/gemini_task_engine/pkg/service/scheduler.go:617.20,619.5 1 0
github.com/rmcguinness/gemini_task_engine/pkg/service/scheduler.go:624.75,632.16 4 1
github.com/rmcguinness/gemini_task_engine/pkg/service/scheduler.go:632.16,635.3 2 0
github.com/rmcguinness/gemini_task_engine/pkg/service/scheduler.go:637.2,637.30 1 1
github.com/rmcguinness/gemini_task_engine/pkg/service/scheduler.go:637.30,640.40 2 1
github.com/rmcguinness/gemini_task_engine/pkg/service/scheduler.go:640.40,645.41 4 1
github.com/rmcguinness/gemini_task_engine/pkg/service/scheduler.go:645.41,650.5 4 1
github.com/rmcguinness/gemini_task_engine/pkg/service/scheduler.go:650.10,658.5 7 1
github.com/rmcguinness/gemini_task_engine/pkg/service/scheduler.go:660.4,660.46 1 1
github.com/rmcguinness/gemini_task_engine/pkg/service/scheduler.go:665.2,669.16 3 1
github.com/rmcguinness/gemini_task_engine/pkg/service/scheduler.go:669.16,672.3 2 0
github.com/rmcguinness/gemini_task_engine/pkg/service/scheduler.go:674.2,674.29 1 1
github.com/rmcguinness/gemini_task_engine/pkg/service/scheduler.go:674.29,677.39 2 1
github.com/rmcguinness/gemini_task_engine/pkg/service/scheduler.go:677.39,682.41 4 1
github.com/rmcguinness/gemini_task_engine/pkg/service/scheduler.go:682.41,687.5 4 1
github.com/rmcguinness/gemini_task_engine/pkg/service/scheduler.go:687.10,692.5 4 1
github.com/rmcguinness/gemini_task_engine/pkg/service/scheduler.go:694.4,694.46 1 1
github.com/rmcguinness/gemini_task_engine/pkg/service/scheduler.go:702.77,707.6 4 0
github.com/rmcguinness/gemini_task_engine/pkg/service/scheduler.go:707.6,708.10 1 0
github.com/rmcguinness/gemini_task_engine/pkg/service/scheduler.go:709.21,710.10 1 0
github.com/rmcguinness/gemini_task_engine/pkg/service/scheduler.go:711.19,712.20 1 0
github.com/rmcguinness/gemini_task_engine/pkg/service/scheduler.go:712.20,715.5 2 0
github.com/rmcguinness/gemini_task_engine/pkg/service/scheduler.go:720.72,723.16 3 0
github.com/rmcguinness/gemini_task_engine/pkg/service/scheduler.go:723.16,726.3 2 0
github.com/rmcguinness/gemini_task_engine/pkg/service/scheduler.go:728.2,728.27 1 0
github.com/rmcguinness/gemini_task_engine/pkg/service/scheduler.go:728.27,730.17 2 0
github.com/rmcguinness/gemini_task_engine/pkg/service/scheduler.go:730.17,732.12 2 0
github.com/rmcguinness/gemini_task_engine/pkg/service/scheduler.go:734.3,734.14 1 0
github.com/rmcguinness/gemini_task_engine/pkg/service/scheduler.go:734.14,736.4 1 0
github.com/rmcguinness/gemini_task_engine/pkg/service/scheduler.go:740.82,747.16 4 0
github.com/rmcguinness/gemini_task_engine/pkg/service/scheduler.go:747.16,749.3 1 0
github.com/rmcguinness/gemini_task_engine/pkg/service/scheduler.go:751.2,751.37 1 0
github.com/rmcguinness/gemini_task_engine/pkg/service/scheduler.go:751.37,761.17 3 0
github.com/rmcguinness/gemini_task_engine/pkg/service/scheduler.go:761.17,763.12 2 0
github.com/rmcguinness/gemini_task_engine/pkg/service/scheduler.go:767.3,772.30 3 0
github.com/rmcguinness/gemini_task_engine/pkg/service/scheduler.go:772.30,774.12 1 0
github.com/rmcguinness/gemini_task_engine/pkg/service/scheduler.go:778.3,779.17 2 0
github.com/rmcguinness/gemini_task_engine/pkg/service/scheduler.go:779.17,781.4 1 0
github.com/rmcguinness/gemini_task_engine/pkg/service/scheduler.go:781.9,783.4 1 0
github.com/rmcguinness/gemini_task_engine/pkg/service/scheduler.go:785.2,785.12 1 0
github.com/rmcguinness/gemini_task_engine/pkg/service/scheduler.go:788.60,794.2 5 0
github.com/rmcguinness/gemini_task_engine/pkg/service/shift.go:44.125,49.2 1 1
github.com/rmcguinness/gemini_task_engine/pkg/service/shift.go:51.127,54.54 2 1
github.com/rmcguinness/gemini_task_engine/pkg/service/shift.go:54.54,56.3 1 1
github.com/rmcguinness/gemini_task_engine/pkg/service/shift.go:59.2,60.16 2 1
github.com/rmcguinness/gemini_task_engine/pkg/service/shift.go:60.16,62.3 1 1
github.com/rmcguinness/gemini_task_engine/pkg/service/shift.go:65.2,71.16 3 1
github.com/rmcguinness/gemini_task_engine/pkg/service/shift.go:71.16,73.3 1 0
github.com/rmcguinness/gemini_task_engine/pkg/service/shift.go:75.2,83.62 2 1
github.com/rmcguinness/gemini_task_engine/pkg/service/shift.go:83.62,85.3 1 0
github.com/rmcguinness/gemini_task_engine/pkg/service/shift.go:87.2,87.24 1 1
github.com/rmcguinness/gemini_task_engine/pkg/service/shift.go:90.99,92.2 1 0
github.com/rmcguinness/gemini_task_engine/pkg/service/shift.go:94.84,96.2 1 0
github.com/rmcguinness/gemini_task_engine/pkg/service/shift.go:98.106,100.2 1 0
github.com/rmcguinness/gemini_task_engine/pkg/service/shift.go:103.96,105.2 1 1
github.com/rmcguinness/gemini_task_engine/pkg/service/shift.go:107.105,109.2 1 1
github.com/rmcguinness/gemini_task_engine/pkg/service/shift.go:111.94,113.2 1 1
github.com/rmcguinness/gemini_task_engine/pkg/service/shift.go:115.118,117.2 1 1
github.com/rmcguinness/gemini_task_engine/pkg/service/shift.go:119.76,121.2 1 1
github.com/rmcguinness/gemini_task_engine/pkg/service/task.go:57.116,62.2 1 1
github.com/rmcguinness/gemini_task_engine/pkg/service/task.go:64.100,66.2 1 1
github.com/rmcguinness/gemini_task_engine/pkg/service/task.go:68.83,70.2 1 1
github.com/rmcguinness/gemini_task_engine/pkg/service/task.go:72.102,74.2 1 1
github.com/rmcguinness/gemini_task_engine/pkg/service/task.go:76.116,78.2 1 1
github.com/rmcguinness/gemini_task_engine/pkg/service/task.go:80.115,85.16 3 1
github.com/rmcguinness/gemini_task_engine/pkg/service/task.go:85.16,87.3 1 0
github.com/rmcguinness/gemini_task_engine/pkg/service/task.go:89.2,93.16 3 1
github.com/rmcguinness/gemini_task_engine/pkg/service/task.go:94.21,95.34 1 1
github.com/rmcguinness/gemini_task_engine/pkg/service/task.go:95.34,98.4 2 1
github.com/rmcguinness/gemini_task_engine/pkg/service/task.go:98.9,98.40 1 1
github.com/rmcguinness/gemini_task_engine/pkg/service/task.go:98.40,100.28 1 1
github.com/rmcguinness/gemini_task_engine/pkg/service/task.go:100.28,104.5 3 1
github.com/rmcguinness/gemini_task_engine/pkg/service/task.go:105.4,105.31 1 1
github.com/rmcguinness/gemini_task_engine/pkg/service/task.go:107.16,108.38 1 1
github.com/rmcguinness/gemini_task_engine/pkg/service/task.go:108.38,111.4 2 1
github.com/rmcguinness/gemini_task_engine/pkg/service/task.go:112.19,114.26 2 1
github.com/rmcguinness/gemini_task_engine/pkg/service/task.go:118.2,118.26 1 1
github.com/rmcguinness/gemini_task_engine/pkg/service/task.go:118.26,125.90 2 1
github.com/rmcguinness/gemini_task_engine/pkg/service/task.go:125.90,127.36 2 1
github.com/rmcguinness/gemini_task_engine/pkg/service/task.go:127.36,128.82 1 1
github.com/rmcguinness/gemini_task_engine/pkg/service/task.go:128.82,131.46 2 1
github.com/rmcguinness/gemini_task_engine/pkg/service/task.go:131.46,133.37 2 1
github.com/rmcguinness/gemini_task_engine/pkg/service/task.go:133.37,135.28 1 1
github.com/rmcguinness/gemini_task_engine/pkg/service/task.go:136.21,140.23 4 1
github.com/rmcguinness/gemini_task_engine/pkg/service/task.go:141.21,144.23 3 1
github.com/rmcguinness/gemini_task_engine/pkg/service/task.go:145.22,146.83 1 1
github.com/rmcguinness/gemini_task_engine/pkg/service/task.go:146.83,147.80 1 1
github.com/rmcguinness/gemini_task_engine/pkg/service/task.go:147.80,151.67 3 1
github.com/rmcguinness/gemini_task_engine/pkg/service/task.go:151.67,153.12 1 1
github.com/rmcguinness/gemini_task_engine/pkg/service/task.go:154.11,154.81 1 1
github.com/rmcguinness/gemini_task_engine/pkg/service/task.go:157.9,159.23 3 1
github.com/rmcguinness/gemini_task_engine/pkg/service/task.go:160.24,168.82 6 1
github.com/rmcguinness/gemini_task_engine/pkg/service/task.go:168.82,169.78 1 1
github.com/rmcguinness/gemini_task_engine/pkg/service/task.go:169.78,173.67 3 1
github.com/rmcguinness/gemini_task_engine/pkg/service/task.go:173.67,175.12 1 1
github.com/rmcguinness/gemini_task_engine/pkg/service/task.go:176.11,180.59 3 1
github.com/rmcguinness/gemini_task_engine/pkg/service/task.go:180.59,182.12 1 1
github.com/rmcguinness/gemini_task_engine/pkg/service/task.go:183.11,183.71 1 1
github.com/rmcguinness/gemini_task_engine/pkg/service/task.go:187.8,187.13 1 1
github.com/rmcguinness/gemini_task_engine/pkg/service/task.go:190.6,190.17 1 1
github.com/rmcguinness/gemini_task_engine/pkg/service/task.go:190.17,193.7 2 1
github.com/rmcguinness/gemini_task_engine/pkg/service/task.go:196.9,199.4 1 1
github.com/rmcguinness/gemini_task_engine/pkg/service/task.go:202.2,202.45 1 1
github.com/rmcguinness/gemini_task_engine/pkg/service/task.go:206.126,210.16 3 1
github.com/rmcguinness/gemini_task_engine/pkg/service/task.go:210.16,212.3 1 1
github.com/rmcguinness/gemini_task_engine/pkg/service/task.go:214.2,215.16 2 1
github.com/rmcguinness/gemini_task_engine/pkg/service/task.go:215.16,217.3 1 1
github.com/rmcguinness/gemini_task_engine/pkg/service/task.go:220.2,221.33 2 1
github.com/rmcguinness/gemini_task_engine/pkg/service/task.go:221.33,222.68 1 1
github.com/rmcguinness/gemini_task_engine/pkg/service/task.go:222.68,224.4 1 0
github.com/rmcguinness/gemini_task_engine/pkg/service/task.go:225.8,227.3 1 0
github.com/rmcguinness/gemini_task_engine/pkg/service/task.go:230.2,238.16 3 1
github.com/rmcguinness/gemini_task_engine/pkg/service/task.go:238.16,240.3 1 0
github.com/rmcguinness/gemini_task_engine/pkg/service/task.go:241.2,244.45 2 1
github.com/rmcguinness/gemini_task_engine/pkg/service/task.go:247.116,251.16 3 1
github.com/rmcguinness/gemini_task_engine/pkg/service/task.go:251.16,253.3 1 1
github.com/rmcguinness/gemini_task_engine/pkg/service/task.go:255.2,255.32 1 1
github.com/rmcguinness/gemini_task_engine/pkg/service/task.go:255.32,257.3 1 1
github.com/rmcguinness/gemini_task_engine/pkg/service/task.go:258.2,258.36 1 1
github.com/rmcguinness/gemini_task_engine/pkg/service/task.go:258.36,260.3 1 1
github.com/rmcguinness/gemini_task_engine/pkg/service/task.go:262.2,263.30 2 1
github.com/rmcguinness/gemini_task_engine/pkg/service/task.go:263.30,265.3 1 1
github.com/rmcguinness/gemini_task_engine/pkg/service/task.go:267.2,274.67 2 1
github.com/rmcguinness/gemini_task_engine/pkg/service/task.go:274.67,276.3 1 0
github.com/rmcguinness/gemini_task_engine/pkg/service/task.go:278.2,279.61 2 1
github.com/rmcguinness/gemini_task_engine/pkg/service/task.go:279.61,281.3 1 0
github.com/rmcguinness/gemini_task_engine/pkg/service/task.go:283.2,283.12 1 1
github.com/rmcguinness/gemini_task_engine/pkg/service/task.go:286.93,290.16 3 1
github.com/rmcguinness/gemini_task_engine/pkg/service/task.go:290.16,292.3 1 1
github.com/rmcguinness/gemini_task_engine/pkg/service/task.go:294.2,294.31 1 1
github.com/rmcguinness/gemini_task_engine/pkg/service/task.go:294.31,296.3 1 0
github.com/rmcguinness/gemini_task_engine/pkg/service/task.go:298.2,299.16 2 1
github.com/rmcguinness/gemini_task_engine/pkg/service/task.go:299.16,301.3 1 1
github.com/rmcguinness/gemini_task_engine/pkg/service/task.go:304.2,307.61 3 1
github.com/rmcguinness/gemini_task_engine/pkg/service/task.go:307.61,309.3 1 0
github.com/rmcguinness/gemini_task_engine/pkg/service/task.go:311.2,312.51 2 1
github.com/rmcguinness/gemini_task_engine/pkg/service/task.go:315.105,317.2 1 1
github.com/rmcguinness/gemini_task_engine/pkg/service/task.go:319.92,323.16 3 1
github.com/rmcguinness/gemini_task_engine/pkg/service/task.go:323.16,325.3 1 1
github.com/rmcguinness/gemini_task_engine/pkg/service/task.go:327.2,327.31 1 1
github.com/rmcguinness/gemini_task_engine/pkg/service/task.go:327.31,329.3 1 1
github.com/rmcguinness/gemini_task_engine/pkg/service/task.go:331.2,331.82 1 1
github.com/rmcguinness/gemini_task_engine/pkg/service/task.go:331.82,333.3 1 1
github.com/rmcguinness/gemini_task_engine/pkg/service/task.go:335.2,336.16 2 1
github.com/rmcguinness/gemini_task_engine/pkg/service/task.go:336.16,338.3 1 0
github.com/rmcguinness/gemini_task_engine/pkg/service/task.go:341.2,345.34 3 1
github.com/rmcguinness/gemini_task_engine/pkg/service/task.go:345.34,347.73 2 1
github.com/rmcguinness/gemini_task_engine/pkg/service/task.go:347.73,348.35 1 1
github.com/rmcguinness/gemini_task_engine/pkg/service/task.go:348.35,349.57 1 1
github.com/rmcguinness/gemini_task_engine/pkg/service/task.go:349.57,351.11 2 1
github.com/rmcguinness/gemini_task_engine/pkg/service/task.go:356.2,356.23 1 1
github.com/rmcguinness/gemini_task_engine/pkg/service/task.go:356.23,358.3 1 1
github.com/rmcguinness/gemini_task_engine/pkg/service/task.go:358.8,360.3 1 1
github.com/rmcguinness/gemini_task_engine/pkg/service/task.go:362.2,362.61 1 1
github.com/rmcguinness/gemini_task_engine/pkg/service/task.go:362.61,364.3 1 0
github.com/rmcguinness/gemini_task_engine/pkg/service/task.go:366.2,367.51 2 1
github.com/rmcguinness/gemini_task_engine/pkg/service/task.go:370.92,374.16 3 1
github.com/rmcguinness/gemini_task_engine/pkg/service/task.go:374.16,376.3 1 1
github.com/rmcguinness/gemini_task_engine/pkg/service/task.go:378.2,378.31 1 1
github.com/rmcguinness/gemini_task_engine/pkg/service/task.go:378.31,380.3 1 1
github.com/rmcguinness/gemini_task_engine/pkg/service/task.go:382.2,382.82 1 1
github.com/rmcguinness/gemini_task_engine/pkg/service/task.go:382.82,384.3 1 1
github.com/rmcguinness/gemini_task_engine/pkg/service/task.go:386.2,387.16 2 1
github.com/rmcguinness/gemini_task_engine/pkg/service/task.go:387.16,389.3 1 1
github.com/rmcguinness/gemini_task_engine/pkg/service/task.go:392.2,393.34 2 1
github.com/rmcguinness/gemini_task_engine/pkg/service/task.go:393.34,395.73 2 1
github.com/rmcguinness/gemini_task_engine/pkg/service/task.go:395.73,396.35 1 1
github.com/rmcguinness/gemini_task_engine/pkg/service/task.go:396.35,397.57 1 1
github.com/rmcguinness/gemini_task_engine/pkg/service/task.go:397.57,399.11 2 1
github.com/rmcguinness/gemini_task_engine/pkg/service/task.go:404.2,404.23 1 1
github.com/rmcguinness/gemini_task_engine/pkg/service/task.go:404.23,406.3 1 1
github.com/rmcguinness/gemini_task_engine/pkg/service/task.go:406.8,408.3 1 1
github.com/rmcguinness/gemini_task_engine/pkg/service/task.go:410.2,410.61 1 1
github.com/rmcguinness/gemini_task_engine/pkg/service/task.go:410.61,412.3 1 0
github.com/rmcguinness/gemini_task_engine/pkg/service/task.go:414.2,415.51 2 1
github.com/rmcguinness/gemini_task_engine/pkg/service/task.go:418.110,422.16 3 1
github.com/rmcguinness/gemini_task_engine/pkg/service/task.go:422.16,424.3 1 1
github.com/rmcguinness/gemini_task_engine/pkg/service/task.go:427.2,427.32 1 1
github.com/rmcguinness/gemini_task_engine/pkg/service/task.go:427.32,429.3 1 1
github.com/rmcguinness/gemini_task_engine/pkg/service/task.go:432.2,433.36 2 1
github.com/rmcguinness/gemini_task_engine/pkg/service/task.go:433.36,437.17 3 1
github.com/rmcguinness/gemini_task_engine/pkg/service/task.go:437.17,439.4 1 1
github.com/rmcguinness/gemini_task_engine/pkg/service/task.go:445.3,446.34 2 1
github.com/rmcguinness/gemini_task_engine/pkg/service/task.go:446.34,448.4 1 1
github.com/rmcguinness/gemini_task_engine/pkg/service/task.go:448.9,448.80 1 1
github.com/rmcguinness/gemini_task_engine/pkg/service/task.go:448.80,450.4 1 0
github.com/rmcguinness/gemini_task_engine/pkg/service/task.go:450.9,450.49 1 1
github.com/rmcguinness/gemini_task_engine/pkg/service/task.go:450.49,452.4 1 1
github.com/rmcguinness/gemini_task_engine/pkg/service/task.go:452.9,452.76 1 1
github.com/rmcguinness/gemini_task_engine/pkg/service/task.go:452.76,454.4 1 0
github.com/rmcguinness/gemini_task_engine/pkg/service/task.go:454.9,455.36 1 1
github.com/rmcguinness/gemini_task_engine/pkg/service/task.go:455.36,456.39 1 1
github.com/rmcguinness/gemini_task_engine/pkg/service/task.go:456.39,458.11 2 0
github.com/rmcguinness/gemini_task_engine/pkg/service/task.go:463.3,463.20 1 1
github.com/rmcguinness/gemini_task_engine/pkg/service/task.go:463.20,465.4 1 1
github.com/rmcguinness/gemini_task_engine/pkg/service/task.go:466.8,471.69 2 1
github.com/rmcguinness/gemini_task_engine/pkg/service/task.go:471.69,473.4 1 1
github.com/rmcguinness/gemini_task_engine/pkg/service/task.go:473.9,474.36 1 1
github.com/rmcguinness/gemini_task_engine/pkg/service/task.go:474.36,475.39 1 1
github.com/rmcguinness/gemini_task_engine/pkg/service/task.go:475.39,477.11 2 1
github.com/rmcguinness/gemini_task_engine/pkg/service/task.go:482.3,482.20 1 1
github.com/rmcguinness/gemini_task_engine/pkg/service/task.go:482.20,484.4 1 1
github.com/rmcguinness/gemini_task_engine/pkg/service/task.go:488.2,492.34 3 1
github.com/rmcguinness/gemini_task_engine/pkg/service/task.go:492.34,494.73 2 1
github.com/rmcguinness/gemini_task_engine/pkg/service/task.go:494.73,495.35 1 1
github.com/rmcguinness/gemini_task_engine/pkg/service/task.go:495.35,496.57 1 1
github.com/rmcguinness/gemini_task_engine/pkg/service/task.go:496.57,498.11 2 1
github.com/rmcguinness/gemini_task_engine/pkg/service/task.go:503.2,503.23 1 1
github.com/rmcguinness/gemini_task_engine/pkg/service/task.go:503.23,505.3 1 1
github.com/rmcguinness/gemini_task_engine/pkg/service/task.go:505.8,507.3 1 1
github.com/rmcguinness/gemini_task_engine/pkg/service/task.go:510.2,510.61 1 1
github.com/rmcguinness/gemini_task_engine/pkg/service/task.go:510.61,512.3 1 0
github.com/rmcguinness/gemini_task_engine/pkg/service/task.go:515.2,515.18 1 1
github.com/rmcguinness/gemini_task_engine/pkg/service/task.go:515.18,517.73 2 1
github.com/rmcguinness/gemini_task_engine/pkg/service/task.go:517.73,519.4 1 0
github.com/rmcguinness/gemini_task_engine/pkg/service/task.go:520.3,520.52 1 1
github.com/rmcguinness/gemini_task_engine/pkg/service/task.go:523.2,523.12 1 1
github.com/rmcguinness/gemini_task_engine/pkg/service/task.go:526.103,528.16 2 1
github.com/rmcguinness/gemini_task_engine/pkg/service/task.go:528.16,530.3 1 0
github.com/rmcguinness/gemini_task_engine/pkg/service/task.go:531.2,532.32 2 1
github.com/rmcguinness/gemini_task_engine/pkg/service/task.go:532.32,534.3 1 1
github.com/rmcguinness/gemini_task_engine/pkg/service/task.go:535.2,535.18 1 1
github.com/rmcguinness/gemini_task_engine/pkg/service/task.go:538.96,540.2 1 1
github.com/rmcguinness/gemini_task_engine/pkg/service/task.go:542.106,544.2 1 1
github.com/rmcguinness/gemini_task_engine/pkg/service/task.go:546.97,548.2 1 1
github.com/rmcguinness/gemini_task_engine/pkg/service/task.go:550.95,552.2 1 1
github.com/rmcguinness/gemini_task_engine/pkg/service/task.go:554.119,556.2 1 1
github.com/rmcguinness/gemini_task_engine/pkg/service/task.go:558.81,560.2 1 1
github.com/rmcguinness/gemini_task_engine/pkg/service/translation.go:65.93,69.16 3 0
github.com/rmcguinness/gemini_task_engine/pkg/service/translation.go:69.16,71.3 1 0
github.com/rmcguinness/gemini_task_engine/pkg/service/translation.go:73.2,74.16 2 0
github.com/rmcguinness/gemini_task_engine/pkg/service/translation.go:74.16,77.3 2 0
github.com/rmcguinness/gemini_task_engine/pkg/service/translation.go:79.2,80.16 2 0
github.com/rmcguinness/gemini_task_engine/pkg/service/translation.go:80.16,84.3 3 0
github.com/rmcguinness/gemini_task_engine/pkg/service/translation.go:86.2,91.8 1 0
github.com/rmcguinness/gemini_task_engine/pkg/service/translation.go:94.142,97.16 2 0
github.com/rmcguinness/gemini_task_engine/pkg/service/translation.go:97.16,99.3 1 0
github.com/rmcguinness/gemini_task_engine/pkg/service/translation.go:102.2,103.35 2 0
github.com/rmcguinness/gemini_task_engine/pkg/service/translation.go:103.35,105.3 1 0
github.com/rmcguinness/gemini_task_engine/pkg/service/translation.go:108.2,109.16 2 0
github.com/rmcguinness/gemini_task_engine/pkg/service/translation.go:109.16,111.3 1 0
github.com/rmcguinness/gemini_task_engine/pkg/service/translation.go:114.2,115.16 2 0
github.com/rmcguinness/gemini_task_engine/pkg/service/translation.go:115.16,117.3 1 0
github.com/rmcguinness/gemini_task_engine/pkg/service/translation.go:120.2,123.20 3 0
github.com/rmcguinness/gemini_task_engine/pkg/service/translation.go:123.20,131.3 1 0
github.com/rmcguinness/gemini_task_engine/pkg/service/translation.go:131.8,134.3 1 0
github.com/rmcguinness/gemini_task_engine/pkg/service/translation.go:136.2,137.34 2 0
github.com/rmcguinness/gemini_task_engine/pkg/service/translation.go:137.34,143.3 3 0
github.com/rmcguinness/gemini_task_engine/pkg/service/translation.go:145.2,145.16 1 0
github.com/rmcguinness/gemini_task_engine/pkg/service/translation.go:145.16,147.3 1 0
github.com/rmcguinness/gemini_task_engine/pkg/service/translation.go:149.2,149.46 1 0
github.com/rmcguinness/gemini_task_engine/pkg/service/translation.go:152.160,155.16 2 0
github.com/rmcguinness/gemini_task_engine/pkg/service/translation.go:155.16,157.3 1 0
github.com/rmcguinness/gemini_task_engine/pkg/service/translation.go:160.2,161.35 2 0
github.com/rmcguinness/gemini_task_engine/pkg/service/translation.go:161.35,163.3 1 0
github.com/rmcguinness/gemini_task_engine/pkg/service/translation.go:166.2,167.16 2 0
github.com/rmcguinness/gemini_task_engine/pkg/service/translation.go:167.16,169.3 1 0
github.com/rmcguinness/gemini_task_engine/pkg/service/translation.go:172.2,173.16 2 0
github.com/rmcguinness/gemini_task_engine/pkg/service/translation.go:173.16,175.3 1 0
github.com/rmcguinness/gemini_task_engine/pkg/service/translation.go:178.2,180.16 3 0
github.com/rmcguinness/gemini_task_engine/pkg/service/translation.go:180.16,182.3 1 0
github.com/rmcguinness/gemini_task_engine/pkg/service/translation.go:184.2,184.46 1 0
github.com/rmcguinness/gemini_task_engine/pkg/service/translation.go:187.84,190.16 3 0
github.com/rmcguinness/gemini_task_engine/pkg/service/translation.go:190.16,192.3 1 0
github.com/rmcguinness/gemini_task_engine/pkg/service/translation.go:194.2,195.32 2 0
github.com/rmcguinness/gemini_task_engine/pkg/service/translation.go:195.32,198.44 3 0
github.com/rmcguinness/gemini_task_engine/pkg/service/translation.go:198.44,200.4 1 0
github.com/rmcguinness/gemini_task_engine/pkg/service/translation.go:200.9,200.50 1 0
github.com/rmcguinness/gemini_task_engine/pkg/service/translation.go:200.50,202.4 1 0
github.com/rmcguinness/gemini_task_engine/pkg/service/translation.go:204.3,204.20 1 0
github.com/rmcguinness/gemini_task_engine/pkg/service/translation.go:204.20,206.50 2 0
github.com/rmcguinness/gemini_task_engine/pkg/service/translation.go:206.50,208.5 1 0
github.com/rmcguinness/gemini_task_engine/pkg/service/translation.go:208.10,208.59 1 0
github.com/rmcguinness/gemini_task_engine/pkg/service/translation.go:208.59,210.5 1 0
github.com/rmcguinness/gemini_task_engine/pkg/service/translation.go:213.4,214.32 2 0
github.com/rmcguinness/gemini_task_engine/pkg/service/translation.go:214.32,216.5 1 0
github.com/rmcguinness/gemini_task_engine/pkg/service/translation.go:218.4,223.6 1 0
github.com/rmcguinness/gemini_task_engine/pkg/service/translation.go:226.2,226.18 1 0
github.com/rmcguinness/gemini_task_engine/pkg/service/translation.go:230.118,239.44 6 0
github.com/rmcguinness/gemini_task_engine/pkg/service/translation.go:239.44,243.17 3 0
github.com/rmcguinness/gemini_task_engine/pkg/service/translation.go:243.17,245.4 1 0
github.com/rmcguinness/gemini_task_engine/pkg/service/translation.go:246.3,246.22 1 0
github.com/rmcguinness/gemini_task_engine/pkg/service/translation.go:246.22,248.4 1 0
github.com/rmcguinness/gemini_task_engine/pkg/service/translation.go:249.3,252.15 3 0
github.com/rmcguinness/gemini_task_engine/pkg/service/translation.go:252.15,254.4 1 0
github.com/rmcguinness/gemini_task_engine/pkg/service/translation.go:257.2,258.21 2 0
github.com/rmcguinness/gemini_task_engine/pkg/service/translation.go:258.21,260.3 1 0
github.com/rmcguinness/gemini_task_engine/pkg/service/translation.go:262.2,262.14 1 0
github.com/rmcguinness/gemini_task_engine/pkg/service/translation.go:262.14,264.3 1 0
github.com/rmcguinness/gemini_task_engine/pkg/service/translation.go:264.8,266.19 2 0
github.com/rmcguinness/gemini_task_engine/pkg/service/translation.go:266.19,268.4 1 0
github.com/rmcguinness/gemini_task_engine/pkg/service/translation.go:271.2,284.16 3 0
github.com/rmcguinness/gemini_task_engine/pkg/service/translation.go:284.16,286.3 1 0
github.com/rmcguinness/gemini_task_engine/pkg/service/translation.go:288.2,288.70 1 0
github.com/rmcguinness/gemini_task_engine/pkg/service/translation.go:288.70,290.3 1 0
github.com/rmcguinness/gemini_task_engine/pkg/service/translation.go:292.2,292.56 1 0
github.com/rmcguinness/gemini_task_engine/pkg/service/translation.go:296.118,299.16 2 0
github.com/rmcguinness/gemini_task_engine/pkg/service/translation.go:299.16,301.3 1 0
github.com/rmcguinness/gemini_task_engine/pkg/service/translation.go:303.2,304.16 2 0
github.com/rmcguinness/gemini_task_engine/pkg/service/translation.go:304.16,306.3 1 0
github.com/rmcguinness/gemini_task_engine/pkg/service/translation.go:308.2,312.16 2 0
github.com/rmcguinness/gemini_task_engine/pkg/service/translation.go:312.16,314.3 1 0
github.com/rmcguinness/gemini_task_engine/pkg/service/translation.go:316.2,316.20 1 0
github.com/rmcguinness/gemini_task_engine/pkg/service/translation.go:316.20,318.3 1 0
github.com/rmcguinness/gemini_task_engine/pkg/service/translation.go:320.2,320.26 1 0
github.com/rmcguinness/gemini_task_engine/pkg/service/translation.go:324.126,336.16 3 0
github.com/rmcguinness/gemini_task_engine/pkg/service/translation.go:336.16,338.3 1 0
github.com/rmcguinness/gemini_task_engine/pkg/service/translation.go:340.2,340.31 1 0
github.com/rmcguinness/gemini_task_engine/pkg/service/translation.go:344.98,346.39 2 0
github.com/rmcguinness/gemini_task_engine/pkg/service/translation.go:346.39,348.3 1 0
github.com/rmcguinness/gemini_task_engine/pkg/service/translation.go:348.8,348.49 1 0
github.com/rmcguinness/gemini_task_engine/pkg/service/translation.go:348.49,350.3 1 0
github.com/rmcguinness/gemini_task_engine/pkg/service/translation.go:353.2,357.40 4 0
github.com/rmcguinness/gemini_task_engine/pkg/service/translation.go:357.40,358.38 1 0
github.com/rmcguinness/gemini_task_engine/pkg/service/translation.go:358.38,360.4 1 0
github.com/rmcguinness/gemini_task_engine/pkg/service/translation.go:360.9,362.4 1 0
github.com/rmcguinness/gemini_task_engine/pkg/service/translation.go:363.3,363.25 1 0
github.com/rmcguinness/gemini_task_engine/pkg/service/translation.go:364.8,364.47 1 0
github.com/rmcguinness/gemini_task_engine/pkg/service/translation.go:364.47,365.38 1 0
github.com/rmcguinness/gemini_task_engine/pkg/service/translation.go:365.38,367.4 1 0
github.com/rmcguinness/gemini_task_engine/pkg/service/translation.go:367.9,369.4 1 0
github.com/rmcguinness/gemini_task_engine/pkg/service/translation.go:370.3,370.25 1 0
github.com/rmcguinness/gemini_task_engine/pkg/service/translation.go:371.8,371.47 1 0
github.com/rmcguinness/gemini_task_engine/pkg/service/translation.go:371.47,372.38 1 0
github.com/rmcguinness/gemini_task_engine/pkg/service/translation.go:372.38,374.4 1 0
github.com/rmcguinness/gemini_task_engine/pkg/service/translation.go:374.9,376.4 1 0
github.com/rmcguinness/gemini_task_engine/pkg/service/translation.go:377.3,377.25 1 0
github.com/rmcguinness/gemini_task_engine/pkg/service/translation.go:380.2,383.21 2 0
github.com/rmcguinness/gemini_task_engine/pkg/service/translation.go:383.21,386.3 2 0
github.com/rmcguinness/gemini_task_engine/pkg/service/translation.go:386.8,388.3 1 0
github.com/rmcguinness/gemini_task_engine/pkg/service/translation.go:389.2,389.15 1 0
github.com/rmcguinness/gemini_task_engine/pkg/service/translation.go:393.114,394.36 1 0
github.com/rmcguinness/gemini_task_engine/pkg/service/translation.go:394.36,396.22 2 0
github.com/rmcguinness/gemini_task_engine/pkg/service/translation.go:396.22,403.35 4 0
github.com/rmcguinness/gemini_task_engine/pkg/service/translation.go:403.35,410.5 2 0
github.com/rmcguinness/gemini_task_engine/pkg/service/translation.go:415.2,415.65 1 0
github.com/rmcguinness/gemini_task_engine/pkg/service/translation.go:418.133,423.21 3 0
github.com/rmcguinness/gemini_task_engine/pkg/service/translation.go:423.21,425.3 1 0
github.com/rmcguinness/gemini_task_engine/pkg/service/translation.go:426.2,426.21 1 0
github.com/rmcguinness/gemini_task_engine/pkg/service/translation.go:426.21,428.3 1 0
github.com/rmcguinness/gemini_task_engine/pkg/service/translation.go:431.2,432.16 2 0
github.com/rmcguinness/gemini_task_engine/pkg/service/translation.go:432.16,434.3 1 0
github.com/rmcguinness/gemini_task_engine/pkg/service/translation.go:438.2,440.40 3 0
github.com/rmcguinness/gemini_task_engine/pkg/service/translation.go:440.40,442.3 1 0
github.com/rmcguinness/gemini_task_engine/pkg/service/translation.go:442.8,442.47 1 0
github.com/rmcguinness/gemini_task_engine/pkg/service/translation.go:442.47,444.3 1 0
github.com/rmcguinness/gemini_task_engine/pkg/service/translation.go:444.8,444.47 1 0
[...]
github.com/rmcguinness/gemini_task_engine/pkg/service/task.go:327.2,327.31 1 0
github.com/rmcguinness/gemini_task_engine/pkg/service/task.go:327.31,329.3 1 0
github.com/rmcguinness/gemini_task_engine/pkg/service/task.go:331.2,331.82 1 0
github.com/rmcguinness/gemini_task_engine/pkg/service/task.go:331.82,333.3 1 0
github.com/rmcguinness/gemini_task_engine/pkg/service/task.go:335.2,336.16 2 0
github.com/rmcguinness/gemini_task_engine/pkg/service/task.go:336.16,338.3 1 0
github.com/rmcguinness/gemini_task_engine/pkg/service/task.go:341.2,345.34 3 0
github.com/rmcguinness/gemini_task_engine/pkg/service/task.go:345.34,347.73 2 0
github.com/rmcguinness/gemini_task_engine/pkg/service/task.go:347.73,348.35 1 0
github.com/rmcguinness/gemini_task_engine/pkg/service/task.go:348.35,349.57 1 0
github.com/rmcguinness/gemini_task_engine/pkg/service/task.go:349.57,351.11 2 0
github.com/rmcguinness/gemini_task_engine/pkg/service/task.go:356.2,356.23 1 0
github.com/rmcguinness/gemini_task_engine/pkg/service/task.go:356.23,358.3 1 0
github.com/rmcguinness/gemini_task_engine/pkg/service/task.go:358.8,360.3 1 0
github.com/rmcguinness/gemini_task_engine/pkg/service/task.go:362.2,362.61 1 0
github.com/rmcguinness/gemini_task_engine/pkg/service/task.go:362.61,364.3 1 0
github.com/rmcguinness/gemini_task_engine/pkg/service/task.go:366.2,367.51 2 0
github.com/rmcguinness/gemini_task_engine/pkg/service/task.go:370.92,374.16 3 0
github.com/rmcguinness/gemini_task_engine/pkg/service/task.go:374.16,376.3 1 0
github.com/rmcguinness/gemini_task_engine/pkg/service/task.go:378.2,378.31 1 0
github.com/rmcguinness/gemini_task_engine/pkg/service/task.go:378.31,380.3 1 0
github.com/rmcguinness/gemini_task_engine/pkg/service/task.go:382.2,382.82 1 0
github.com/rmcguinness/gemini_task_engine/pkg/service/task.go:382.82,384.3 1 0
github.com/rmcguinness/gemini_task_engine/pkg/service/task.go:386.2,387.16 2 0
github.com/rmcguinness/gemini_task_engine/pkg/service/task.go:387.16,389.3 1 0
github.com/rmcguinness/gemini_task_engine/pkg/service/task.go:392.2,393.34 2 0
github.com/rmcguinness/gemini_task_engine/pkg/service/task.go:393.34,395.73 2 0
github.com/rmcguinness/gemini_task_engine/pkg/service/task.go:395.73,396.35 1 0
github.com/rmcguinness/gemini_task_engine/pkg/service/task.go:396.35,397.57 1 0
github.com/rmcguinness/gemini_task_engine/pkg/service/task.go:397.57,399.11 2 0
github.com/rmcguinness/gemini_task_engine/pkg/service/task.go:404.2,404.23 1 0
github.com/rmcguinness/gemini_task_engine/pkg/service/task.go:404.23,406.3 1 0
github.com/rmcguinness/gemini_task_engine/pkg/service/task.go:406.8,408.3 1 0
github.com/rmcguinness/gemini_task_engine/pkg/service/task.go:410.2,410.61 1 0
github.com/rmcguinness/gemini_task_engine/pkg/service/task.go:410.61,412.3 1 0
github.com/rmcguinness/gemini_task_engine/pkg/service/task.go:414.2,415.51 2 0
github.com/rmcguinness/gemini_task_engine/pkg/service/task.go:418.110,422.16 3 0
github.com/rmcguinness/gemini_task_engine/pkg/service/task.go:422.16,424.3 1 0
github.com/rmcguinness/gemini_task_engine/pkg/service/task.go:427.2,427.32 1 0
github.com/rmcguinness/gemini_task_engine/pkg/service/task.go:427.32,429.3 1 0
github.com/rmcguinness/gemini_task_engine/pkg/service/task.go:432.2,433.36 2 0
github.com/rmcguinness/gemini_task_engine/pkg/service/task.go:433.36,437.17 3 0
github.com/rmcguinness/gemini_task_engine/pkg/service/task.go:437.17,439.4 1 0
github.com/rmcguinness/gemini_task_engine/pkg/service/task.go:445.3,446.34 2 0
github.com/rmcguinness/gemini_task_engine/pkg/service/task.go:446.34,448.4 1 0
github.com/rmcguinness/gemini_task_engine/pkg/service/task.go:448.9,448.80 1 0
github.com/rmcguinness/gemini_task_engine/pkg/service/task.go:448.80,450.4 1 0
github.com/rmcguinness/gemini_task_engine/pkg/service/task.go:450.9,450.49 1 0
github.com/rmcguinness/gemini_task_engine/pkg/service/task.go:450.49,452.4 1 0
github.com/rmcguinness/gemini_task_engine/pkg/service/task.go:452.9,452.76 1 0
github.com/rmcguinness/gemini_task_engine/pkg/service/task.go:452.76,454.4 1 0
github.com/rmcguinness/gemini_task_engine/pkg/service/task.go:454.9,455.36 1 0
github.com/rmcguinness/gemini_task_engine/pkg/service/task.go:455.36,456.39 1 0
github.com/rmcguinness/gemini_task_engine/pkg/service/task.go:456.39,458.11 2 0
github.com/rmcguinness/gemini_task_engine/pkg/service/task.go:463.3,463.20 1 0
github.com/rmcguinness/gemini_task_engine/pkg/service/task.go:463.20,465.4 1 0
github.com/rmcguinness/gemini_task_engine/pkg/service/task.go:466.8,471.69 2 0
github.com/rmcguinness/gemini_task_engine/pkg/service/task.go:471.69,473.4 1 0
github.com/rmcguinness/gemini_task_engine/pkg/service/task.go:473.9,474.36 1 0
github.com/rmcguinness/gemini_task_engine/pkg/service/task.go:474.36,475.39 1 0
github.com/rmcguinness/gemini_task_engine/pkg/service/task.go:475.39,477.11 2 0
github.com/rmcguinness/gemini_task_engine/pkg/service/task.go:482.3,482.20 1 0
github.com/rmcguinness/gemini_task_engine/pkg/service/task.go:482.20,484.4 1 0
github.com/rmcguinness/gemini_task_engine/pkg/service/task.go:488.2,492.34 3 0
github.com/rmcguinness/gemini_task_engine/pkg/service/task.go:492.34,494.73 2 0
github.com/rmcguinness/gemini_task_engine/pkg/service/task.go:494.73,495.35 1 0
github.com/rmcguinness/gemini_task_engine/pkg/service/task.go:495.35,496.57 1 0
github.com/rmcguinness/gemini_task_engine/pkg/service/task.go:496.57,498.11 2 0
github.com/rmcguinness/gemini_task_engine/pkg/service/task.go:503.2,503.23 1 0
github.com/rmcguinness/gemini_task_engine/pkg/service/task.go:503.23,505.3 1 0
github.com/rmcguinness/gemini_task_engine/pkg/service/task.go:505.8,507.3 1 0
github.com/rmcguinness/gemini_task_engine/pkg/service/task.go:510.2,510.61 1 0
github.com/rmcguinness/gemini_task_engine/pkg/service/task.go:510.61,512.3 1 0
github.com/rmcguinness/gemini_task_engine/pkg/service/task.go:515.2,515.18 1 0
github.com/rmcguinness/gemini_task_engine/pkg/service/task.go:515.18,517.73 2 0
github.com/rmcguinness/gemini_task_engine/pkg/service/task.go:517.73,519.4 1 0
github.com/rmcguinness/gemini_task_engine/pkg/service/task.go:520.3,520.52 1 0
github.com/rmcguinness/gemini_task_engine/pkg/service/task.go:523.2,523.12 1 0
github.com/rmcguinness/gemini_task_engine/pkg/service/task.go:526.103,528.16 2 0
github.com/rmcguinness/gemini_task_engine/pkg/service/task.go:528.16,530.3 1 0
github.com/rmcguinness/gemini_task_engine/pkg/service/task.go:531.2,532.32 2 0
github.com/rmcguinness/gemini_task_engine/pkg/service/task.go:532.32,534.3 1 0
github.com/rmcguinness/gemini_task_engine/pkg/service/task.go:535.2,535.18 1 0
github.com/rmcguinness/gemini_task_engine/pkg/service/task.go:538.96,540.2 1 0
github.com/rmcguinness/gemini_task_engine/pkg/service/task.go:542.106,544.2 1 0
github.com/rmcguinness/gemini_task_engine/pkg/service/task.go:546.97,548.2 1 0
github.com/rmcguinness/gemini_task_engine/pkg/service/task.go:550.95,552.2 1 0
github.com/rmcguinness/gemini_task_engine/pkg/service/task.go:554.119,556.2 1 0
github.com/rmcguinness/gemini_task_engine/pkg/service/task.go:558.81,560.2 1 0
github.com/rmcguinness/gemini_task_engine/pkg/service/translation.go:65.93,69.16 3 0
github.com/rmcguinness/gemini_task_engine/pkg/service/translation.go:69.16,71.3 1 0
github.com/rmcguinness/gemini_task_engine/pkg/service/translation.go:73.2,74.16 2 0
github.com/rmcguinness/gemini_task_engine/pkg/service/translation.go:74.16,77.3 2 0
github.com/rmcguinness/gemini_task_engine/pkg/service/translation.go:79.2,80.16 2 0
github.com/rmcguinness/gemini_task_engine/pkg/service/translation.go:80.16,84.3 3 0
github.com/rmcguinness/gemini_task_engine/pkg/service/translation.go:86.2,91.8 1 0
github.com/rmcguinness/gemini_task_engine/pkg/service/translation.go:94.142,97.16 2 0
github.com/rmcguinness/gemini_task_engine/pkg/service/translation.go:97.16,99.3 1 0
github.com/rmcguinness/gemini_task_engine/pkg/service/translation.go:102.2,103.35 2 0
github.com/rmcguinness/gemini_task_engine/pkg/service/translation.go:103.35,105.3 1 0
github.com/rmcguinness/gemini_task_engine/pkg/service/translation.go:108.2,109.16 2 0
github.com/rmcguinness/gemini_task_engine/pkg/service/translation.go:109.16,111.3 1 0
github.com/rmcguinness/gemini_task_engine/pkg/service/translation.go:114.2,115.16 2 0
github.com/rmcguinness/gemini_task_engine/pkg/service/translation.go:115.16,117.3 1 0
github.com/rmcguinness/gemini_task_engine/pkg/service/translation.go:120.2,123.20 3 0
github.com/rmcguinness/gemini_task_engine/pkg/service/translation.go:123.20,131.3 1 0
github.com/rmcguinness/gemini_task_engine/pkg/service/translation.go:131.8,134.3 1 0
github.com/rmcguinness/gemini_task_engine/pkg/service/translation.go:136.2,137.34 2 0
github.com/rmcguinness/gemini_task_engine/pkg/service/translation.go:137.34,143.3 3 0
github.com/rmcguinness/gemini_task_engine/pkg/service/translation.go:145.2,145.16 1 0
github.com/rmcguinness/gemini_task_engine/pkg/service/translation.go:145.16,147.3 1 0
github.com/rmcguinness/gemini_task_engine/pkg/service/translation.go:149.2,149.46 1 0
github.com/rmcguinness/gemini_task_engine/pkg/service/translation.go:152.160,155.16 2 0
github.com/rmcguinness/gemini_task_engine/pkg/service/translation.go:155.16,157.3 1 0
github.com/rmcguinness/gemini_task_engine/pkg/service/translation.go:160.2,161.35 2 0
github.com/rmcguinness/gemini_task_engine/pkg/service/translation.go:161.35,163.3 1 0
github.com/rmcguinness/gemini_task_engine/pkg/service/translation.go:166.2,167.16 2 0
github.com/rmcguinness/gemini_task_engine/pkg/service/translation.go:167.16,169.3 1 0
github.com/rmcguinness/gemini_task_engine/pkg/service/translation.go:172.2,173.16 2 0
github.com/rmcguinness/gemini_task_engine/pkg/service/translation.go:173.16,175.3 1 0
github.com/rmcguinness/gemini_task_engine/pkg/service/translation.go:178.2,180.16 3 0
github.com/rmcguinness/gemini_task_engine/pkg/service/translation.go:180.16,182.3 1 0
github.com/rmcguinness/gemini_task_engine/pkg/service/translation.go:184.2,184.46 1 0
github.com/rmcguinness/gemini_task_engine/pkg/service/translation.go:187.84,190.16 3 0
github.com/rmcguinness/gemini_task_engine/pkg/service/translation.go:190.16,192.3 1 0
github.com/rmcguinness/gemini_task_engine/pkg/service/translation.go:194.2,195.32 2 0
github.com/rmcguinness/gemini_task_engine/pkg/service/translation.go:195.32,198.44 3 0
github.com/rmcguinness/gemini_task_engine/pkg/service/translation.go:198.44,200.4 1 0
github.com/rmcguinness/gemini_task_engine/pkg/service/translation.go:200.9,200.50 1 0
github.com/rmcguinness/gemini_task_engine/pkg/service/translation.go:200.50,202.4 1 0
github.com/rmcguinness/gemini_task_engine/pkg/service/translation.go:204.3,204.20 1 0
github.com/rmcguinness/gemini_task_engine/pkg/service/translation.go:204.20,206.50 2 0
github.com/rmcguinness/gemini_task_engine/pkg/service/translation.go:206.50,208.5 1 0
github.com/rmcguinness/gemini_task_engine/pkg/service/translation.go:208.10,208.59 1 0
github.com/rmcguinness/gemini_task_engine/pkg/service/translation.go:208.59,210.5 1 0
github.com/rmcguinness/gemini_task_engine/pkg/service/translation.go:213.4,214.32 2 0
github.com/rmcguinness/gemini_task_engine/pkg/service/translation.go:214.32,216.5 1 0
github.com/rmcguinness/gemini_task_engine/pkg/service/translation.go:218.4,223.6 1 0
github.com/rmcguinness/gemini_task_engine/pkg/service/translation.go:226.2,226.18 1 0
github.com/rmcguinness/gemini_task_engine/pkg/service/translation.go:230.118,239.44 6 0
github.com/rmcguinness/gemini_task_engine/pkg/service/translation.go:239.44,243.17 3 0
github.com/rmcguinness/gemini_task_engine/pkg/service/translation.go:243.17,245.4 1 0
github.com/rmcguinness/gemini_task_engine/pkg/service/translation.go:246.3,246.22 1 0
github.com/rmcguinness/gemini_task_engine/pkg/service/translation.go:246.22,248.4 1 0
github.com/rmcguinness/gemini_task_engine/pkg/service/translation.go:249.3,252.15 3 0
github.com/rmcguinness/gemini_task_engine/pkg/service/translation.go:252.15,254.4 1 0
github.com/rmcguinness/gemini_task_engine/pkg/service/translation.go:257.2,258.21 2 0
github.com/rmcguinness/gemini_task_engine/pkg/service/translation.go:258.21,260.3 1 0
github.com/rmcguinness/gemini_task_engine/pkg/service/translation.go:262.2,262.14 1 0
github.com/rmcguinness/gemini_task_engine/pkg/service/translation.go:262.14,264.3 1 0
github.com/rmcguinness/gemini_task_engine/pkg/service/translation.go:264.8,266.19 2 0
github.com/rmcguinness/gemini_task_engine/pkg/service/translation.go:266.19,268.4 1 0
github.com/rmcguinness/gemini_task_engine/pkg/service/translation.go:271.2,284.16 3 0
github.com/rmcguinness/gemini_task_engine/pkg/service/translation.go:284.16,286.3 1 0
github.com/rmcguinness/gemini_task_engine/pkg/service/translation.go:288.2,288.70 1 0
github.com/rmcguinness/gemini_task_engine/pkg/service/translation.go:288.70,290.3 1 0
github.com/rmcguinness/gemini_task_engine/pkg/service/translation.go:292.2,292.56 1 0
github.com/rmcguinness/gemini_task_engine/pkg/service/translation.go:296.118,299.16 2 0
github.com/rmcguinness/gemini_task_engine/pkg/service/translation.go:299.16,301.3 1 0
github.com/rmcguinness/gemini_task_engine/pkg/service/translation.go:303.2,304.16 2 0
github.com/rmcguinness/gemini_task_engine/pkg/service/translation.go:304.16,306.3 1 0
github.com/rmcguinness/gemini_task_engine/pkg/service/translation.go:308.2,312.16 2 0
github.com/rmcguinness/gemini_task_engine/pkg/service/translation.go:312.16,314.3 1 0
github.com/rmcguinness/gemini_task_engine/pkg/service/translation.go:316.2,316.20 1 0
github.com/rmcguinness/gemini_task_engine/pkg/service/translation.go:316.20,318.3 1 0
github.com/rmcguinness/gemini_task_engine/pkg/service/translation.go:320.2,320.26 1 0
github.com/rmcguinness/gemini_task_engine/pkg/service/translation.go:324.126,336.16 3 0
github.com/rmcguinness/gemini_task_engine/pkg/service/translation.go:336.16,338.3 1 0
github.com/rmcguinness/gemini_task_engine/pkg/service/translation.go:340.2,340.31 1 0
github.com/rmcguinness/gemini_task_engine/pkg/service/translation.go:344.98,346.39 2 0
github.com/rmcguinness/gemini_task_engine/pkg/service/translation.go:346.39,348.3 1 0
github.com/rmcguinness/gemini_task_engine/pkg/service/translation.go:348.8,348.49 1 0
github.com/rmcguinness/gemini_task_engine/pkg/service/translation.go:348.49,350.3 1 0
github.com/rmcguinness/gemini_task_engine/pkg/service/translation.go:353.2,357.40 4 0
github.com/rmcguinness/gemini_task_engine/pkg/service/translation.go:357.40,358.38 1 0
github.com/rmcguinness/gemini_task_engine/pkg/service/translation.go:358.38,360.4 1 0
github.com/rmcguinness/gemini_task_engine/pkg/service/translation.go:360.9,362.4 1 0
github.com/rmcguinness/gemini_task_engine/pkg/service/translation.go:363.3,363.25 1 0
github.com/rmcguinness/gemini_task_engine/pkg/service/translation.go:364.8,364.47 1 0
github.com/rmcguinness/gemini_task_engine/pkg/service/translation.go:364.47,365.38 1 0
github.com/rmcguinness/gemini_task_engine/pkg/service/translation.go:365.38,367.4 1 0
github.com/rmcguinness/gemini_task_engine/pkg/service/translation.go:367.9,369.4 1 0
github.com/rmcguinness/gemini_task_engine/pkg/service/translation.go:370.3,370.25 1 0
github.com/rmcguinness/gemini_task_engine/pkg/service/translation.go:371.8,371.47 1 0
github.com/rmcguinness/gemini_task_engine/pkg/service/translation.go:371.47,372.38 1 0
github.com/rmcguinness/gemini_task_engine/pkg/service/translation.go:372.38,374.4 1 0
github.com/rmcguinness/gemini_task_engine/pkg/service/translation.go:374.9,376.4 1 0
github.com/rmcguinness/gemini_task_engine/pkg/service/translation.go:377.3,377.25 1 0
github.com/rmcguinness/gemini_task_engine/pkg/service/translation.go:380.2,383.21 2 0
github.com/rmcguinness/gemini_task_engine/pkg/service/translation.go:383.21,386.3 2 0
github.com/rmcguinness/gemini_task_engine/pkg/service/translation.go:386.8,388.3 1 0
github.com/rmcguinness/gemini_task_engine/pkg/service/translation.go:389.2,389.15 1 0
github.com/rmcguinness/gemini_task_engine/pkg/service/translation.go:393.114,394.36 1 0
github.com/rmcguinness/gemini_task_engine/pkg/service/translation.go:394.36,396.22 2 0
github.com/rmcguinness/gemini_task_engine/pkg/service/translation.go:396.22,403.35 4 0
github.com/rmcguinness/gemini_task_engine/pkg/service/translation.go:403.35,410.5 2 0
github.com/rmcguinness/gemini_task_engine/pkg/service/translation.go:415.2,415.65 1 0
github.com/rmcguinness/gemini_task_engine/pkg/service/translation.go:418.133,423.21 3 0
github.com/rmcguinness/gemini_task_engine/pkg/service/translation.go:423.21,425.3 1 0
github.com/rmcguinness/gemini_task_engine/pkg/service/translation.go:426.2,426.21 1 0
github.com/rmcguinness/gemini_task_engine/pkg/service/translation.go:426.21,428.3 1 0
github.com/rmcguinness/gemini_task_engine/pkg/service/translation.go:431.2,432.16 2 0
github.com/rmcguinness/gemini_task_engine/pkg/service/translation.go:432.16,434.3 1 0
github.com/rmcguinness/gemini_task_engine/pkg/service/translation.go:438.2,440.40 3 0
github.com/rmcguinness/gemini_task_engine/pkg/service/translation.go:440.40,442.3 1 0
github.com/rmcguinness/gemini_task_engine/pkg/service/translation.go:442.8,442.47 1 0
github.com/rmcguinness/gemini_task_engine/pkg/service/translation.go:442.47,444.3 1 0
github.com/rmcguinness/gemini_task_engine/pkg/service/translation.go:444.8,444.47 1 0
github.com/rmcguinness/gemini_task_engine/pkg/service/translation.go:444.47,446.3 1 0
github.com/rmcguinness/gemini_task_engine/pkg/service/translation.go:446.8,446.47 1 0
github.com/rmcguinness/gemini_task_engine/pkg/service/translation.go:446.47,448.3 1 0
github.com/rmcguinness/gemini_task_engine/pkg/service/translation.go:448.8,448.47 1 0
github.com/rmcguinness/gemini_task_engine/pkg/service/translation.go:448.47,450.3 1 0
github.com/rmcguinness/gemini_task_engine/pkg/service/translation.go:450.8,450.47 1 0
github.com/rmcguinness/gemini_task_engine/pkg/service/translation.go:450.47,452.3 1 0
github.com/rmcguinness/gemini_task_engine/pkg/service/translation.go:455.2,476.16 4 0
github.com/rmcguinness/gemini_task_engine/pkg/service/translation.go:476.16,478.3 1 0
github.com/rmcguinness/gemini_task_engine/pkg/service/translation.go:480.2,482.16 3 0
github.com/rmcguinness/gemini_task_engine/pkg/service/translation.go:482.16,484.3 1 0
github.com/rmcguinness/gemini_task_engine/pkg/service/translation.go:485.2,489.16 4 0
github.com/rmcguinness/gemini_task_engine/pkg/service/translation.go:489.16,491.3 1 0
github.com/rmcguinness/gemini_task_engine/pkg/service/translation.go:492.2,495.16 3 0
github.com/rmcguinness/gemini_task_engine/pkg/service/translation.go:495.16,497.3 1 0
github.com/rmcguinness/gemini_task_engine/pkg/service/translation.go:499.2,499.38 1 0
github.com/rmcguinness/gemini_task_engine/pkg/service/translation.go:499.38,501.3 1 0
github.com/rmcguinness/gemini_task_engine/pkg/service/translation.go:503.2,506.61 2 0
github.com/rmcguinness/gemini_task_engine/pkg/service/translation.go:506.61,508.3 1 0
github.com/rmcguinness/gemini_task_engine/pkg/service/translation.go:510.2,511.38 2 0
github.com/rmcguinness/gemini_task_engine/pkg/service/translation.go:514.127,520.40 4 0
github.com/rmcguinness/gemini_task_engine/pkg/service/translation.go:520.40,522.3 1 0
github.com/rmcguinness/gemini_task_engine/pkg/service/translation.go:522.8,522.47 1 0
github.com/rmcguinness/gemini_task_engine/pkg/service/translation.go:522.47,524.3 1 0
github.com/rmcguinness/gemini_task_engine/pkg/service/translation.go:524.8,524.47 1 0
github.com/rmcguinness/gemini_task_engine/pkg/service/translation.go:524.47,526.3 1 0
github.com/rmcguinness/gemini_task_engine/pkg/service/translation.go:526.8,526.47 1 0
github.com/rmcguinness/gemini_task_engine/pkg/service/translation.go:526.47,528.3 1 0
github.com/rmcguinness/gemini_task_engine/pkg/service/translation.go:528.8,528.47 1 0
github.com/rmcguinness/gemini_task_engine/pkg/service/translation.go:528.47,530.3 1 0
github.com/rmcguinness/gemini_task_engine/pkg/service/translation.go:532.2,538.45 2 0
