mode: set
github.com/rmcguinness/gemini_task_engine/pkg/service/admin.go:99.16,106.2 1 0
github.com/rmcguinness/gemini_task_engine/pkg/service/admin.go:108.82,110.2 1 0
github.com/rmcguinness/gemini_task_engine/pkg/service/admin.go:112.89,114.2 1 0
github.com/rmcguinness/gemini_task_engine/pkg/service/admin.go:116.80,118.2 1 0
github.com/rmcguinness/gemini_task_engine/pkg/service/admin.go:120.73,122.2 1 0
github.com/rmcguinness/gemini_task_engine/pkg/service/admin.go:124.78,126.2 1 0
github.com/rmcguinness/gemini_task_engine/pkg/service/admin.go:128.102,130.2 1 0
github.com/rmcguinness/gemini_task_engine/pkg/service/admin.go:132.85,134.2 1 0
github.com/rmcguinness/gemini_task_engine/pkg/service/admin.go:136.108,138.2 1 0
github.com/rmcguinness/gemini_task_engine/pkg/service/admin.go:140.80,142.2 1 0
github.com/rmcguinness/gemini_task_engine/pkg/service/admin.go:144.89,146.2 1 0
github.com/rmcguinness/gemini_task_engine/pkg/service/admin.go:148.80,150.2 1 0
github.com/rmcguinness/gemini_task_engine/pkg/service/admin.go:152.73,154.2 1 0
github.com/rmcguinness/gemini_task_engine/pkg/service/admin.go:156.78,158.2 1 0
github.com/rmcguinness/gemini_task_engine/pkg/service/admin.go:160.102,162.2 1 0
github.com/rmcguinness/gemini_task_engine/pkg/service/admin.go:164.97,166.2 1 0
github.com/rmcguinness/gemini_task_engine/pkg/service/admin.go:168.105,170.2 1 0
github.com/rmcguinness/gemini_task_engine/pkg/service/admin.go:172.95,174.2 1 0
github.com/rmcguinness/gemini_task_engine/pkg/service/admin.go:176.81,178.2 1 0
github.com/rmcguinness/gemini_task_engine/pkg/service/admin.go:180.98,182.2 1 0
github.com/rmcguinness/gemini_task_engine/pkg/service/admin.go:184.94,186.2 1 0
github.com/rmcguinness/gemini_task_engine/pkg/service/admin.go:188.118,190.2 1 0
github.com/rmcguinness/gemini_task_engine/pkg/service/admin.go:192.82,194.2 1 0
github.com/rmcguinness/gemini_task_engine/pkg/service/admin.go:196.89,198.2 1 0
github.com/rmcguinness/gemini_task_engine/pkg/service/admin.go:200.80,202.2 1 0
github.com/rmcguinness/gemini_task_engine/pkg/service/admin.go:204.73,206.2 1 0
github.com/rmcguinness/gemini_task_engine/pkg/service/admin.go:208.78,210.2 1 0
github.com/rmcguinness/gemini_task_engine/pkg/service/admin.go:212.102,214.2 1 0
github.com/rmcguinness/gemini_task_engine/pkg/service/admin.go:216.89,218.2 1 0
github.com/rmcguinness/gemini_task_engine/pkg/service/admin.go:220.97,222.2 1 0
github.com/rmcguinness/gemini_task_engine/pkg/service/admin.go:224.87,226.2 1 0
github.com/rmcguinness/gemini_task_engine/pkg/service/admin.go:228.77,230.2 1 0
github.com/rmcguinness/gemini_task_engine/pkg/service/admin.go:232.86,234.2 1 0
github.com/rmcguinness/gemini_task_engine/pkg/service/admin.go:236.110,238.2 1 0
github.com/rmcguinness/gemini_task_engine/pkg/service/admin.go:240.85,242.2 1 0
github.com/rmcguinness/gemini_task_engine/pkg/service/admin.go:244.91,246.2 1 0
github.com/rmcguinness/gemini_task_engine/pkg/service/admin.go:248.83,250.2 1 0
github.com/rmcguinness/gemini_task_engine/pkg/service/admin.go:252.74,254.2 1 0
github.com/rmcguinness/gemini_task_engine/pkg/service/admin.go:256.80,258.2 1 0
github.com/rmcguinness/gemini_task_engine/pkg/service/admin.go:260.104,262.2 1 0
github.com/rmcguinness/gemini_task_engine/pkg/service/admin.go:264.88,266.2 1 0
github.com/rmcguinness/gemini_task_engine/pkg/service/admin.go:268.97,270.2 1 0
github.com/rmcguinness/gemini_task_engine/pkg/service/admin.go:272.88,274.2 1 0
github.com/rmcguinness/gemini_task_engine/pkg/service/admin.go:276.81,278.2 1 0
github.com/rmcguinness/gemini_task_engine/pkg/service/admin.go:280.86,282.2 1 0
github.com/rmcguinness/gemini_task_engine/pkg/service/admin.go:284.110,286.2 1 0
github.com/rmcguinness/gemini_task_engine/pkg/service/automation.go:57.21,66.2 1 1
github.com/rmcguinness/gemini_task_engine/pkg/service/automation.go:68.124,69.27 1 1
github.com/rmcguinness/gemini_task_engine/pkg/service/automation.go:69.27,71.3 1 1
github.com/rmcguinness/gemini_task_engine/pkg/service/automation.go:77.2,88.39 4 1
github.com/rmcguinness/gemini_task_engine/pkg/service/automation.go:88.39,92.17 3 1
github.com/rmcguinness/gemini_task_engine/pkg/service/automation.go:92.17,107.65 3 1
github.com/rmcguinness/gemini_task_engine/pkg/service/automation.go:107.65,109.5 1 0
github.com/rmcguinness/gemini_task_engine/pkg/service/automation.go:111.3,111.44 1 1
github.com/rmcguinness/gemini_task_engine/pkg/service/automation.go:114.2,115.37 2 1
github.com/rmcguinness/gemini_task_engine/pkg/service/automation.go:115.37,127.59 3 1
github.com/rmcguinness/gemini_task_engine/pkg/service/automation.go:127.59,129.4 1 0
github.com/rmcguinness/gemini_task_engine/pkg/service/automation.go:130.3,130.49 1 1
github.com/rmcguinness/gemini_task_engine/pkg/service/automation.go:133.2,133.26 1 1
github.com/rmcguinness/gemini_task_engine/pkg/service/automation.go:142.33,143.58 1 1
github.com/rmcguinness/gemini_task_engine/pkg/service/automation.go:143.58,145.3 1 1
github.com/rmcguinness/gemini_task_engine/pkg/service/automation.go:149.2,152.19 3 1
github.com/rmcguinness/gemini_task_engine/pkg/service/automation.go:153.33,155.65 2 1
github.com/rmcguinness/gemini_task_engine/pkg/service/automation.go:156.34,158.65 2 1
github.com/rmcguinness/gemini_task_engine/pkg/service/automation.go:159.37,161.65 2 0
github.com/rmcguinness/gemini_task_engine/pkg/service/automation.go:162.10,164.65 2 0
github.com/rmcguinness/gemini_task_engine/pkg/service/automation.go:168.2,169.16 2 1
github.com/rmcguinness/gemini_task_engine/pkg/service/automation.go:169.16,174.20 3 1
github.com/rmcguinness/gemini_task_engine/pkg/service/automation.go:175.34,181.5 2 1
github.com/rmcguinness/gemini_task_engine/pkg/service/automation.go:182.35,188.5 2 1
github.com/rmcguinness/gemini_task_engine/pkg/service/automation.go:189.38,194.5 2 0
github.com/rmcguinness/gemini_task_engine/pkg/service/automation.go:195.11,200.5 2 0
github.com/rmcguinness/gemini_task_engine/pkg/service/automation.go:203.3,214.64 3 1
github.com/rmcguinness/gemini_task_engine/pkg/service/automation.go:214.64,216.4 1 0
github.com/rmcguinness/gemini_task_engine/pkg/service/automation.go:223.2,228.35 4 1
github.com/rmcguinness/gemini_task_engine/pkg/service/automation.go:228.35,230.41 2 1
github.com/rmcguinness/gemini_task_engine/pkg/service/automation.go:230.41,232.4 1 1
github.com/rmcguinness/gemini_task_engine/pkg/service/automation.go:235.2,236.32 2 1
github.com/rmcguinness/gemini_task_engine/pkg/service/automation.go:236.32,238.3 1 1
github.com/rmcguinness/gemini_task_engine/pkg/service/automation.go:241.2,253.58 3 1
github.com/rmcguinness/gemini_task_engine/pkg/service/automation.go:253.58,255.3 1 0
github.com/rmcguinness/gemini_task_engine/pkg/service/automation.go:257.2,257.23 1 1
github.com/rmcguinness/gemini_task_engine/pkg/service/automation.go:260.87,262.2 1 0
github.com/rmcguinness/gemini_task_engine/pkg/service/rag.go:44.56,46.2 1 0
github.com/rmcguinness/gemini_task_engine/pkg/service/rag.go:48.119,52.28 3 0
github.com/rmcguinness/gemini_task_engine/pkg/service/rag.go:52.28,54.3 1 0
github.com/rmcguinness/gemini_task_engine/pkg/service/rag.go:55.2,55.27 1 0
github.com/rmcguinness/gemini_task_engine/pkg/service/rag.go:55.27,57.3 1 0
github.com/rmcguinness/gemini_task_engine/pkg/service/rag.go:58.2,58.20 1 0
github.com/rmcguinness/gemini_task_engine/pkg/service/rag.go:70.69,72.2 1 1
github.com/rmcguinness/gemini_task_engine/pkg/service/rag.go:74.70,76.2 1 0
github.com/rmcguinness/gemini_task_engine/pkg/service/rag.go:106.99,116.2 1 1
github.com/rmcguinness/gemini_task_engine/pkg/service/rag.go:118.77,120.2 1 0
github.com/rmcguinness/gemini_task_engine/pkg/service/rag.go:122.86,124.2 1 0
github.com/rmcguinness/gemini_task_engine/pkg/service/rag.go:126.124,128.2 1 0
github.com/rmcguinness/gemini_task_engine/pkg/service/rag.go:130.132,131.39 1 1
github.com/rmcguinness/gemini_task_engine/pkg/service/rag.go:131.39,133.3 1 1
github.com/rmcguinness/gemini_task_engine/pkg/service/rag.go:135.2,140.51 2 1
github.com/rmcguinness/gemini_task_engine/pkg/service/rag.go:140.51,142.3 1 0
github.com/rmcguinness/gemini_task_engine/pkg/service/rag.go:144.2,155.62 4 1
github.com/rmcguinness/gemini_task_engine/pkg/service/rag.go:155.62,157.3 1 0
github.com/rmcguinness/gemini_task_engine/pkg/service/rag.go:160.2,162.26 2 1
github.com/rmcguinness/gemini_task_engine/pkg/service/rag.go:165.87,166.17 1 1
github.com/rmcguinness/gemini_task_engine/pkg/service/rag.go:166.17,168.3 1 0
github.com/rmcguinness/gemini_task_engine/pkg/service/rag.go:170.2,171.16 2 1
github.com/rmcguinness/gemini_task_engine/pkg/service/rag.go:171.16,173.3 1 0
github.com/rmcguinness/gemini_task_engine/pkg/service/rag.go:175.2,176.93 2 1
github.com/rmcguinness/gemini_task_engine/pkg/service/rag.go:176.93,177.61 1 1
github.com/rmcguinness/gemini_task_engine/pkg/service/rag.go:177.61,179.4 1 0
github.com/rmcguinness/gemini_task_engine/pkg/service/rag.go:180.8,183.3 1 0
github.com/rmcguinness/gemini_task_engine/pkg/service/rag.go:186.2,187.51 2 1
github.com/rmcguinness/gemini_task_engine/pkg/service/rag.go:187.51,188.17 1 0
github.com/rmcguinness/gemini_task_engine/pkg/service/rag.go:188.17,190.4 1 0
github.com/rmcguinness/gemini_task_engine/pkg/service/rag.go:191.3,191.81 1 0
github.com/rmcguinness/gemini_task_engine/pkg/service/rag.go:193.2,196.29 3 1
github.com/rmcguinness/gemini_task_engine/pkg/service/rag.go:196.29,200.43 3 1
github.com/rmcguinness/gemini_task_engine/pkg/service/rag.go:200.43,201.32 1 1
github.com/rmcguinness/gemini_task_engine/pkg/service/rag.go:201.32,203.5 1 1
github.com/rmcguinness/gemini_task_engine/pkg/service/rag.go:204.9,204.61 1 0
github.com/rmcguinness/gemini_task_engine/pkg/service/rag.go:204.61,205.62 1 0
github.com/rmcguinness/gemini_task_engine/pkg/service/rag.go:205.62,206.51 1 0
github.com/rmcguinness/gemini_task_engine/pkg/service/rag.go:206.51,208.6 1 0
github.com/rmcguinness/gemini_task_engine/pkg/service/rag.go:211.8,216.44 4 0
github.com/rmcguinness/gemini_task_engine/pkg/service/rag.go:216.44,218.4 1 0
github.com/rmcguinness/gemini_task_engine/pkg/service/rag.go:218.9,221.61 2 0
github.com/rmcguinness/gemini_task_engine/pkg/service/rag.go:221.61,224.19 3 0
github.com/rmcguinness/gemini_task_engine/pkg/service/rag.go:224.19,227.46 3 0
github.com/rmcguinness/gemini_task_engine/pkg/service/rag.go:227.46,229.7 1 0
github.com/rmcguinness/gemini_task_engine/pkg/service/rag.go:235.2,235.13 1 1
github.com/rmcguinness/gemini_task_engine/pkg/service/rag.go:235.13,247.63 4 1
github.com/rmcguinness/gemini_task_engine/pkg/service/rag.go:247.63,249.4 1 0
github.com/rmcguinness/gemini_task_engine/pkg/service/rag.go:251.3,252.19 2 1
github.com/rmcguinness/gemini_task_engine/pkg/service/rag.go:256.2,259.51 4 1
github.com/rmcguinness/gemini_task_engine/pkg/service/rag.go:259.51,261.3 1 0
github.com/rmcguinness/gemini_task_engine/pkg/service/rag.go:263.2,263.19 1 1
github.com/rmcguinness/gemini_task_engine/pkg/service/rag.go:266.87,268.46 2 1
github.com/rmcguinness/gemini_task_engine/pkg/service/rag.go:268.46,269.17 1 0
github.com/rmcguinness/gemini_task_engine/pkg/service/rag.go:269.17,271.4 1 0
github.com/rmcguinness/gemini_task_engine/pkg/service/rag.go:272.3,273.9 2 0
github.com/rmcguinness/gemini_task_engine/pkg/service/rag.go:277.2,278.51 2 1
github.com/rmcguinness/gemini_task_engine/pkg/service/rag.go:278.51,279.17 1 0
github.com/rmcguinness/gemini_task_engine/pkg/service/rag.go:279.17,281.4 1 0
github.com/rmcguinness/gemini_task_engine/pkg/service/rag.go:282.3,283.9 2 0
github.com/rmcguinness/gemini_task_engine/pkg/service/rag.go:285.2,287.38 2 1
github.com/rmcguinness/gemini_task_engine/pkg/service/rag.go:287.38,290.3 2 0
github.com/rmcguinness/gemini_task_engine/pkg/service/rag.go:292.2,293.16 2 1
github.com/rmcguinness/gemini_task_engine/pkg/service/rag.go:293.16,296.3 2 0
github.com/rmcguinness/gemini_task_engine/pkg/service/rag.go:299.2,301.48 3 1
github.com/rmcguinness/gemini_task_engine/pkg/service/rag.go:301.48,303.3 1 1
github.com/rmcguinness/gemini_task_engine/pkg/service/rag.go:303.8,303.61 1 1
github.com/rmcguinness/gemini_task_engine/pkg/service/rag.go:303.61,305.3 1 1
github.com/rmcguinness/gemini_task_engine/pkg/service/rag.go:305.8,305.132 1 0
github.com/rmcguinness/gemini_task_engine/pkg/service/rag.go:305.132,307.3 1 0
github.com/rmcguinness/gemini_task_engine/pkg/service/rag.go:307.8,307.59 1 0
github.com/rmcguinness/gemini_task_engine/pkg/service/rag.go:307.59,309.3 1 0
github.com/rmcguinness/gemini_task_engine/pkg/service/rag.go:311.2,314.24 3 1
github.com/rmcguinness/gemini_task_engine/pkg/service/rag.go:314.24,316.20 2 1
github.com/rmcguinness/gemini_task_engine/pkg/service/rag.go:316.20,317.62 1 1
github.com/rmcguinness/gemini_task_engine/pkg/service/rag.go:317.62,319.5 1 1
github.com/rmcguinness/gemini_task_engine/pkg/service/rag.go:321.3,321.23 1 1
github.com/rmcguinness/gemini_task_engine/pkg/service/rag.go:321.23,323.65 2 1
github.com/rmcguinness/gemini_task_engine/pkg/service/rag.go:323.65,325.5 1 0
github.com/rmcguinness/gemini_task_engine/pkg/service/rag.go:327.3,327.23 1 1
github.com/rmcguinness/gemini_task_engine/pkg/service/rag.go:327.23,330.4 2 1
github.com/rmcguinness/gemini_task_engine/pkg/service/rag.go:331.8,334.3 2 1
github.com/rmcguinness/gemini_task_engine/pkg/service/rag.go:337.2,344.45 5 1
github.com/rmcguinness/gemini_task_engine/pkg/service/rag.go:344.45,346.23 2 1
github.com/rmcguinness/gemini_task_engine/pkg/service/rag.go:346.23,348.4 1 1
github.com/rmcguinness/gemini_task_engine/pkg/service/rag.go:349.3,353.17 3 1
github.com/rmcguinness/gemini_task_engine/pkg/service/rag.go:353.17,356.4 2 0
github.com/rmcguinness/gemini_task_engine/pkg/service/rag.go:358.3,364.5 1 1
github.com/rmcguinness/gemini_task_engine/pkg/service/rag.go:368.2,368.60 1 1
github.com/rmcguinness/gemini_task_engine/pkg/service/rag.go:368.60,371.3 2 0
github.com/rmcguinness/gemini_task_engine/pkg/service/rag.go:374.2,385.16 3 1
github.com/rmcguinness/gemini_task_engine/pkg/service/rag.go:385.16,388.3 2 0
github.com/rmcguinness/gemini_task_engine/pkg/service/rag.go:390.2,391.51 2 1
github.com/rmcguinness/gemini_task_engine/pkg/service/rag.go:391.51,394.3 2 0
github.com/rmcguinness/gemini_task_engine/pkg/service/rag.go:397.2,398.16 2 1
github.com/rmcguinness/gemini_task_engine/pkg/service/rag.go:398.16,400.3 1 0
github.com/rmcguinness/gemini_task_engine/pkg/service/rag.go:401.2,403.43 3 1
github.com/rmcguinness/gemini_task_engine/pkg/service/rag.go:406.77,408.21 2 0
github.com/rmcguinness/gemini_task_engine/pkg/service/rag.go:408.21,410.3 1 0
github.com/rmcguinness/gemini_task_engine/pkg/service/rag.go:412.2,414.43 3 0
github.com/rmcguinness/gemini_task_engine/pkg/service/rag.go:417.63,419.24 2 1
github.com/rmcguinness/gemini_task_engine/pkg/service/rag.go:419.24,423.3 2 1
github.com/rmcguinness/gemini_task_engine/pkg/service/rag.go:424.2,424.31 1 1
github.com/rmcguinness/gemini_task_engine/pkg/service/rag.go:427.85,429.2 1 1
github.com/rmcguinness/gemini_task_engine/pkg/service/rag.go:431.74,433.2 1 1
github.com/rmcguinness/gemini_task_engine/pkg/service/rag.go:435.98,437.2 1 1
github.com/rmcguinness/gemini_task_engine/pkg/service/rag.go:439.70,441.2 1 1
github.com/rmcguinness/gemini_task_engine/pkg/service/rag.go:443.96,445.2 1 1
github.com/rmcguinness/gemini_task_engine/pkg/service/rag.go:447.86,449.2 1 1
github.com/rmcguinness/gemini_task_engine/pkg/service/rag.go:451.110,453.2 1 1
github.com/rmcguinness/gemini_task_engine/pkg/service/rag.go:455.74,457.2 1 1
github.com/rmcguinness/gemini_task_engine/pkg/service/scheduler.go:57.137,59.16 2 0
github.com/rmcguinness/gemini_task_engine/pkg/service/scheduler.go:59.16,61.3 1 0
github.com/rmcguinness/gemini_task_engine/pkg/service/scheduler.go:62.2,63.16 2 0
github.com/rmcguinness/gemini_task_engine/pkg/service/scheduler.go:63.16,65.3 1 0
github.com/rmcguinness/gemini_task_engine/pkg/service/scheduler.go:66.2,68.16 3 0
github.com/rmcguinness/gemini_task_engine/pkg/service/scheduler.go:68.16,71.3 2 0
github.com/rmcguinness/gemini_task_engine/pkg/service/scheduler.go:72.2,72.14 1 0
github.com/rmcguinness/gemini_task_engine/pkg/service/scheduler.go:72.14,75.3 2 0
github.com/rmcguinness/gemini_task_engine/pkg/service/scheduler.go:76.2,77.19 2 0
github.com/rmcguinness/gemini_task_engine/pkg/service/scheduler.go:80.120,81.18 1 0
github.com/rmcguinness/gemini_task_engine/pkg/service/scheduler.go:81.18,86.3 4 0
github.com/rmcguinness/gemini_task_engine/pkg/service/scheduler.go:87.2,87.12 1 0
github.com/rmcguinness/gemini_task_engine/pkg/service/scheduler.go:90.110,91.17 1 0
github.com/rmcguinness/gemini_task_engine/pkg/service/scheduler.go:91.17,93.3 1 0
github.com/rmcguinness/gemini_task_engine/pkg/service/scheduler.go:94.2,107.19 5 0
github.com/rmcguinness/gemini_task_engine/pkg/service/scheduler.go:110.145,112.67 2 0
github.com/rmcguinness/gemini_task_engine/pkg/service/scheduler.go:112.67,122.17 2 0
github.com/rmcguinness/gemini_task_engine/pkg/service/scheduler.go:122.17,124.4 1 0
github.com/rmcguinness/gemini_task_engine/pkg/service/scheduler.go:125.3,125.26 1 0
github.com/rmcguinness/gemini_task_engine/pkg/service/scheduler.go:125.26,127.33 2 0
github.com/rmcguinness/gemini_task_engine/pkg/service/scheduler.go:127.33,129.5 1 0
github.com/rmcguinness/gemini_task_engine/pkg/service/scheduler.go:130.4,138.14 3 0
github.com/rmcguinness/gemini_task_engine/pkg/service/scheduler.go:140.3,140.13 1 0
github.com/rmcguinness/gemini_task_engine/pkg/service/scheduler.go:142.2,142.24 1 0
github.com/rmcguinness/gemini_task_engine/pkg/service/scheduler.go:145.146,147.67 2 0
github.com/rmcguinness/gemini_task_engine/pkg/service/scheduler.go:147.67,156.17 2 0
github.com/rmcguinness/gemini_task_engine/pkg/service/scheduler.go:156.17,158.4 1 0
github.com/rmcguinness/gemini_task_engine/pkg/service/scheduler.go:159.3,159.25 1 0
github.com/rmcguinness/gemini_task_engine/pkg/service/scheduler.go:159.25,161.32 2 0
github.com/rmcguinness/gemini_task_engine/pkg/service/scheduler.go:161.32,163.5 1 0
github.com/rmcguinness/gemini_task_engine/pkg/service/scheduler.go:164.4,172.14 3 0
github.com/rmcguinness/gemini_task_engine/pkg/service/scheduler.go:174.3,174.13 1 0
github.com/rmcguinness/gemini_task_engine/pkg/service/scheduler.go:176.2,176.23 1 0
github.com/rmcguinness/gemini_task_engine/pkg/service/scheduler.go:192.76,193.15 1 0
github.com/rmcguinness/gemini_task_engine/pkg/service/scheduler.go:193.15,195.3 1 0
github.com/rmcguinness/gemini_task_engine/pkg/service/scheduler.go:196.2,197.16 2 0
github.com/rmcguinness/gemini_task_engine/pkg/service/scheduler.go:197.16,200.3 2 0
github.com/rmcguinness/gemini_task_engine/pkg/service/scheduler.go:201.2,201.10 1 0
github.com/rmcguinness/gemini_task_engine/pkg/service/scheduler.go:204.48,205.14 1 0
github.com/rmcguinness/gemini_task_engine/pkg/service/scheduler.go:205.14,207.3 1 0
github.com/rmcguinness/gemini_task_engine/pkg/service/scheduler.go:208.2,208.12 1 0
github.com/rmcguinness/gemini_task_engine/pkg/service/scheduler.go:265.141,267.2 1 0
github.com/rmcguinness/gemini_task_engine/pkg/service/scheduler.go:270.172,302.2 10 0
github.com/rmcguinness/gemini_task_engine/pkg/service/scheduler.go:305.181,326.2 2 1
github.com/rmcguinness/gemini_task_engine/pkg/service/scheduler.go:328.44,330.2 1 0
github.com/rmcguinness/gemini_task_engine/pkg/service/scheduler.go:332.44,336.2 3 1
github.com/rmcguinness/gemini_task_engine/pkg/service/scheduler.go:338.56,342.2 3 1
github.com/rmcguinness/gemini_task_engine/pkg/service/scheduler.go:344.61,346.15 2 0
github.com/rmcguinness/gemini_task_engine/pkg/service/scheduler.go:346.15,349.3 2 0
github.com/rmcguinness/gemini_task_engine/pkg/service/scheduler.go:350.2,369.12 13 0
github.com/rmcguinness/gemini_task_engine/pkg/service/scheduler.go:372.41,374.16 2 0
github.com/rmcguinness/gemini_task_engine/pkg/service/scheduler.go:374.16,377.3 2 0
github.com/rmcguinness/gemini_task_engine/pkg/service/scheduler.go:378.2,383.25 4 0
github.com/rmcguinness/gemini_task_engine/pkg/service/scheduler.go:383.25,385.3 1 0
github.com/rmcguinness/gemini_task_engine/pkg/service/scheduler.go:387.2,392.12 4 0
github.com/rmcguinness/gemini_task_engine/pkg/service/scheduler.go:395.78,396.19 1 0
github.com/rmcguinness/gemini_task_engine/pkg/service/scheduler.go:396.19,398.3 1 0
github.com/rmcguinness/gemini_task_engine/pkg/service/scheduler.go:399.2,400.42 2 0
github.com/rmcguinness/gemini_task_engine/pkg/service/scheduler.go:406.68,411.6 4 0
github.com/rmcguinness/gemini_task_engine/pkg/service/scheduler.go:411.6,412.10 1 0
github.com/rmcguinness/gemini_task_engine/pkg/service/scheduler.go:413.21,414.10 1 0
github.com/rmcguinness/gemini_task_engine/pkg/service/scheduler.go:415.19,416.32 1 0
github.com/rmcguinness/gemini_task_engine/pkg/service/scheduler.go:421.71,425.25 3 1
github.com/rmcguinness/gemini_task_engine/pkg/service/scheduler.go:425.25,427.30 2 0
github.com/rmcguinness/gemini_task_engine/pkg/service/scheduler.go:427.30,430.4 2 0
github.com/rmcguinness/gemini_task_engine/pkg/service/scheduler.go:431.3,431.32 1 0
github.com/rmcguinness/gemini_task_engine/pkg/service/scheduler.go:434.2,435.16 2 1
github.com/rmcguinness/gemini_task_engine/pkg/service/scheduler.go:435.16,438.3 2 0
github.com/rmcguinness/gemini_task_engine/pkg/service/scheduler.go:440.2,440.14 1 1
github.com/rmcguinness/gemini_task_engine/pkg/service/scheduler.go:440.14,443.3 2 1
github.com/rmcguinness/gemini_task_engine/pkg/service/scheduler.go:443.8,445.3 1 1
github.com/rmcguinness/gemini_task_engine/pkg/service/scheduler.go:448.48,452.2 3 1
github.com/rmcguinness/gemini_task_engine/pkg/service/scheduler.go:454.56,455.25 1 1
github.com/rmcguinness/gemini_task_engine/pkg/service/scheduler.go:455.25,458.3 2 1
github.com/rmcguinness/gemini_task_engine/pkg/service/scheduler.go:459.2,459.29 1 1
github.com/rmcguinness/gemini_task_engine/pkg/service/scheduler.go:462.60,468.2 5 1
github.com/rmcguinness/gemini_task_engine/pkg/service/scheduler.go:473.69,478.6 4 0
github.com/rmcguinness/gemini_task_engine/pkg/service/scheduler.go:478.6,479.10 1 0
github.com/rmcguinness/gemini_task_engine/pkg/service/scheduler.go:480.21,481.10 1 0
github.com/rmcguinness/gemini_task_engine/pkg/service/scheduler.go:482.19,483.31 1 0
github.com/rmcguinness/gemini_task_engine/pkg/service/scheduler.go:488.70,491.16 3 1
github.com/rmcguinness/gemini_task_engine/pkg/service/scheduler.go:491.16,494.3 2 0
github.com/rmcguinness/gemini_task_engine/pkg/service/scheduler.go:496.2,496.26 1 1
github.com/rmcguinness/gemini_task_engine/pkg/service/scheduler.go:496.26,498.3 1 0
github.com/rmcguinness/gemini_task_engine/pkg/service/scheduler.go:500.2,507.34 6 1
github.com/rmcguinness/gemini_task_engine/pkg/service/scheduler.go:507.34,509.3 1 1
github.com/rmcguinness/gemini_task_engine/pkg/service/scheduler.go:512.95,513.15 1 1
github.com/rmcguinness/gemini_task_engine/pkg/service/scheduler.go:513.15,517.3 3 0
github.com/rmcguinness/gemini_task_engine/pkg/service/scheduler.go:519.2,521.9 2 1
github.com/rmcguinness/gemini_task_engine/pkg/service/scheduler.go:522.20,523.9 1 0
github.com/rmcguinness/gemini_task_engine/pkg/service/scheduler.go:524.44,524.44 0 0
github.com/rmcguinness/gemini_task_engine/pkg/service/scheduler.go:527.2,535.16 8 0
github.com/rmcguinness/gemini_task_engine/pkg/service/scheduler.go:535.16,538.3 2 0
github.com/rmcguinness/gemini_task_engine/pkg/service/scheduler.go:540.2,543.102 4 0
github.com/rmcguinness/gemini_task_engine/pkg/service/scheduler.go:549.75,554.6 4 0
github.com/rmcguinness/gemini_task_engine/pkg/service/scheduler.go:554.6,555.10 1 0
github.com/rmcguinness/gemini_task_engine/pkg/service/scheduler.go:556.21,557.10 1 0
github.com/rmcguinness/gemini_task_engine/pkg/service/scheduler.go:558.19,559.36 1 0
github.com/rmcguinness/gemini_task_engine/pkg/service/scheduler.go:564.75,567.16 3 0
github.com/rmcguinness/gemini_task_engine/pkg/service/scheduler.go:567.16,570.3 2 0
github.com/rmcguinness/gemini_task_engine/pkg/service/scheduler.go:572.2,572.25 1 0
github.com/rmcguinness/gemini_task_engine/pkg/service/scheduler.go:572.25,574.3 1 0
github.com/rmcguinness/gemini_task_engine/pkg/service/scheduler.go:576.2,578.33 2 0
github.com/rmcguinness/gemini_task_engine/pkg/service/scheduler.go:578.33,579.32 1 0
github.com/rmcguinness/gemini_task_engine/pkg/service/scheduler.go:579.32,580.49 1 0
github.com/rmcguinness/gemini_task_engine/pkg/service/scheduler.go:580.49,582.5 1 0
github.com/rmcguinness/gemini_task_engine/pkg/service/scheduler.go:590.72,595.6 4 0
github.com/rmcguinness/gemini_task_engine/pkg/service/scheduler.go:595.6,596.10 1 0
github.com/rmcguinness/gemini_task_engine/pkg/service/scheduler.go:597.21,598.10 1 0
github.com/rmcguinness/gemini_task_engine/pkg/service/scheduler.go:599.19,600.20 1 0
github.com/rmcguinness/gemini_task_engine/pkg/service/scheduler.go:600.20,602.5 1 0
github.com/rmcguinness/gemini_task_engine/pkg/service/scheduler.go:607.75,615.16 4 1
github.com/rmcguinness/gemini_task_engine/pkg/service/scheduler.go:615.16,618.3 2 0
github.com/rmcguinness/gemini_task_engine/pkg/service/scheduler.go:620.2,620.30 1 1
github.com/rmcguinness/gemini_task_engine/pkg/service/scheduler.go:620.30,623.40 2 1
github.com/rmcguinness/gemini_task_engine/pkg/service/scheduler.go:623.40,628.41 4 1
github.com/rmcguinness/gemini_task_engine/pkg/service/scheduler.go:628.41,633.5 4 1
github.com/rmcguinness/gemini_task_engine/pkg/service/scheduler.go:633.10,641.5 7 1
github.com/rmcguinness/gemini_task_engine/pkg/service/scheduler.go:643.4,643.46 1 1
github.com/rmcguinness/gemini_task_engine/pkg/service/scheduler.go:648.2,652.16 3 1
github.com/rmcguinness/gemini_task_engine/pkg/service/scheduler.go:652.16,655.3 2 0
github.com/rmcguinness/gemini_task_engine/pkg/service/scheduler.go:657.2,657.29 1 1
github.com/rmcguinness/gemini_task_engine/pkg/service/scheduler.go:657.29,660.39 2 1
github.com/rmcguinness/gemini_task_engine/pkg/service/scheduler.go:660.39,665.41 4 1
github.com/rmcguinness/gemini_task_engine/pkg/service/scheduler.go:665.41,670.5 4 1
github.com/rmcguinness/gemini_task_engine/pkg/service/scheduler.go:670.10,675.5 4 1
github.com/rmcguinness/gemini_task_engine/pkg/service/scheduler.go:677.4,677.46 1 1
github.com/rmcguinness/gemini_task_engine/pkg/service/scheduler.go:685.77,690.6 4 0
github.com/rmcguinness/gemini_task_engine/pkg/service/scheduler.go:690.6,691.10 1 0
github.com/rmcguinness/gemini_task_engine/pkg/service/scheduler.go:692.21,693.10 1 0
github.com/rmcguinness/gemini_task_engine/pkg/service/scheduler.go:694.19,695.20 1 0
github.com/rmcguinness/gemini_task_engine/pkg/service/scheduler.go:695.20,698.5 2 0
github.com/rmcguinness/gemini_task_engine/pkg/service/scheduler.go:703.72,706.16 3 0
github.com/rmcguinness/gemini_task_engine/pkg/service/scheduler.go:706.16,709.3 2 0
github.com/rmcguinness/gemini_task_engine/pkg/service/scheduler.go:711.2,711.27 1 0
github.com/rmcguinness/gemini_task_engine/pkg/service/scheduler.go:711.27,713.17 2 0
github.com/rmcguinness/gemini_task_engine/pkg/service/scheduler.go:713.17,715.12 2 0
github.com/rmcguinness/gemini_task_engine/pkg/service/scheduler.go:717.3,717.14 1 0
github.com/rmcguinness/gemini_task_engine/pkg/service/scheduler.go:717.14,719.4 1 0
github.com/rmcguinness/gemini_task_engine/pkg/service/scheduler.go:723.82,730.16 4 0
github.com/rmcguinness/gemini_task_engine/pkg/service/scheduler.go:730.16,732.3 1 0
github.com/rmcguinness/gemini_task_engine/pkg/service/scheduler.go:734.2,734.37 1 0
github.com/rmcguinness/gemini_task_engine/pkg/service/scheduler.go:734.37,744.17 3 0
github.com/rmcguinness/gemini_task_engine/pkg/service/scheduler.go:744.17,746.12 2 0
github.com/rmcguinness/gemini_task_engine/pkg/service/scheduler.go:750.3,755.30 3 0
github.com/rmcguinness/gemini_task_engine/pkg/service/scheduler.go:755.30,757.12 1 0
github.com/rmcguinness/gemini_task_engine/pkg/service/scheduler.go:761.3,762.17 2 0
github.com/rmcguinness/gemini_task_engine/pkg/service/scheduler.go:762.17,764.4 1 0
github.com/rmcguinness/gemini_task_engine/pkg/service/scheduler.go:764.9,766.4 1 0
github.com/rmcguinness/gemini_task_engine/pkg/service/scheduler.go:768.2,768.12 1 0
github.com/rmcguinness/gemini_task_engine/pkg/service/scheduler.go:771.60,777.2 5 0
github.com/rmcguinness/gemini_task_engine/pkg/service/shift.go:44.125,49.2 1 1
github.com/rmcguinness/gemini_task_engine/pkg/service/shift.go:51.127,54.54 2 1
github.com/rmcguinness/gemini_task_engine/pkg/service/shift.go:54.54,56.3 1 1
github.com/rmcguinness/gemini_task_engine/pkg/service/shift.go:59.2,60.16 2 1
github.com/rmcguinness/gemini_task_engine/pkg/service/shift.go:60.16,62.3 1 1
github.com/rmcguinness/gemini_task_engine/pkg/service/shift.go:65.2,71.16 3 1
github.com/rmcguinness/gemini_task_engine/pkg/service/shift.go:71.16,73.3 1 0
github.com/rmcguinness/gemini_task_engine/pkg/service/shift.go:75.2,83.62 2 1
github.com/rmcguinness/gemini_task_engine/pkg/service/shift.go:83.62,85.3 1 0
github.com/rmcguinness/gemini_task_engine/pkg/service/shift.go:87.2,87.24 1 1
github.com/rmcguinness/gemini_task_engine/pkg/service/shift.go:90.99,92.2 1 0
github.com/rmcguinness/gemini_task_engine/pkg/service/shift.go:94.84,96.2 1 0
github.com/rmcguinness/gemini_task_engine/pkg/service/shift.go:98.106,100.2 1 0
github.com/rmcguinness/gemini_task_engine/pkg/service/shift.go:103.96,105.2 1 1
github.com/rmcguinness/gemini_task_engine/pkg/service/shift.go:107.105,109.2 1 1
github.com/rmcguinness/gemini_task_engine/pkg/service/shift.go:111.94,113.2 1 1
github.com/rmcguinness/gemini_task_engine/pkg/service/shift.go:115.118,117.2 1 1
github.com/rmcguinness/gemini_task_engine/pkg/service/shift.go:119.76,121.2 1 1
github.com/rmcguinness/gemini_task_engine/pkg/service/task.go:57.116,62.2 1 1
github.com/rmcguinness/gemini_task_engine/pkg/service/task.go:64.100,66.2 1 1
github.com/rmcguinness/gemini_task_engine/pkg/service/task.go:68.83,70.2 1 1
github.com/rmcguinness/gemini_task_engine/pkg/service/task.go:72.102,74.2 1 1
github.com/rmcguinness/gemini_task_engine/pkg/service/task.go:76.116,78.2 1 1
github.com/rmcguinness/gemini_task_engine/pkg/service/task.go:80.115,85.16 3 1
github.com/rmcguinness/gemini_task_engine/pkg/service/task.go:85.16,87.3 1 0
github.com/rmcguinness/gemini_task_engine/pkg/service/task.go:89.2,93.16 3 1
github.com/rmcguinness/gemini_task_engine/pkg/service/task.go:94.21,95.34 1 1
github.com/rmcguinness/gemini_task_engine/pkg/service/task.go:95.34,98.4 2 1
github.com/rmcguinness/gemini_task_engine/pkg/service/task.go:98.9,98.40 1 1
github.com/rmcguinness/gemini_task_engine/pkg/service/task.go:98.40,100.28 1 1
github.com/rmcguinness/gemini_task_engine/pkg/service/task.go:100.28,104.5 3 1
github.com/rmcguinness/gemini_task_engine/pkg/service/task.go:105.4,105.31 1 1
github.com/rmcguinness/gemini_task_engine/pkg/service/task.go:107.16,108.38 1 1
github.com/rmcguinness/gemini_task_engine/pkg/service/task.go:108.38,111.4 2 1
github.com/rmcguinness/gemini_task_engine/pkg/service/task.go:112.19,114.26 2 1
github.com/rmcguinness/gemini_task_engine/pkg/service/task.go:118.2,118.26 1 1
github.com/rmcguinness/gemini_task_engine/pkg/service/task.go:118.26,125.90 2 1
github.com/rmcguinness/gemini_task_engine/pkg/service/task.go:125.90,127.36 2 1
github.com/rmcguinness/gemini_task_engine/pkg/service/task.go:127.36,128.82 1 1
github.com/rmcguinness/gemini_task_engine/pkg/service/task.go:128.82,131.46 2 1
github.com/rmcguinness/gemini_task_engine/pkg/service/task.go:131.46,133.37 2 1
github.com/rmcguinness/gemini_task_engine/pkg/service/task.go:133.37,135.28 1 1
github.com/rmcguinness/gemini_task_engine/pkg/service/task.go:136.21,140.23 4 1
github.com/rmcguinness/gemini_task_engine/pkg/service/task.go:141.21,144.23 3 1
github.com/rmcguinness/gemini_task_engine/pkg/service/task.go:145.22,146.83 1 1
github.com/rmcguinness/gemini_task_engine/pkg/service/task.go:146.83,147.80 1 1
github.com/rmcguinness/gemini_task_engine/pkg/service/task.go:147.80,151.67 3 1
github.com/rmcguinness/gemini_task_engine/pkg/service/task.go:151.67,153.12 1 1
github.com/rmcguinness/gemini_task_engine/pkg/service/task.go:154.11,154.81 1 1
github.com/rmcguinness/gemini_task_engine/pkg/service/task.go:157.9,159.23 3 1
github.com/rmcguinness/gemini_task_engine/pkg/service/task.go:160.24,168.82 6 1
github.com/rmcguinness/gemini_task_engine/pkg/service/task.go:168.82,169.78 1 1
github.com/rmcguinness/gemini_task_engine/pkg/service/task.go:169.78,173.67 3 1
github.com/rmcguinness/gemini_task_engine/pkg/service/task.go:173.67,175.12 1 1
github.com/rmcguinness/gemini_task_engine/pkg/service/task.go:176.11,180.59 3 1
github.com/rmcguinness/gemini_task_engine/pkg/service/task.go:180.59,182.12 1 1
github.com/rmcguinness/gemini_task_engine/pkg/service/task.go:183.11,183.71 1 1
github.com/rmcguinness/gemini_task_engine/pkg/service/task.go:187.8,187.13 1 1
github.com/rmcguinness/gemini_task_engine/pkg/service/task.go:190.6,190.17 1 1
github.com/rmcguinness/gemini_task_engine/pkg/service/task.go:190.17,193.7 2 1
github.com/rmcguinness/gemini_task_engine/pkg/service/task.go:196.9,199.4 1 1
github.com/rmcguinness/gemini_task_engine/pkg/service/task.go:202.2,202.45 1 1
github.com/rmcguinness/gemini_task_engine/pkg/service/task.go:206.126,210.16 3 1
github.com/rmcguinness/gemini_task_engine/pkg/service/task.go:210.16,212.3 1 0
github.com/rmcguinness/gemini_task_engine/pkg/service/task.go:214.2,215.16 2 1
github.com/rmcguinness/gemini_task_engine/pkg/service/task.go:215.16,217.3 1 0
github.com/rmcguinness/gemini_task_engine/pkg/service/task.go:220.2,221.33 2 1
github.com/rmcguinness/gemini_task_engine/pkg/service/task.go:221.33,222.68 1 1
github.com/rmcguinness/gemini_task_engine/pkg/service/task.go:222.68,224.4 1 0
github.com/rmcguinness/gemini_task_engine/pkg/service/task.go:225.8,227.3 1 0
github.com/rmcguinness/gemini_task_engine/pkg/service/task.go:230.2,238.16 3 1
github.com/rmcguinness/gemini_task_engine/pkg/service/task.go:238.16,240.3 1 0
github.com/rmcguinness/gemini_task_engine/pkg/service/task.go:241.2,244.45 2 1
github.com/rmcguinness/gemini_task_engine/pkg/service/task.go:247.116,251.16 3 1
github.com/rmcguinness/gemini_task_engine/pkg/service/task.go:251.16,253.3 1 1
github.com/rmcguinness/gemini_task_engine/pkg/service/task.go:255.2,255.32 1 1
github.com/rmcguinness/gemini_task_engine/pkg/service/task.go:255.32,257.3 1 1
github.com/rmcguinness/gemini_task_engine/pkg/service/task.go:258.2,258.36 1 1
github.com/rmcguinness/gemini_task_engine/pkg/service/task.go:258.36,260.3 1 1
github.com/rmcguinness/gemini_task_engine/pkg/service/task.go:262.2,263.30 2 1
github.com/rmcguinness/gemini_task_engine/pkg/service/task.go:263.30,265.3 1 1
github.com/rmcguinness/gemini_task_engine/pkg/service/task.go:267.2,274.67 2 1
github.com/rmcguinness/gemini_task_engine/pkg/service/task.go:274.67,276.3 1 0
github.com/rmcguinness/gemini_task_engine/pkg/service/task.go:278.2,279.61 2 1
github.com/rmcguinness/gemini_task_engine/pkg/service/task.go:279.61,281.3 1 0
github.com/rmcguinness/gemini_task_engine/pkg/service/task.go:283.2,283.12 1 1
github.com/rmcguinness/gemini_task_engine/pkg/service/task.go:286.93,290.16 3 1
github.com/rmcguinness/gemini_task_engine/pkg/service/task.go:290.16,292.3 1 0
github.com/rmcguinness/gemini_task_engine/pkg/service/task.go:294.2,294.31 1 1
github.com/rmcguinness/gemini_task_engine/pkg/service/task.go:294.31,296.3 1 0
github.com/rmcguinness/gemini_task_engine/pkg/service/task.go:298.2,299.16 2 1
github.com/rmcguinness/gemini_task_engine/pkg/service/task.go:299.16,301.3 1 0
github.com/rmcguinness/gemini_task_engine/pkg/service/task.go:304.2,307.61 3 1
github.com/rmcguinness/gemini_task_engine/pkg/service/task.go:307.61,309.3 1 0
github.com/rmcguinness/gemini_task_engine/pkg/service/task.go:311.2,312.51 2 1
github.com/rmcguinness/gemini_task_engine/pkg/service/task.go:315.105,317.2 1 1
github.com/rmcguinness/gemini_task_engine/pkg/service/task.go:319.92,323.16 3 1
github.com/rmcguinness/gemini_task_engine/pkg/service/task.go:323.16,325.3 1 1
github.com/rmcguinness/gemini_task_engine/pkg/service/task.go:327.2,327.31 1 1
github.com/rmcguinness/gemini_task_engine/pkg/service/task.go:327.31,329.3 1 1
github.com/rmcguinness/gemini_task_engine/pkg/service/task.go:331.2,331.82 1 1
github.com/rmcguinness/gemini_task_engine/pkg/service/task.go:331.82,333.3 1 1
github.com/rmcguinness/gemini_task_engine/pkg/service/task.go:335.2,336.16 2 1
github.com/rmcguinness/gemini_task_engine/pkg/service/task.go:336.16,338.3 1 0
github.com/rmcguinness/gemini_task_engine/pkg/service/task.go:341.2,345.34 3 1
github.com/rmcguinness/gemini_task_engine/pkg/service/task.go:345.34,347.73 2 1
github.com/rmcguinness/gemini_task_engine/pkg/service/task.go:347.73,348.35 1 1
github.com/rmcguinness/gemini_task_engine/pkg/service/task.go:348.35,349.57 1 1
github.com/rmcguinness/gemini_task_engine/pkg/service/task.go:349.57,351.11 2 1
github.com/rmcguinness/gemini_task_engine/pkg/service/task.go:356.2,356.23 1 1
github.com/rmcguinness/gemini_task_engine/pkg/service/task.go:356.23,358.3 1 1
github.com/rmcguinness/gemini_task_engine/pkg/service/task.go:358.8,360.3 1 1
github.com/rmcguinness/gemini_task_engine/pkg/service/task.go:362.2,362.61 1 1
github.com/rmcguinness/gemini_task_engine/pkg/service/task.go:362.61,364.3 1 0
github.com/rmcguinness/gemini_task_engine/pkg/service/task.go:366.2,367.51 2 1
github.com/rmcguinness/gemini_task_engine/pkg/service/task.go:370.92,374.16 3 1
github.com/rmcguinness/gemini_task_engine/pkg/service/task.go:374.16,376.3 1 0
github.com/rmcguinness/gemini_task_engine/pkg/service/task.go:378.2,378.31 1 1
github.com/rmcguinness/gemini_task_engine/pkg/service/task.go:378.31,380.3 1 0
github.com/rmcguinness/gemini_task_engine/pkg/service/task.go:382.2,382.82 1 1
github.com/rmcguinness/gemini_task_engine/pkg/service/task.go:382.82,384.3 1 1
github.com/rmcguinness/gemini_task_engine/pkg/service/task.go:386.2,387.16 2 1
github.com/rmcguinness/gemini_task_engine/pkg/service/task.go:387.16,389.3 1 0
github.com/rmcguinness/gemini_task_engine/pkg/service/task.go:392.2,393.34 2 1
github.com/rmcguinness/gemini_task_engine/pkg/service/task.go:393.34,395.73 2 1
github.com/rmcguinness/gemini_task_engine/pkg/service/task.go:395.73,396.35 1 1
github.com/rmcguinness/gemini_task_engine/pkg/service/task.go:396.35,397.57 1 0
github.com/rmcguinness/gemini_task_engine/pkg/service/task.go:397.57,399.11 2 0
github.com/rmcguinness/gemini_task_engine/pkg/service/task.go:404.2,404.23 1 1
github.com/rmcguinness/gemini_task_engine/pkg/service/task.go:404.23,406.3 1 0
github.com/rmcguinness/gemini_task_engine/pkg/service/task.go:406.8,408.3 1 1
github.com/rmcguinness/gemini_task_engine/pkg/service/task.go:410.2,410.61 1 1
github.com/rmcguinness/gemini_task_engine/pkg/service/task.go:410.61,412.3 1 0
github.com/rmcguinness/gemini_task_engine/pkg/service/task.go:414.2,415.51 2 1
github.com/rmcguinness/gemini_task_engine/pkg/service/task.go:418.110,422.16 3 1
github.com/rmcguinness/gemini_task_engine/pkg/service/task.go:422.16,424.3 1 0
github.com/rmcguinness/gemini_task_engine/pkg/service/task.go:427.2,427.32 1 1
github.com/rmcguinness/gemini_task_engine/pkg/service/task.go:427.32,429.3 1 0
github.com/rmcguinness/gemini_task_engine/pkg/service/task.go:432.2,433.36 2 1
github.com/rmcguinness/gemini_task_engine/pkg/service/task.go:433.36,437.17 3 1
github.com/rmcguinness/gemini_task_engine/pkg/service/task.go:437.17,439.4 1 0
github.com/rmcguinness/gemini_task_engine/pkg/service/task.go:445.3,446.34 2 1
github.com/rmcguinness/gemini_task_engine/pkg/service/task.go:446.34,448.4 1 0
github.com/rmcguinness/gemini_task_engine/pkg/service/task.go:448.9,448.80 1 1
github.com/rmcguinness/gemini_task_engine/pkg/service/task.go:448.80,450.4 1 0
github.com/rmcguinness/gemini_task_engine/pkg/service/task.go:450.9,450.49 1 1
github.com/rmcguinness/gemini_task_engine/pkg/service/task.go:450.49,452.4 1 1
github.com/rmcguinness/gemini_task_engine/pkg/service/task.go:452.9,452.76 1 0
github.com/rmcguinness/gemini_task_engine/pkg/service/task.go:452.76,454.4 1 0
github.com/rmcguinness/gemini_task_engine/pkg/service/task.go:454.9,455.36 1 0
github.com/rmcguinness/gemini_task_engine/pkg/service/task.go:455.36,456.39 1 0
github.com/rmcguinness/gemini_task_engine/pkg/service/task.go:456.39,458.11 2 0
github.com/rmcguinness/gemini_task_engine/pkg/service/task.go:463.3,463.20 1 1
github.com/rmcguinness/gemini_task_engine/pkg/service/task.go:463.20,465.4 1 0
github.com/rmcguinness/gemini_task_engine/pkg/service/task.go:466.8,471.69 2 1
github.com/rmcguinness/gemini_task_engine/pkg/service/task.go:471.69,473.4 1 1
github.com/rmcguinness/gemini_task_engine/pkg/service/task.go:473.9,474.36 1 1
github.com/rmcguinness/gemini_task_engine/pkg/service/task.go:474.36,475.39 1 1
github.com/rmcguinness/gemini_task_engine/pkg/service/task.go:475.39,477.11 2 1
github.com/rmcguinness/gemini_task_engine/pkg/service/task.go:482.3,482.20 1 1
github.com/rmcguinness/gemini_task_engine/pkg/service/task.go:482.20,484.4 1 1
github.com/rmcguinness/gemini_task_engine/pkg/service/task.go:488.2,492.34 3 1
github.com/rmcguinness/gemini_task_engine/pkg/service/task.go:492.34,494.73 2 0
github.com/rmcguinness/gemini_task_engine/pkg/service/task.go:494.73,495.35 1 0
github.com/rmcguinness/gemini_task_engine/pkg/service/task.go:495.35,496.57 1 0
github.com/rmcguinness/gemini_task_engine/pkg/service/task.go:496.57,498.11 2 0
github.com/rmcguinness/gemini_task_engine/pkg/service/task.go:503.2,503.23 1 1
github.com/rmcguinness/gemini_task_engine/pkg/service/task.go:503.23,505.3 1 0
github.com/rmcguinness/gemini_task_engine/pkg/service/task.go:505.8,507.3 1 1
github.com/rmcguinness/gemini_task_engine/pkg/service/task.go:510.2,510.61 1 1
github.com/rmcguinness/gemini_task_engine/pkg/service/task.go:510.61,512.3 1 0
github.com/rmcguinness/gemini_task_engine/pkg/service/task.go:515.2,515.18 1 1
github.com/rmcguinness/gemini_task_engine/pkg/service/task.go:515.18,517.73 2 1
github.com/rmcguinness/gemini_task_engine/pkg/service/task.go:517.73,519.4 1 0
github.com/rmcguinness/gemini_task_engine/pkg/service/task.go:520.3,520.52 1 1
github.com/rmcguinness/gemini_task_engine/pkg/service/task.go:523.2,523.12 1 1
github.com/rmcguinness/gemini_task_engine/pkg/service/task.go:526.103,528.16 2 1
github.com/rmcguinness/gemini_task_engine/pkg/service/task.go:528.16,530.3 1 0
github.com/rmcguinness/gemini_task_engine/pkg/service/task.go:531.2,532.32 2 1
github.com/rmcguinness/gemini_task_engine/pkg/service/task.go:532.32,534.3 1 1
github.com/rmcguinness/gemini_task_engine/pkg/service/task.go:535.2,535.18 1 1
github.com/rmcguinness/gemini_task_engine/pkg/service/task.go:538.96,540.2 1 1
github.com/rmcguinness/gemini_task_engine/pkg/service/task.go:542.106,544.2 1 1
github.com/rmcguinness/gemini_task_engine/pkg/service/task.go:546.97,548.2 1 1
github.com/rmcguinness/gemini_task_engine/pkg/service/task.go:550.95,552.2 1 1
github.com/rmcguinness/gemini_task_engine/pkg/service/task.go:554.119,556.2 1 1
github.com/rmcguinness/gemini_task_engine/pkg/service/task.go:558.81,560.2 1 1
