mode: set
github.com/rmcguinness/gemini_task_engine/pkg/model/hooks.go:25.62,27.61 2 0
github.com/rmcguinness/gemini_task_engine/pkg/model/hooks.go:27.61,28.47 1 0
github.com/rmcguinness/gemini_task_engine/pkg/model/hooks.go:28.47,30.4 1 0
github.com/rmcguinness/gemini_task_engine/pkg/model/hooks.go:34.2,35.16 2 0
github.com/rmcguinness/gemini_task_engine/pkg/model/hooks.go:35.16,37.3 1 0
github.com/rmcguinness/gemini_task_engine/pkg/model/hooks.go:40.2,41.81 2 0
github.com/rmcguinness/gemini_task_engine/pkg/model/hooks.go:41.81,43.3 1 0
github.com/rmcguinness/gemini_task_engine/pkg/model/hooks.go:43.8,43.33 1 0
github.com/rmcguinness/gemini_task_engine/pkg/model/hooks.go:43.33,45.3 1 0
github.com/rmcguinness/gemini_task_engine/pkg/model/hooks.go:45.8,45.87 1 0
github.com/rmcguinness/gemini_task_engine/pkg/model/hooks.go:45.87,47.3 1 0
github.com/rmcguinness/gemini_task_engine/pkg/model/hooks.go:47.8,47.36 1 0
github.com/rmcguinness/gemini_task_engine/pkg/model/hooks.go:47.36,49.3 1 0
github.com/rmcguinness/gemini_task_engine/pkg/model/hooks.go:51.2,59.32 2 0
github.com/rmcguinness/gemini_task_engine/pkg/model/types.go:30.47,31.18 1 1
github.com/rmcguinness/gemini_task_engine/pkg/model/types.go:31.18,34.3 2 1
github.com/rmcguinness/gemini_task_engine/pkg/model/types.go:35.2,36.9 2 1
github.com/rmcguinness/gemini_task_engine/pkg/model/types.go:36.9,38.3 1 1
github.com/rmcguinness/gemini_task_engine/pkg/model/types.go:39.2,42.12 4 1
github.com/rmcguinness/gemini_task_engine/pkg/model/types.go:46.46,47.14 1 0
github.com/rmcguinness/gemini_task_engine/pkg/model/types.go:47.14,49.3 1 0
github.com/rmcguinness/gemini_task_engine/pkg/model/types.go:50.2,50.23 1 0
github.com/rmcguinness/gemini_task_engine/pkg/model/types.go:54.50,55.17 1 0
github.com/rmcguinness/gemini_task_engine/pkg/model/types.go:55.17,58.3 2 0
github.com/rmcguinness/gemini_task_engine/pkg/model/types.go:59.2,62.12 4 0
github.com/rmcguinness/gemini_task_engine/pkg/model/types.go:66.46,67.17 1 1
github.com/rmcguinness/gemini_task_engine/pkg/model/types.go:67.17,69.3 1 1
github.com/rmcguinness/gemini_task_engine/pkg/model/types.go:70.2,70.23 1 1
github.com/rmcguinness/gemini_task_engine/pkg/model/types.go:77.55,78.18 1 1
github.com/rmcguinness/gemini_task_engine/pkg/model/types.go:78.18,81.3 2 1
github.com/rmcguinness/gemini_task_engine/pkg/model/types.go:82.2,83.9 2 1
github.com/rmcguinness/gemini_task_engine/pkg/model/types.go:83.9,85.10 2 1
github.com/rmcguinness/gemini_task_engine/pkg/model/types.go:85.10,87.4 1 1
github.com/rmcguinness/gemini_task_engine/pkg/model/types.go:88.3,88.22 1 1
github.com/rmcguinness/gemini_task_engine/pkg/model/types.go:90.2,91.15 2 1
github.com/rmcguinness/gemini_task_engine/pkg/model/types.go:91.15,94.3 2 1
github.com/rmcguinness/gemini_task_engine/pkg/model/types.go:95.2,97.26 3 1
github.com/rmcguinness/gemini_task_engine/pkg/model/types.go:97.26,99.17 2 1
github.com/rmcguinness/gemini_task_engine/pkg/model/types.go:99.17,101.4 1 1
github.com/rmcguinness/gemini_task_engine/pkg/model/types.go:102.3,102.24 1 1
github.com/rmcguinness/gemini_task_engine/pkg/model/types.go:104.2,105.12 2 1
github.com/rmcguinness/gemini_task_engine/pkg/model/types.go:109.54,110.17 1 1
github.com/rmcguinness/gemini_task_engine/pkg/model/types.go:110.17,112.3 1 1
github.com/rmcguinness/gemini_task_engine/pkg/model/types.go:113.2,114.24 2 1
github.com/rmcguinness/gemini_task_engine/pkg/model/types.go:114.24,116.3 1 1
github.com/rmcguinness/gemini_task_engine/pkg/model/types.go:117.2,117.50 1 1
github.com/rmcguinness/gemini_task_engine/pkg/model/user.go:86.65,88.88 2 1
github.com/rmcguinness/gemini_task_engine/pkg/model/user.go:88.88,90.3 1 1
github.com/rmcguinness/gemini_task_engine/pkg/model/user.go:91.2,91.58 1 1
github.com/rmcguinness/gemini_task_engine/pkg/model/user.go:91.58,93.3 1 0
github.com/rmcguinness/gemini_task_engine/pkg/model/user.go:94.2,94.18 1 1
github.com/rmcguinness/gemini_task_engine/pkg/model/user.go:97.66,99.16 2 1
github.com/rmcguinness/gemini_task_engine/pkg/model/user.go:99.16,101.3 1 0
github.com/rmcguinness/gemini_task_engine/pkg/model/user.go:102.2,103.12 2 1
github.com/rmcguinness/gemini_task_engine/pkg/model/user.go:107.44,109.16 2 1
github.com/rmcguinness/gemini_task_engine/pkg/model/user.go:109.16,111.3 1 0
github.com/rmcguinness/gemini_task_engine/pkg/model/user.go:112.2,112.35 1 1
github.com/rmcguinness/gemini_task_engine/pkg/model/user.go:112.35,113.34 1 1
github.com/rmcguinness/gemini_task_engine/pkg/model/user.go:113.34,115.4 1 1
github.com/rmcguinness/gemini_task_engine/pkg/model/user.go:117.2,117.16 1 1
github.com/rmcguinness/gemini_task_engine/pkg/model/user.go:121.42,123.16 2 1
github.com/rmcguinness/gemini_task_engine/pkg/model/user.go:123.16,125.3 1 0
github.com/rmcguinness/gemini_task_engine/pkg/model/user.go:126.2,127.31 2 1
github.com/rmcguinness/gemini_task_engine/pkg/model/user.go:131.52,133.16 2 1
github.com/rmcguinness/gemini_task_engine/pkg/model/user.go:133.16,135.3 1 0
github.com/rmcguinness/gemini_task_engine/pkg/model/user.go:136.2,136.44 1 1
github.com/rmcguinness/gemini_task_engine/pkg/model/user.go:136.44,137.34 1 1
github.com/rmcguinness/gemini_task_engine/pkg/model/user.go:137.34,139.4 1 1
github.com/rmcguinness/gemini_task_engine/pkg/model/user.go:141.2,141.16 1 1
github.com/rmcguinness/gemini_task_engine/pkg/model/user.go:145.54,147.16 2 1
github.com/rmcguinness/gemini_task_engine/pkg/model/user.go:147.16,149.3 1 0
github.com/rmcguinness/gemini_task_engine/pkg/model/user.go:150.2,151.31 2 1
github.com/rmcguinness/gemini_task_engine/pkg/model/user.go:155.45,157.16 2 1
github.com/rmcguinness/gemini_task_engine/pkg/model/user.go:157.16,159.3 1 0
github.com/rmcguinness/gemini_task_engine/pkg/model/user.go:160.2,160.37 1 1
github.com/rmcguinness/gemini_task_engine/pkg/model/user.go:160.37,161.34 1 1
github.com/rmcguinness/gemini_task_engine/pkg/model/user.go:161.34,163.4 1 1
github.com/rmcguinness/gemini_task_engine/pkg/model/user.go:165.2,165.16 1 1
github.com/rmcguinness/gemini_task_engine/pkg/model/user.go:169.47,171.16 2 1
github.com/rmcguinness/gemini_task_engine/pkg/model/user.go:171.16,173.3 1 0
github.com/rmcguinness/gemini_task_engine/pkg/model/user.go:174.2,175.31 2 1
github.com/rmcguinness/gemini_task_engine/pkg/model/user.go:179.47,181.16 2 1
github.com/rmcguinness/gemini_task_engine/pkg/model/user.go:181.16,183.3 1 0
github.com/rmcguinness/gemini_task_engine/pkg/model/user.go:184.2,184.41 1 1
github.com/rmcguinness/gemini_task_engine/pkg/model/user.go:184.41,185.30 1 1
github.com/rmcguinness/gemini_task_engine/pkg/model/user.go:185.30,187.4 1 1
github.com/rmcguinness/gemini_task_engine/pkg/model/user.go:189.2,189.19 1 1
github.com/rmcguinness/gemini_task_engine/pkg/model/user.go:193.50,195.16 2 1
github.com/rmcguinness/gemini_task_engine/pkg/model/user.go:195.16,197.3 1 0
github.com/rmcguinness/gemini_task_engine/pkg/model/user.go:198.2,199.31 2 1
github.com/rmcguinness/gemini_task_engine/pkg/model/user.go:215.53,217.17 2 1
github.com/rmcguinness/gemini_task_engine/pkg/model/user.go:217.17,219.3 1 1
github.com/rmcguinness/gemini_task_engine/pkg/model/user.go:219.8,221.3 1 1
github.com/rmcguinness/gemini_task_engine/pkg/model/user.go:225.49,227.2 1 1
github.com/rmcguinness/gemini_task_engine/pkg/agents/agents.go:46.46,49.2 2 1
github.com/rmcguinness/gemini_task_engine/pkg/agents/agents.go:52.32,54.33 2 1
github.com/rmcguinness/gemini_task_engine/pkg/agents/agents.go:54.33,56.3 1 1
github.com/rmcguinness/gemini_task_engine/pkg/agents/agents.go:57.2,57.13 1 1
github.com/rmcguinness/gemini_task_engine/pkg/agents/session.go:49.61,50.61 1 0
github.com/rmcguinness/gemini_task_engine/pkg/agents/session.go:50.61,52.3 1 0
github.com/rmcguinness/gemini_task_engine/pkg/agents/session.go:53.2,53.37 1 0
github.com/rmcguinness/gemini_task_engine/pkg/agents/session.go:56.129,57.54 1 0
github.com/rmcguinness/gemini_task_engine/pkg/agents/session.go:57.54,59.3 1 0
github.com/rmcguinness/gemini_task_engine/pkg/agents/session.go:61.2,63.40 3 0
github.com/rmcguinness/gemini_task_engine/pkg/agents/session.go:63.40,65.3 1 0
github.com/rmcguinness/gemini_task_engine/pkg/agents/session.go:68.2,76.68 2 0
github.com/rmcguinness/gemini_task_engine/pkg/agents/session.go:76.68,78.3 1 0
github.com/rmcguinness/gemini_task_engine/pkg/agents/session.go:80.2,80.21 1 0
github.com/rmcguinness/gemini_task_engine/pkg/agents/session.go:83.93,85.2 1 0
github.com/rmcguinness/gemini_task_engine/pkg/agents/session.go:87.84,89.2 1 0
github.com/rmcguinness/gemini_task_engine/pkg/agents/session.go:96.49,98.2 1 1
github.com/rmcguinness/gemini_task_engine/pkg/agents/session.go:100.137,101.54 1 1
github.com/rmcguinness/gemini_task_engine/pkg/agents/session.go:101.54,103.3 1 0
github.com/rmcguinness/gemini_task_engine/pkg/agents/session.go:105.2,106.8 2 1
github.com/rmcguinness/gemini_task_engine/pkg/agents/session.go:106.8,108.3 1 1
github.com/rmcguinness/gemini_task_engine/pkg/agents/session.go:110.2,118.21 3 1
github.com/rmcguinness/gemini_task_engine/pkg/agents/session.go:121.101,124.2 2 1
github.com/rmcguinness/gemini_task_engine/pkg/agents/session.go:126.92,129.2 2 0
github.com/rmcguinness/gemini_task_engine/pkg/api/a2ui.go:32.42,32.83 1 1
github.com/rmcguinness/gemini_task_engine/pkg/api/a2ui.go:33.42,33.84 1 0
github.com/rmcguinness/gemini_task_engine/pkg/api/a2ui.go:34.43,34.84 1 0
github.com/rmcguinness/gemini_task_engine/pkg/api/a2ui.go:35.42,35.74 1 0
github.com/rmcguinness/gemini_task_engine/pkg/api/a2ui.go:37.40,37.53 1 0
github.com/rmcguinness/gemini_task_engine/pkg/api/a2ui.go:155.41,179.2 1 1
github.com/rmcguinness/gemini_task_engine/pkg/api/a2ui.go:182.139,184.26 2 1
github.com/rmcguinness/gemini_task_engine/pkg/api/a2ui.go:184.26,189.3 1 0
github.com/rmcguinness/gemini_task_engine/pkg/api/a2ui.go:191.2,202.3 1 1
github.com/rmcguinness/gemini_task_engine/pkg/api/a2ui.go:206.61,207.25 1 1
github.com/rmcguinness/gemini_task_engine/pkg/api/a2ui.go:207.25,208.30 1 1
github.com/rmcguinness/gemini_task_engine/pkg/api/a2ui.go:208.30,210.4 1 1
github.com/rmcguinness/gemini_task_engine/pkg/api/a2ui.go:212.2,212.11 1 1
github.com/rmcguinness/gemini_task_engine/pkg/api/a2ui.go:215.55,216.25 1 1
github.com/rmcguinness/gemini_task_engine/pkg/api/a2ui.go:216.25,217.26 1 0
github.com/rmcguinness/gemini_task_engine/pkg/api/a2ui.go:218.12,219.14 1 0
github.com/rmcguinness/gemini_task_engine/pkg/api/a2ui.go:220.16,221.19 1 0
github.com/rmcguinness/gemini_task_engine/pkg/api/a2ui.go:224.2,224.10 1 1
github.com/rmcguinness/gemini_task_engine/pkg/api/a2ui.go:227.57,228.25 1 0
github.com/rmcguinness/gemini_task_engine/pkg/api/a2ui.go:228.25,229.28 1 0
github.com/rmcguinness/gemini_task_engine/pkg/api/a2ui.go:229.28,231.4 1 0
github.com/rmcguinness/gemini_task_engine/pkg/api/a2ui.go:233.2,233.14 1 0
github.com/rmcguinness/gemini_task_engine/pkg/api/a2ui.go:236.67,237.25 1 1
github.com/rmcguinness/gemini_task_engine/pkg/api/a2ui.go:237.25,238.37 1 1
github.com/rmcguinness/gemini_task_engine/pkg/api/a2ui.go:238.37,240.4 1 1
github.com/rmcguinness/gemini_task_engine/pkg/api/a2ui.go:242.2,242.12 1 0
github.com/rmcguinness/gemini_task_engine/pkg/api/a2ui.go:245.74,246.25 1 1
github.com/rmcguinness/gemini_task_engine/pkg/api/a2ui.go:246.25,247.46 1 1
github.com/rmcguinness/gemini_task_engine/pkg/api/a2ui.go:247.46,249.4 1 1
github.com/rmcguinness/gemini_task_engine/pkg/api/a2ui.go:251.2,251.12 1 0
github.com/rmcguinness/gemini_task_engine/pkg/api/a2ui.go:255.107,260.39 4 1
github.com/rmcguinness/gemini_task_engine/pkg/api/a2ui.go:260.39,263.3 2 1
github.com/rmcguinness/gemini_task_engine/pkg/api/a2ui.go:265.2,268.62 3 1
github.com/rmcguinness/gemini_task_engine/pkg/api/a2ui.go:268.62,272.34 3 1
github.com/rmcguinness/gemini_task_engine/pkg/api/a2ui.go:272.34,273.47 1 1
github.com/rmcguinness/gemini_task_engine/pkg/api/a2ui.go:273.47,274.99 1 1
github.com/rmcguinness/gemini_task_engine/pkg/api/a2ui.go:274.99,276.6 1 0
github.com/rmcguinness/gemini_task_engine/pkg/api/a2ui.go:280.3,280.32 1 1
github.com/rmcguinness/gemini_task_engine/pkg/api/a2ui.go:280.32,283.40 3 0
github.com/rmcguinness/gemini_task_engine/pkg/api/a2ui.go:283.40,287.21 4 0
github.com/rmcguinness/gemini_task_engine/pkg/api/a2ui.go:287.21,289.6 1 0
github.com/rmcguinness/gemini_task_engine/pkg/api/a2ui.go:290.5,293.7 1 0
github.com/rmcguinness/gemini_task_engine/pkg/api/a2ui.go:296.4,340.38 9 0
github.com/rmcguinness/gemini_task_engine/pkg/api/a2ui.go:340.38,343.5 1 0
github.com/rmcguinness/gemini_task_engine/pkg/api/a2ui.go:345.4,345.39 1 0
github.com/rmcguinness/gemini_task_engine/pkg/api/a2ui.go:345.39,346.52 1 0
github.com/rmcguinness/gemini_task_engine/pkg/api/a2ui.go:346.52,347.43 1 0
github.com/rmcguinness/gemini_task_engine/pkg/api/a2ui.go:347.43,348.15 1 0
github.com/rmcguinness/gemini_task_engine/pkg/api/a2ui.go:350.6,351.23 2 0
github.com/rmcguinness/gemini_task_engine/pkg/api/a2ui.go:351.23,353.7 1 0
github.com/rmcguinness/gemini_task_engine/pkg/api/a2ui.go:357.4,357.56 1 0
github.com/rmcguinness/gemini_task_engine/pkg/api/a2ui.go:358.9,359.39 1 1
github.com/rmcguinness/gemini_task_engine/pkg/api/a2ui.go:359.39,360.52 1 1
github.com/rmcguinness/gemini_task_engine/pkg/api/a2ui.go:360.52,362.23 2 1
github.com/rmcguinness/gemini_task_engine/pkg/api/a2ui.go:362.23,364.7 1 1
github.com/rmcguinness/gemini_task_engine/pkg/api/a2ui.go:369.3,369.22 1 1
github.com/rmcguinness/gemini_task_engine/pkg/api/a2ui.go:372.2,372.57 1 1
github.com/rmcguinness/gemini_task_engine/pkg/api/a2ui.go:372.57,375.19 2 1
github.com/rmcguinness/gemini_task_engine/pkg/api/a2ui.go:376.15,382.19 5 1
github.com/rmcguinness/gemini_task_engine/pkg/api/a2ui.go:382.19,395.5 4 1
github.com/rmcguinness/gemini_task_engine/pkg/api/a2ui.go:397.4,398.19 2 1
github.com/rmcguinness/gemini_task_engine/pkg/api/a2ui.go:398.19,400.5 1 1
github.com/rmcguinness/gemini_task_engine/pkg/api/a2ui.go:402.4,404.29 2 1
github.com/rmcguinness/gemini_task_engine/pkg/api/a2ui.go:404.29,406.5 1 0
github.com/rmcguinness/gemini_task_engine/pkg/api/a2ui.go:406.10,406.35 1 1
github.com/rmcguinness/gemini_task_engine/pkg/api/a2ui.go:406.35,421.5 3 1
github.com/rmcguinness/gemini_task_engine/pkg/api/a2ui.go:423.4,429.17 2 1
github.com/rmcguinness/gemini_task_engine/pkg/api/a2ui.go:431.17,434.19 3 0
github.com/rmcguinness/gemini_task_engine/pkg/api/a2ui.go:434.19,436.5 1 0
github.com/rmcguinness/gemini_task_engine/pkg/api/a2ui.go:437.4,451.17 4 0
github.com/rmcguinness/gemini_task_engine/pkg/api/a2ui.go:453.14,456.19 3 1
github.com/rmcguinness/gemini_task_engine/pkg/api/a2ui.go:456.19,458.5 1 0
github.com/rmcguinness/gemini_task_engine/pkg/api/a2ui.go:459.4,473.17 4 1
github.com/rmcguinness/gemini_task_engine/pkg/api/a2ui.go:475.17,481.33 5 1
github.com/rmcguinness/gemini_task_engine/pkg/api/a2ui.go:481.33,483.28 2 1
github.com/rmcguinness/gemini_task_engine/pkg/api/a2ui.go:484.15,485.34 1 0
github.com/rmcguinness/gemini_task_engine/pkg/api/a2ui.go:486.18,487.33 1 0
github.com/rmcguinness/gemini_task_engine/pkg/api/a2ui.go:488.14,490.34 2 0
github.com/rmcguinness/gemini_task_engine/pkg/api/a2ui.go:491.13,493.34 2 1
github.com/rmcguinness/gemini_task_engine/pkg/api/a2ui.go:495.5,498.7 1 1
github.com/rmcguinness/gemini_task_engine/pkg/api/a2ui.go:501.4,529.17 6 1
github.com/rmcguinness/gemini_task_engine/pkg/api/a2ui.go:531.15,534.21 3 1
github.com/rmcguinness/gemini_task_engine/pkg/api/a2ui.go:534.21,536.5 1 1
github.com/rmcguinness/gemini_task_engine/pkg/api/a2ui.go:537.4,542.38 4 1
github.com/rmcguinness/gemini_task_engine/pkg/api/a2ui.go:542.38,544.19 2 1
github.com/rmcguinness/gemini_task_engine/pkg/api/a2ui.go:544.19,546.6 1 1
github.com/rmcguinness/gemini_task_engine/pkg/api/a2ui.go:547.5,548.28 2 1
github.com/rmcguinness/gemini_task_engine/pkg/api/a2ui.go:550.4,556.17 2 1
github.com/rmcguinness/gemini_task_engine/pkg/api/a2ui.go:558.16,563.31 4 1
github.com/rmcguinness/gemini_task_engine/pkg/api/a2ui.go:563.31,564.50 1 1
github.com/rmcguinness/gemini_task_engine/pkg/api/a2ui.go:564.50,602.6 9 1
github.com/rmcguinness/gemini_task_engine/pkg/api/a2ui.go:605.4,616.17 2 1
github.com/rmcguinness/gemini_task_engine/pkg/api/a2ui.go:618.18,626.17 3 0
github.com/rmcguinness/gemini_task_engine/pkg/api/a2ui.go:628.19,636.31 6 0
github.com/rmcguinness/gemini_task_engine/pkg/api/a2ui.go:636.31,638.5 1 0
github.com/rmcguinness/gemini_task_engine/pkg/api/a2ui.go:638.10,638.40 1 0
github.com/rmcguinness/gemini_task_engine/pkg/api/a2ui.go:638.40,639.34 1 0
github.com/rmcguinness/gemini_task_engine/pkg/api/a2ui.go:639.34,641.6 1 0
github.com/rmcguinness/gemini_task_engine/pkg/api/a2ui.go:641.11,643.6 1 0
github.com/rmcguinness/gemini_task_engine/pkg/api/a2ui.go:644.10,647.5 2 0
github.com/rmcguinness/gemini_task_engine/pkg/api/a2ui.go:649.4,658.17 2 0
github.com/rmcguinness/gemini_task_engine/pkg/api/a2ui.go:660.17,663.20 3 1
github.com/rmcguinness/gemini_task_engine/pkg/api/a2ui.go:663.20,665.5 1 0
github.com/rmcguinness/gemini_task_engine/pkg/api/a2ui.go:666.4,669.23 3 1
github.com/rmcguinness/gemini_task_engine/pkg/api/a2ui.go:669.23,671.5 1 1
github.com/rmcguinness/gemini_task_engine/pkg/api/a2ui.go:673.4,674.21 2 1
github.com/rmcguinness/gemini_task_engine/pkg/api/a2ui.go:674.21,677.29 3 1
github.com/rmcguinness/gemini_task_engine/pkg/api/a2ui.go:677.29,679.6 1 1
github.com/rmcguinness/gemini_task_engine/pkg/api/a2ui.go:682.4,690.17 2 1
github.com/rmcguinness/gemini_task_engine/pkg/api/a2ui.go:692.17,696.32 4 0
github.com/rmcguinness/gemini_task_engine/pkg/api/a2ui.go:696.32,697.50 1 0
github.com/rmcguinness/gemini_task_engine/pkg/api/a2ui.go:697.50,702.6 1 0
github.com/rmcguinness/gemini_task_engine/pkg/api/a2ui.go:705.4,715.17 2 0
github.com/rmcguinness/gemini_task_engine/pkg/api/a2ui.go:717.16,729.17 3 0
github.com/rmcguinness/gemini_task_engine/pkg/api/a2ui.go:732.3,732.12 1 0
github.com/rmcguinness/gemini_task_engine/pkg/api/a2ui.go:735.2,736.18 2 1
github.com/rmcguinness/gemini_task_engine/pkg/api/a2ui.go:736.18,738.3 1 0
github.com/rmcguinness/gemini_task_engine/pkg/api/a2ui.go:740.2,740.71 1 1
github.com/rmcguinness/gemini_task_engine/pkg/api/admin.go:40.17,48.2 1 1
github.com/rmcguinness/gemini_task_engine/pkg/api/admin.go:50.56,53.39 3 1
github.com/rmcguinness/gemini_task_engine/pkg/api/admin.go:53.39,55.3 1 1
github.com/rmcguinness/gemini_task_engine/pkg/api/admin.go:56.2,57.30 2 1
github.com/rmcguinness/gemini_task_engine/pkg/api/admin.go:57.30,59.3 1 0
github.com/rmcguinness/gemini_task_engine/pkg/api/admin.go:60.2,61.30 2 1
github.com/rmcguinness/gemini_task_engine/pkg/api/admin.go:61.30,63.3 1 0
github.com/rmcguinness/gemini_task_engine/pkg/api/admin.go:64.2,64.28 1 1
github.com/rmcguinness/gemini_task_engine/pkg/api/admin.go:69.50,70.50 1 1
github.com/rmcguinness/gemini_task_engine/pkg/api/admin.go:70.50,72.17 2 1
github.com/rmcguinness/gemini_task_engine/pkg/api/admin.go:72.17,75.4 2 0
github.com/rmcguinness/gemini_task_engine/pkg/api/admin.go:76.3,77.27 2 1
github.com/rmcguinness/gemini_task_engine/pkg/api/admin.go:77.27,79.4 1 1
github.com/rmcguinness/gemini_task_engine/pkg/api/admin.go:80.3,81.9 2 1
github.com/rmcguinness/gemini_task_engine/pkg/api/admin.go:83.2,84.16 2 1
github.com/rmcguinness/gemini_task_engine/pkg/api/admin.go:84.16,87.3 2 0
github.com/rmcguinness/gemini_task_engine/pkg/api/admin.go:88.2,89.26 2 1
github.com/rmcguinness/gemini_task_engine/pkg/api/admin.go:89.26,91.3 1 1
github.com/rmcguinness/gemini_task_engine/pkg/api/admin.go:92.2,92.29 1 1
github.com/rmcguinness/gemini_task_engine/pkg/api/admin.go:95.48,98.16 3 1
github.com/rmcguinness/gemini_task_engine/pkg/api/admin.go:98.16,101.3 2 0
github.com/rmcguinness/gemini_task_engine/pkg/api/admin.go:102.2,102.29 1 1
github.com/rmcguinness/gemini_task_engine/pkg/api/admin.go:105.51,107.48 2 0
github.com/rmcguinness/gemini_task_engine/pkg/api/admin.go:107.48,110.3 2 0
github.com/rmcguinness/gemini_task_engine/pkg/api/admin.go:111.2,111.80 1 0
github.com/rmcguinness/gemini_task_engine/pkg/api/admin.go:111.80,114.3 2 0
github.com/rmcguinness/gemini_task_engine/pkg/api/admin.go:115.2,115.34 1 0
github.com/rmcguinness/gemini_task_engine/pkg/api/admin.go:118.51,120.48 2 0
github.com/rmcguinness/gemini_task_engine/pkg/api/admin.go:120.48,123.3 2 0
github.com/rmcguinness/gemini_task_engine/pkg/api/admin.go:124.2,124.78 1 0
github.com/rmcguinness/gemini_task_engine/pkg/api/admin.go:124.78,127.3 2 0
github.com/rmcguinness/gemini_task_engine/pkg/api/admin.go:128.2,128.29 1 0
github.com/rmcguinness/gemini_task_engine/pkg/api/admin.go:131.51,133.75 2 1
github.com/rmcguinness/gemini_task_engine/pkg/api/admin.go:133.75,136.3 2 0
github.com/rmcguinness/gemini_task_engine/pkg/api/admin.go:137.2,137.51 1 1
github.com/rmcguinness/gemini_task_engine/pkg/api/admin.go:142.51,144.48 2 1
github.com/rmcguinness/gemini_task_engine/pkg/api/admin.go:144.48,147.3 2 0
github.com/rmcguinness/gemini_task_engine/pkg/api/admin.go:148.2,148.78 1 1
github.com/rmcguinness/gemini_task_engine/pkg/api/admin.go:148.78,151.3 2 0
github.com/rmcguinness/gemini_task_engine/pkg/api/admin.go:152.2,152.34 1 1
github.com/rmcguinness/gemini_task_engine/pkg/api/admin.go:155.48,158.16 3 0
github.com/rmcguinness/gemini_task_engine/pkg/api/admin.go:158.16,161.3 2 0
github.com/rmcguinness/gemini_task_engine/pkg/api/admin.go:162.2,162.29 1 0
github.com/rmcguinness/gemini_task_engine/pkg/api/admin.go:165.51,167.48 2 0
github.com/rmcguinness/gemini_task_engine/pkg/api/admin.go:167.48,170.3 2 0
github.com/rmcguinness/gemini_task_engine/pkg/api/admin.go:171.2,171.78 1 0
github.com/rmcguinness/gemini_task_engine/pkg/api/admin.go:171.78,174.3 2 0
github.com/rmcguinness/gemini_task_engine/pkg/api/admin.go:175.2,175.29 1 0
github.com/rmcguinness/gemini_task_engine/pkg/api/admin.go:178.51,180.75 2 0
github.com/rmcguinness/gemini_task_engine/pkg/api/admin.go:180.75,183.3 2 0
github.com/rmcguinness/gemini_task_engine/pkg/api/admin.go:184.2,184.51 1 0
github.com/rmcguinness/gemini_task_engine/pkg/api/admin.go:187.50,188.50 1 0
github.com/rmcguinness/gemini_task_engine/pkg/api/admin.go:188.50,190.17 2 0
github.com/rmcguinness/gemini_task_engine/pkg/api/admin.go:190.17,193.4 2 0
github.com/rmcguinness/gemini_task_engine/pkg/api/admin.go:194.3,195.9 2 0
github.com/rmcguinness/gemini_task_engine/pkg/api/admin.go:197.2,198.16 2 0
github.com/rmcguinness/gemini_task_engine/pkg/api/admin.go:198.16,201.3 2 0
github.com/rmcguinness/gemini_task_engine/pkg/api/admin.go:202.2,202.30 1 0
github.com/rmcguinness/gemini_task_engine/pkg/api/admin.go:205.51,210.47 3 1
github.com/rmcguinness/gemini_task_engine/pkg/api/admin.go:210.47,213.3 2 0
github.com/rmcguinness/gemini_task_engine/pkg/api/admin.go:214.2,214.91 1 1
github.com/rmcguinness/gemini_task_engine/pkg/api/admin.go:214.91,217.3 2 0
github.com/rmcguinness/gemini_task_engine/pkg/api/admin.go:218.2,218.51 1 1
github.com/rmcguinness/gemini_task_engine/pkg/api/admin.go:223.59,225.47 2 0
github.com/rmcguinness/gemini_task_engine/pkg/api/admin.go:225.47,228.3 2 0
github.com/rmcguinness/gemini_task_engine/pkg/api/admin.go:229.2,229.87 1 0
github.com/rmcguinness/gemini_task_engine/pkg/api/admin.go:229.87,232.3 2 0
github.com/rmcguinness/gemini_task_engine/pkg/api/admin.go:233.2,233.33 1 0
github.com/rmcguinness/gemini_task_engine/pkg/api/admin.go:236.56,239.16 3 0
github.com/rmcguinness/gemini_task_engine/pkg/api/admin.go:239.16,242.3 2 0
github.com/rmcguinness/gemini_task_engine/pkg/api/admin.go:243.2,243.28 1 0
github.com/rmcguinness/gemini_task_engine/pkg/api/admin.go:246.59,248.47 2 0
github.com/rmcguinness/gemini_task_engine/pkg/api/admin.go:248.47,251.3 2 0
github.com/rmcguinness/gemini_task_engine/pkg/api/admin.go:252.2,252.85 1 0
github.com/rmcguinness/gemini_task_engine/pkg/api/admin.go:252.85,255.3 2 0
github.com/rmcguinness/gemini_task_engine/pkg/api/admin.go:256.2,256.28 1 0
github.com/rmcguinness/gemini_task_engine/pkg/api/admin.go:259.59,261.83 2 0
github.com/rmcguinness/gemini_task_engine/pkg/api/admin.go:261.83,264.3 2 0
github.com/rmcguinness/gemini_task_engine/pkg/api/admin.go:265.2,265.51 1 0
github.com/rmcguinness/gemini_task_engine/pkg/api/admin.go:268.58,269.50 1 0
github.com/rmcguinness/gemini_task_engine/pkg/api/admin.go:269.50,271.17 2 0
github.com/rmcguinness/gemini_task_engine/pkg/api/admin.go:271.17,274.4 2 0
github.com/rmcguinness/gemini_task_engine/pkg/api/admin.go:275.3,276.9 2 0
github.com/rmcguinness/gemini_task_engine/pkg/api/admin.go:278.2,279.16 2 0
github.com/rmcguinness/gemini_task_engine/pkg/api/admin.go:279.16,282.3 2 0
github.com/rmcguinness/gemini_task_engine/pkg/api/admin.go:283.2,283.29 1 0
github.com/rmcguinness/gemini_task_engine/pkg/api/admin.go:286.65,289.33 3 0
github.com/rmcguinness/gemini_task_engine/pkg/api/admin.go:289.33,292.3 2 0
github.com/rmcguinness/gemini_task_engine/pkg/api/admin.go:293.2,293.100 1 0
github.com/rmcguinness/gemini_task_engine/pkg/api/admin.go:293.100,296.3 2 0
github.com/rmcguinness/gemini_task_engine/pkg/api/admin.go:297.2,297.51 1 0
github.com/rmcguinness/gemini_task_engine/pkg/api/admin.go:302.51,304.17 2 0
github.com/rmcguinness/gemini_task_engine/pkg/api/admin.go:304.17,307.3 2 0
github.com/rmcguinness/gemini_task_engine/pkg/api/admin.go:308.2,309.48 2 0
github.com/rmcguinness/gemini_task_engine/pkg/api/admin.go:309.48,312.3 2 0
github.com/rmcguinness/gemini_task_engine/pkg/api/admin.go:313.2,314.80 2 0
github.com/rmcguinness/gemini_task_engine/pkg/api/admin.go:314.80,317.3 2 0
github.com/rmcguinness/gemini_task_engine/pkg/api/admin.go:318.2,318.34 1 0
github.com/rmcguinness/gemini_task_engine/pkg/api/admin.go:321.48,324.16 3 0
github.com/rmcguinness/gemini_task_engine/pkg/api/admin.go:324.16,327.3 2 0
github.com/rmcguinness/gemini_task_engine/pkg/api/admin.go:328.2,328.29 1 0
github.com/rmcguinness/gemini_task_engine/pkg/api/admin.go:331.51,333.48 2 0
github.com/rmcguinness/gemini_task_engine/pkg/api/admin.go:333.48,336.3 2 0
github.com/rmcguinness/gemini_task_engine/pkg/api/admin.go:337.2,337.78 1 0
github.com/rmcguinness/gemini_task_engine/pkg/api/admin.go:337.78,340.3 2 0
github.com/rmcguinness/gemini_task_engine/pkg/api/admin.go:341.2,341.29 1 0
github.com/rmcguinness/gemini_task_engine/pkg/api/admin.go:344.51,346.75 2 0
github.com/rmcguinness/gemini_task_engine/pkg/api/admin.go:346.75,349.3 2 0
github.com/rmcguinness/gemini_task_engine/pkg/api/admin.go:350.2,350.51 1 0
github.com/rmcguinness/gemini_task_engine/pkg/api/admin.go:353.50,354.50 1 0
github.com/rmcguinness/gemini_task_engine/pkg/api/admin.go:354.50,356.17 2 0
github.com/rmcguinness/gemini_task_engine/pkg/api/admin.go:356.17,359.4 2 0
github.com/rmcguinness/gemini_task_engine/pkg/api/admin.go:360.3,361.9 2 0
github.com/rmcguinness/gemini_task_engine/pkg/api/admin.go:363.2,364.16 2 0
github.com/rmcguinness/gemini_task_engine/pkg/api/admin.go:364.16,367.3 2 0
github.com/rmcguinness/gemini_task_engine/pkg/api/admin.go:368.2,368.30 1 0
github.com/rmcguinness/gemini_task_engine/pkg/api/admin.go:373.55,375.18 2 0
github.com/rmcguinness/gemini_task_engine/pkg/api/admin.go:375.18,378.3 2 0
github.com/rmcguinness/gemini_task_engine/pkg/api/admin.go:379.2,380.47 2 0
github.com/rmcguinness/gemini_task_engine/pkg/api/admin.go:380.47,383.3 2 0
github.com/rmcguinness/gemini_task_engine/pkg/api/admin.go:384.2,385.83 2 0
github.com/rmcguinness/gemini_task_engine/pkg/api/admin.go:385.83,388.3 2 0
github.com/rmcguinness/gemini_task_engine/pkg/api/admin.go:389.2,389.33 1 0
github.com/rmcguinness/gemini_task_engine/pkg/api/admin.go:392.52,395.16 3 0
github.com/rmcguinness/gemini_task_engine/pkg/api/admin.go:395.16,398.3 2 0
github.com/rmcguinness/gemini_task_engine/pkg/api/admin.go:399.2,399.28 1 0
github.com/rmcguinness/gemini_task_engine/pkg/api/admin.go:402.55,404.47 2 0
github.com/rmcguinness/gemini_task_engine/pkg/api/admin.go:404.47,407.3 2 0
github.com/rmcguinness/gemini_task_engine/pkg/api/admin.go:408.2,408.81 1 0
github.com/rmcguinness/gemini_task_engine/pkg/api/admin.go:408.81,411.3 2 0
github.com/rmcguinness/gemini_task_engine/pkg/api/admin.go:412.2,412.28 1 0
github.com/rmcguinness/gemini_task_engine/pkg/api/admin.go:415.55,417.79 2 0
github.com/rmcguinness/gemini_task_engine/pkg/api/admin.go:417.79,420.3 2 0
github.com/rmcguinness/gemini_task_engine/pkg/api/admin.go:421.2,421.51 1 0
github.com/rmcguinness/gemini_task_engine/pkg/api/admin.go:424.54,425.50 1 0
github.com/rmcguinness/gemini_task_engine/pkg/api/admin.go:425.50,427.17 2 0
github.com/rmcguinness/gemini_task_engine/pkg/api/admin.go:427.17,430.4 2 0
github.com/rmcguinness/gemini_task_engine/pkg/api/admin.go:431.3,432.9 2 0
github.com/rmcguinness/gemini_task_engine/pkg/api/admin.go:434.2,435.16 2 0
github.com/rmcguinness/gemini_task_engine/pkg/api/admin.go:435.16,438.3 2 0
github.com/rmcguinness/gemini_task_engine/pkg/api/admin.go:439.2,439.29 1 0
github.com/rmcguinness/gemini_task_engine/pkg/api/admin.go:444.52,446.22 2 0
github.com/rmcguinness/gemini_task_engine/pkg/api/admin.go:446.22,449.3 2 0
github.com/rmcguinness/gemini_task_engine/pkg/api/admin.go:450.2,451.49 2 0
github.com/rmcguinness/gemini_task_engine/pkg/api/admin.go:451.49,454.3 2 0
github.com/rmcguinness/gemini_task_engine/pkg/api/admin.go:455.2,456.82 2 0
github.com/rmcguinness/gemini_task_engine/pkg/api/admin.go:456.82,459.3 2 0
github.com/rmcguinness/gemini_task_engine/pkg/api/admin.go:460.2,460.35 1 0
github.com/rmcguinness/gemini_task_engine/pkg/api/admin.go:463.49,466.16 3 0
github.com/rmcguinness/gemini_task_engine/pkg/api/admin.go:466.16,469.3 2 0
github.com/rmcguinness/gemini_task_engine/pkg/api/admin.go:470.2,470.30 1 0
github.com/rmcguinness/gemini_task_engine/pkg/api/admin.go:473.52,475.49 2 0
github.com/rmcguinness/gemini_task_engine/pkg/api/admin.go:475.49,478.3 2 0
github.com/rmcguinness/gemini_task_engine/pkg/api/admin.go:479.2,479.80 1 0
github.com/rmcguinness/gemini_task_engine/pkg/api/admin.go:479.80,482.3 2 0
github.com/rmcguinness/gemini_task_engine/pkg/api/admin.go:483.2,483.30 1 0
github.com/rmcguinness/gemini_task_engine/pkg/api/admin.go:486.52,488.76 2 0
github.com/rmcguinness/gemini_task_engine/pkg/api/admin.go:488.76,491.3 2 0
github.com/rmcguinness/gemini_task_engine/pkg/api/admin.go:492.2,492.51 1 0
github.com/rmcguinness/gemini_task_engine/pkg/api/admin.go:495.51,496.50 1 0
github.com/rmcguinness/gemini_task_engine/pkg/api/admin.go:496.50,498.17 2 0
github.com/rmcguinness/gemini_task_engine/pkg/api/admin.go:498.17,501.4 2 0
github.com/rmcguinness/gemini_task_engine/pkg/api/admin.go:502.3,503.9 2 0
github.com/rmcguinness/gemini_task_engine/pkg/api/admin.go:505.2,506.16 2 0
github.com/rmcguinness/gemini_task_engine/pkg/api/admin.go:506.16,509.3 2 0
github.com/rmcguinness/gemini_task_engine/pkg/api/admin.go:510.2,510.31 1 0
github.com/rmcguinness/gemini_task_engine/pkg/api/admin.go:515.59,517.48 2 0
github.com/rmcguinness/gemini_task_engine/pkg/api/admin.go:517.48,520.3 2 0
github.com/rmcguinness/gemini_task_engine/pkg/api/admin.go:521.2,521.86 1 0
github.com/rmcguinness/gemini_task_engine/pkg/api/admin.go:521.86,524.3 2 0
github.com/rmcguinness/gemini_task_engine/pkg/api/admin.go:525.2,525.34 1 0
github.com/rmcguinness/gemini_task_engine/pkg/api/admin.go:528.56,531.16 3 0
github.com/rmcguinness/gemini_task_engine/pkg/api/admin.go:531.16,534.3 2 0
github.com/rmcguinness/gemini_task_engine/pkg/api/admin.go:535.2,535.29 1 0
github.com/rmcguinness/gemini_task_engine/pkg/api/admin.go:538.59,540.48 2 0
github.com/rmcguinness/gemini_task_engine/pkg/api/admin.go:540.48,543.3 2 0
github.com/rmcguinness/gemini_task_engine/pkg/api/admin.go:544.2,544.86 1 0
github.com/rmcguinness/gemini_task_engine/pkg/api/admin.go:544.86,547.3 2 0
github.com/rmcguinness/gemini_task_engine/pkg/api/admin.go:548.2,548.29 1 0
github.com/rmcguinness/gemini_task_engine/pkg/api/admin.go:551.59,553.83 2 0
github.com/rmcguinness/gemini_task_engine/pkg/api/admin.go:553.83,556.3 2 0
github.com/rmcguinness/gemini_task_engine/pkg/api/admin.go:557.2,557.51 1 0
github.com/rmcguinness/gemini_task_engine/pkg/api/admin.go:560.58,561.50 1 0
github.com/rmcguinness/gemini_task_engine/pkg/api/admin.go:561.50,563.17 2 0
github.com/rmcguinness/gemini_task_engine/pkg/api/admin.go:563.17,566.4 2 0
github.com/rmcguinness/gemini_task_engine/pkg/api/admin.go:567.3,568.9 2 0
github.com/rmcguinness/gemini_task_engine/pkg/api/admin.go:570.2,571.16 2 0
github.com/rmcguinness/gemini_task_engine/pkg/api/admin.go:571.16,574.3 2 0
github.com/rmcguinness/gemini_task_engine/pkg/api/admin.go:575.2,575.30 1 0
github.com/rmcguinness/gemini_task_engine/pkg/api/admin.go:580.62,582.16 2 1
github.com/rmcguinness/gemini_task_engine/pkg/api/admin.go:582.16,585.3 2 0
github.com/rmcguinness/gemini_task_engine/pkg/api/admin.go:586.2,586.115 1 1
github.com/rmcguinness/gemini_task_engine/pkg/api/admin.go:589.59,592.2 2 1
github.com/rmcguinness/gemini_task_engine/pkg/api/admin.go:596.59,597.50 1 0
github.com/rmcguinness/gemini_task_engine/pkg/api/admin.go:597.50,599.17 2 0
github.com/rmcguinness/gemini_task_engine/pkg/api/admin.go:599.17,602.4 2 0
github.com/rmcguinness/gemini_task_engine/pkg/api/admin.go:603.3,604.9 2 0
github.com/rmcguinness/gemini_task_engine/pkg/api/admin.go:606.2,607.16 2 0
github.com/rmcguinness/gemini_task_engine/pkg/api/admin.go:607.16,610.3 2 0
github.com/rmcguinness/gemini_task_engine/pkg/api/admin.go:611.2,611.30 1 0
github.com/rmcguinness/gemini_task_engine/pkg/api/admin.go:614.57,617.16 3 0
github.com/rmcguinness/gemini_task_engine/pkg/api/admin.go:617.16,620.3 2 0
github.com/rmcguinness/gemini_task_engine/pkg/api/admin.go:621.2,621.29 1 0
github.com/rmcguinness/gemini_task_engine/pkg/api/admin.go:624.60,626.83 2 0
github.com/rmcguinness/gemini_task_engine/pkg/api/admin.go:626.83,629.3 2 0
github.com/rmcguinness/gemini_task_engine/pkg/api/admin.go:630.2,630.51 1 0
github.com/rmcguinness/gemini_task_engine/pkg/api/admin.go:635.58,636.50 1 0
github.com/rmcguinness/gemini_task_engine/pkg/api/admin.go:636.50,638.17 2 0
github.com/rmcguinness/gemini_task_engine/pkg/api/admin.go:638.17,641.4 2 0
github.com/rmcguinness/gemini_task_engine/pkg/api/admin.go:642.3,643.9 2 0
github.com/rmcguinness/gemini_task_engine/pkg/api/admin.go:645.2,646.16 2 0
github.com/rmcguinness/gemini_task_engine/pkg/api/admin.go:646.16,649.3 2 0
github.com/rmcguinness/gemini_task_engine/pkg/api/admin.go:650.2,650.29 1 0
github.com/rmcguinness/gemini_task_engine/pkg/api/admin.go:653.56,656.16 3 0
github.com/rmcguinness/gemini_task_engine/pkg/api/admin.go:656.16,659.3 2 0
github.com/rmcguinness/gemini_task_engine/pkg/api/admin.go:660.2,660.29 1 0
github.com/rmcguinness/gemini_task_engine/pkg/api/admin.go:663.59,665.78 2 0
github.com/rmcguinness/gemini_task_engine/pkg/api/admin.go:665.78,668.3 2 0
github.com/rmcguinness/gemini_task_engine/pkg/api/admin.go:669.2,669.51 1 0
github.com/rmcguinness/gemini_task_engine/pkg/api/admin.go:674.49,675.50 1 0
github.com/rmcguinness/gemini_task_engine/pkg/api/admin.go:675.50,677.17 2 0
github.com/rmcguinness/gemini_task_engine/pkg/api/admin.go:677.17,680.4 2 0
github.com/rmcguinness/gemini_task_engine/pkg/api/admin.go:681.3,682.9 2 0
github.com/rmcguinness/gemini_task_engine/pkg/api/admin.go:684.2,685.16 2 0
github.com/rmcguinness/gemini_task_engine/pkg/api/admin.go:685.16,688.3 2 0
github.com/rmcguinness/gemini_task_engine/pkg/api/admin.go:689.2,689.29 1 0
github.com/rmcguinness/gemini_task_engine/pkg/api/admin.go:692.47,695.16 3 0
github.com/rmcguinness/gemini_task_engine/pkg/api/admin.go:695.16,698.3 2 0
github.com/rmcguinness/gemini_task_engine/pkg/api/admin.go:699.2,699.28 1 0
github.com/rmcguinness/gemini_task_engine/pkg/api/admin.go:702.50,704.72 2 0
github.com/rmcguinness/gemini_task_engine/pkg/api/admin.go:704.72,707.3 2 0
github.com/rmcguinness/gemini_task_engine/pkg/api/admin.go:708.2,708.51 1 0
github.com/rmcguinness/gemini_task_engine/pkg/api/admin.go:713.54,714.50 1 0
github.com/rmcguinness/gemini_task_engine/pkg/api/admin.go:714.50,716.17 2 0
github.com/rmcguinness/gemini_task_engine/pkg/api/admin.go:716.17,719.4 2 0
github.com/rmcguinness/gemini_task_engine/pkg/api/admin.go:720.3,721.9 2 0
github.com/rmcguinness/gemini_task_engine/pkg/api/admin.go:723.2,724.16 2 0
github.com/rmcguinness/gemini_task_engine/pkg/api/admin.go:724.16,727.3 2 0
github.com/rmcguinness/gemini_task_engine/pkg/api/admin.go:728.2,728.30 1 0
github.com/rmcguinness/gemini_task_engine/pkg/api/admin.go:731.51,734.16 3 0
github.com/rmcguinness/gemini_task_engine/pkg/api/admin.go:734.16,737.3 2 0
github.com/rmcguinness/gemini_task_engine/pkg/api/admin.go:738.2,738.29 1 0
github.com/rmcguinness/gemini_task_engine/pkg/api/admin.go:741.54,743.76 2 0
github.com/rmcguinness/gemini_task_engine/pkg/api/admin.go:743.76,746.3 2 0
github.com/rmcguinness/gemini_task_engine/pkg/api/admin.go:747.2,747.51 1 0
github.com/rmcguinness/gemini_task_engine/pkg/api/chat.go:50.16,52.69 2 1
github.com/rmcguinness/gemini_task_engine/pkg/api/chat.go:52.69,54.3 1 1
github.com/rmcguinness/gemini_task_engine/pkg/api/chat.go:54.8,56.3 1 1
github.com/rmcguinness/gemini_task_engine/pkg/api/chat.go:57.2,63.3 1 1
github.com/rmcguinness/gemini_task_engine/pkg/api/chat.go:81.51,84.9 3 1
github.com/rmcguinness/gemini_task_engine/pkg/api/chat.go:84.9,87.3 2 0
github.com/rmcguinness/gemini_task_engine/pkg/api/chat.go:88.2,92.47 4 1
github.com/rmcguinness/gemini_task_engine/pkg/api/chat.go:92.47,95.3 2 0
github.com/rmcguinness/gemini_task_engine/pkg/api/chat.go:97.2,101.16 4 1
github.com/rmcguinness/gemini_task_engine/pkg/api/chat.go:101.16,104.3 2 0
github.com/rmcguinness/gemini_task_engine/pkg/api/chat.go:107.2,108.20 2 1
github.com/rmcguinness/gemini_task_engine/pkg/api/chat.go:108.20,111.3 2 0
github.com/rmcguinness/gemini_task_engine/pkg/api/chat.go:113.2,119.113 4 1
github.com/rmcguinness/gemini_task_engine/pkg/api/chat.go:119.113,124.31 3 0
github.com/rmcguinness/gemini_task_engine/pkg/api/chat.go:124.31,125.209 1 0
github.com/rmcguinness/gemini_task_engine/pkg/api/chat.go:125.209,127.10 2 0
github.com/rmcguinness/gemini_task_engine/pkg/api/chat.go:131.3,131.24 1 0
github.com/rmcguinness/gemini_task_engine/pkg/api/chat.go:131.24,168.4 3 0
github.com/rmcguinness/gemini_task_engine/pkg/api/chat.go:168.9,170.4 1 0
github.com/rmcguinness/gemini_task_engine/pkg/api/chat.go:171.8,171.116 1 1
github.com/rmcguinness/gemini_task_engine/pkg/api/chat.go:171.116,177.72 4 0
github.com/rmcguinness/gemini_task_engine/pkg/api/chat.go:177.72,182.36 4 0
github.com/rmcguinness/gemini_task_engine/pkg/api/chat.go:182.36,186.20 3 0
github.com/rmcguinness/gemini_task_engine/pkg/api/chat.go:186.20,187.34 1 0
github.com/rmcguinness/gemini_task_engine/pkg/api/chat.go:187.34,188.32 1 0
github.com/rmcguinness/gemini_task_engine/pkg/api/chat.go:188.32,190.13 2 0
github.com/rmcguinness/gemini_task_engine/pkg/api/chat.go:196.5,198.20 3 0
github.com/rmcguinness/gemini_task_engine/pkg/api/chat.go:198.20,199.31 1 0
github.com/rmcguinness/gemini_task_engine/pkg/api/chat.go:199.31,200.37 1 0
github.com/rmcguinness/gemini_task_engine/pkg/api/chat.go:200.37,201.30 1 0
github.com/rmcguinness/gemini_task_engine/pkg/api/chat.go:201.30,203.9 1 0
github.com/rmcguinness/gemini_task_engine/pkg/api/chat.go:203.14,205.9 1 0
github.com/rmcguinness/gemini_task_engine/pkg/api/chat.go:206.8,206.13 1 0
github.com/rmcguinness/gemini_task_engine/pkg/api/chat.go:211.5,246.7 1 0
github.com/rmcguinness/gemini_task_engine/pkg/api/chat.go:249.4,260.5 1 0
github.com/rmcguinness/gemini_task_engine/pkg/api/chat.go:261.9,266.40 3 0
github.com/rmcguinness/gemini_task_engine/pkg/api/chat.go:266.40,267.33 1 0
github.com/rmcguinness/gemini_task_engine/pkg/api/chat.go:267.33,269.90 1 0
github.com/rmcguinness/gemini_task_engine/pkg/api/chat.go:269.90,274.7 1 0
github.com/rmcguinness/gemini_task_engine/pkg/api/chat.go:280.4,280.31 1 0
github.com/rmcguinness/gemini_task_engine/pkg/api/chat.go:280.31,282.22 2 0
github.com/rmcguinness/gemini_task_engine/pkg/api/chat.go:282.22,283.39 1 0
github.com/rmcguinness/gemini_task_engine/pkg/api/chat.go:283.39,284.91 1 0
github.com/rmcguinness/gemini_task_engine/pkg/api/chat.go:284.91,286.34 2 0
github.com/rmcguinness/gemini_task_engine/pkg/api/chat.go:286.34,287.27 1 0
github.com/rmcguinness/gemini_task_engine/pkg/api/chat.go:287.27,289.15 2 0
github.com/rmcguinness/gemini_task_engine/pkg/api/chat.go:292.8,292.32 1 0
github.com/rmcguinness/gemini_task_engine/pkg/api/chat.go:292.32,297.9 1 0
github.com/rmcguinness/gemini_task_engine/pkg/api/chat.go:304.4,305.31 2 0
github.com/rmcguinness/gemini_task_engine/pkg/api/chat.go:305.31,313.5 2 0
github.com/rmcguinness/gemini_task_engine/pkg/api/chat.go:313.10,315.5 1 0
github.com/rmcguinness/gemini_task_engine/pkg/api/chat.go:317.4,321.27 4 0
github.com/rmcguinness/gemini_task_engine/pkg/api/chat.go:321.27,323.5 1 0
github.com/rmcguinness/gemini_task_engine/pkg/api/chat.go:325.4,365.5 3 0
github.com/rmcguinness/gemini_task_engine/pkg/api/chat.go:367.8,367.125 1 1
github.com/rmcguinness/gemini_task_engine/pkg/api/chat.go:367.125,374.23 4 1
github.com/rmcguinness/gemini_task_engine/pkg/api/chat.go:374.23,377.28 2 0
github.com/rmcguinness/gemini_task_engine/pkg/api/chat.go:377.28,379.5 1 0
github.com/rmcguinness/gemini_task_engine/pkg/api/chat.go:379.10,379.35 1 0
github.com/rmcguinness/gemini_task_engine/pkg/api/chat.go:379.35,381.5 1 0
github.com/rmcguinness/gemini_task_engine/pkg/api/chat.go:382.9,386.27 3 1
github.com/rmcguinness/gemini_task_engine/pkg/api/chat.go:386.27,388.29 2 1
github.com/rmcguinness/gemini_task_engine/pkg/api/chat.go:388.29,390.6 1 1
github.com/rmcguinness/gemini_task_engine/pkg/api/chat.go:390.11,390.36 1 0
github.com/rmcguinness/gemini_task_engine/pkg/api/chat.go:390.36,392.6 1 0
github.com/rmcguinness/gemini_task_engine/pkg/api/chat.go:397.3,403.20 5 1
github.com/rmcguinness/gemini_task_engine/pkg/api/chat.go:403.20,410.54 5 1
github.com/rmcguinness/gemini_task_engine/pkg/api/chat.go:410.54,413.23 3 0
github.com/rmcguinness/gemini_task_engine/pkg/api/chat.go:413.23,415.25 2 0
github.com/rmcguinness/gemini_task_engine/pkg/api/chat.go:415.25,418.7 2 0
github.com/rmcguinness/gemini_task_engine/pkg/api/chat.go:424.3,426.19 2 1
github.com/rmcguinness/gemini_task_engine/pkg/api/chat.go:426.19,431.28 3 0
github.com/rmcguinness/gemini_task_engine/pkg/api/chat.go:431.28,435.43 4 0
github.com/rmcguinness/gemini_task_engine/pkg/api/chat.go:435.43,438.6 2 0
github.com/rmcguinness/gemini_task_engine/pkg/api/chat.go:439.5,440.16 2 0
github.com/rmcguinness/gemini_task_engine/pkg/api/chat.go:440.16,442.6 1 0
github.com/rmcguinness/gemini_task_engine/pkg/api/chat.go:443.5,444.66 2 0
github.com/rmcguinness/gemini_task_engine/pkg/api/chat.go:448.4,450.28 3 0
github.com/rmcguinness/gemini_task_engine/pkg/api/chat.go:450.28,459.39 8 0
github.com/rmcguinness/gemini_task_engine/pkg/api/chat.go:459.39,461.6 1 0
github.com/rmcguinness/gemini_task_engine/pkg/api/chat.go:461.11,461.45 1 0
github.com/rmcguinness/gemini_task_engine/pkg/api/chat.go:461.45,463.6 1 0
github.com/rmcguinness/gemini_task_engine/pkg/api/chat.go:463.11,463.46 1 0
github.com/rmcguinness/gemini_task_engine/pkg/api/chat.go:463.46,465.6 1 0
github.com/rmcguinness/gemini_task_engine/pkg/api/chat.go:465.11,465.47 1 0
github.com/rmcguinness/gemini_task_engine/pkg/api/chat.go:465.47,467.6 1 0
github.com/rmcguinness/gemini_task_engine/pkg/api/chat.go:467.11,467.47 1 0
github.com/rmcguinness/gemini_task_engine/pkg/api/chat.go:467.47,469.6 1 0
github.com/rmcguinness/gemini_task_engine/pkg/api/chat.go:469.11,469.47 1 0
github.com/rmcguinness/gemini_task_engine/pkg/api/chat.go:469.47,471.6 1 0
github.com/rmcguinness/gemini_task_engine/pkg/api/chat.go:471.11,471.47 1 0
github.com/rmcguinness/gemini_task_engine/pkg/api/chat.go:471.47,473.6 1 0
github.com/rmcguinness/gemini_task_engine/pkg/api/chat.go:473.11,475.6 1 0
github.com/rmcguinness/gemini_task_engine/pkg/api/chat.go:476.5,476.78 1 0
github.com/rmcguinness/gemini_task_engine/pkg/api/chat.go:480.4,482.29 3 0
github.com/rmcguinness/gemini_task_engine/pkg/api/chat.go:482.29,489.5 6 0
github.com/rmcguinness/gemini_task_engine/pkg/api/chat.go:492.4,494.27 3 0
github.com/rmcguinness/gemini_task_engine/pkg/api/chat.go:494.27,497.5 2 0
github.com/rmcguinness/gemini_task_engine/pkg/api/chat.go:500.3,501.19 2 1
github.com/rmcguinness/gemini_task_engine/pkg/api/chat.go:501.19,503.4 1 0
github.com/rmcguinness/gemini_task_engine/pkg/api/chat.go:503.9,505.4 1 1
github.com/rmcguinness/gemini_task_engine/pkg/api/chat.go:507.3,524.4 2 1
github.com/rmcguinness/gemini_task_engine/pkg/api/chat.go:525.8,525.218 1 1
github.com/rmcguinness/gemini_task_engine/pkg/api/chat.go:525.218,530.31 4 0
github.com/rmcguinness/gemini_task_engine/pkg/api/chat.go:530.31,531.37 1 0
github.com/rmcguinness/gemini_task_engine/pkg/api/chat.go:531.37,533.10 2 0
github.com/rmcguinness/gemini_task_engine/pkg/api/chat.go:536.3,536.163 1 0
github.com/rmcguinness/gemini_task_engine/pkg/api/chat.go:536.163,538.4 1 0
github.com/rmcguinness/gemini_task_engine/pkg/api/chat.go:540.3,540.29 1 0
github.com/rmcguinness/gemini_task_engine/pkg/api/chat.go:540.29,543.21 2 0
github.com/rmcguinness/gemini_task_engine/pkg/api/chat.go:543.21,549.29 4 0
github.com/rmcguinness/gemini_task_engine/pkg/api/chat.go:549.29,550.36 1 0
github.com/rmcguinness/gemini_task_engine/pkg/api/chat.go:550.36,552.7 1 0
github.com/rmcguinness/gemini_task_engine/pkg/api/chat.go:553.11,557.6 1 0
github.com/rmcguinness/gemini_task_engine/pkg/api/chat.go:559.5,572.22 2 0
github.com/rmcguinness/gemini_task_engine/pkg/api/chat.go:577.3,582.39 4 0
github.com/rmcguinness/gemini_task_engine/pkg/api/chat.go:582.39,583.32 1 0
github.com/rmcguinness/gemini_task_engine/pkg/api/chat.go:583.32,590.5 2 0
github.com/rmcguinness/gemini_task_engine/pkg/api/chat.go:591.9,600.32 3 0
github.com/rmcguinness/gemini_task_engine/pkg/api/chat.go:600.32,606.5 2 0
github.com/rmcguinness/gemini_task_engine/pkg/api/chat.go:609.3,642.4 3 0
github.com/rmcguinness/gemini_task_engine/pkg/api/chat.go:643.8,643.203 1 1
github.com/rmcguinness/gemini_task_engine/pkg/api/chat.go:643.203,781.3 3 0
github.com/rmcguinness/gemini_task_engine/pkg/api/chat.go:781.8,781.174 1 1
github.com/rmcguinness/gemini_task_engine/pkg/api/chat.go:781.174,786.43 3 0
github.com/rmcguinness/gemini_task_engine/pkg/api/chat.go:786.43,787.36 1 0
github.com/rmcguinness/gemini_task_engine/pkg/api/chat.go:787.36,789.30 1 0
github.com/rmcguinness/gemini_task_engine/pkg/api/chat.go:789.30,792.56 2 0
github.com/rmcguinness/gemini_task_engine/pkg/api/chat.go:792.56,794.7 1 0
github.com/rmcguinness/gemini_task_engine/pkg/api/chat.go:794.12,794.63 1 0
github.com/rmcguinness/gemini_task_engine/pkg/api/chat.go:794.63,796.7 1 0
github.com/rmcguinness/gemini_task_engine/pkg/api/chat.go:796.12,796.63 1 0
github.com/rmcguinness/gemini_task_engine/pkg/api/chat.go:796.63,798.7 1 0
github.com/rmcguinness/gemini_task_engine/pkg/api/chat.go:798.12,800.7 1 0
github.com/rmcguinness/gemini_task_engine/pkg/api/chat.go:802.6,805.8 1 0
github.com/rmcguinness/gemini_task_engine/pkg/api/chat.go:811.3,811.30 1 0
github.com/rmcguinness/gemini_task_engine/pkg/api/chat.go:811.30,818.4 1 0
github.com/rmcguinness/gemini_task_engine/pkg/api/chat.go:820.3,865.4 3 0
github.com/rmcguinness/gemini_task_engine/pkg/api/chat.go:866.8,866.213 1 1
github.com/rmcguinness/gemini_task_engine/pkg/api/chat.go:866.213,869.35 2 0
github.com/rmcguinness/gemini_task_engine/pkg/api/chat.go:869.35,874.28 4 0
github.com/rmcguinness/gemini_task_engine/pkg/api/chat.go:874.28,885.5 1 0
github.com/rmcguinness/gemini_task_engine/pkg/api/chat.go:887.4,898.5 1 0
github.com/rmcguinness/gemini_task_engine/pkg/api/chat.go:899.9,901.4 1 0
github.com/rmcguinness/gemini_task_engine/pkg/api/chat.go:902.8,902.138 1 1
github.com/rmcguinness/gemini_task_engine/pkg/api/chat.go:902.138,958.3 3 0
github.com/rmcguinness/gemini_task_engine/pkg/api/chat.go:958.8,958.275 1 1
github.com/rmcguinness/gemini_task_engine/pkg/api/chat.go:958.275,961.39 2 0
github.com/rmcguinness/gemini_task_engine/pkg/api/chat.go:961.39,978.20 6 0
github.com/rmcguinness/gemini_task_engine/pkg/api/chat.go:978.20,980.5 1 0
github.com/rmcguinness/gemini_task_engine/pkg/api/chat.go:981.4,981.20 1 0
github.com/rmcguinness/gemini_task_engine/pkg/api/chat.go:981.20,983.5 1 0
github.com/rmcguinness/gemini_task_engine/pkg/api/chat.go:985.4,985.32 1 0
github.com/rmcguinness/gemini_task_engine/pkg/api/chat.go:985.32,988.31 2 0
github.com/rmcguinness/gemini_task_engine/pkg/api/chat.go:988.31,989.24 1 0
github.com/rmcguinness/gemini_task_engine/pkg/api/chat.go:989.24,991.12 2 0
github.com/rmcguinness/gemini_task_engine/pkg/api/chat.go:995.5,995.113 1 0
github.com/rmcguinness/gemini_task_engine/pkg/api/chat.go:995.113,1006.6 1 0
github.com/rmcguinness/gemini_task_engine/pkg/api/chat.go:1009.4,1020.5 1 0
github.com/rmcguinness/gemini_task_engine/pkg/api/chat.go:1021.9,1023.4 1 0
github.com/rmcguinness/gemini_task_engine/pkg/api/chat.go:1024.8,1024.159 1 1
github.com/rmcguinness/gemini_task_engine/pkg/api/chat.go:1024.159,1030.36 4 0
github.com/rmcguinness/gemini_task_engine/pkg/api/chat.go:1030.36,1037.33 4 0
github.com/rmcguinness/gemini_task_engine/pkg/api/chat.go:1037.33,1040.32 2 0
github.com/rmcguinness/gemini_task_engine/pkg/api/chat.go:1040.32,1042.6 1 0
github.com/rmcguinness/gemini_task_engine/pkg/api/chat.go:1045.5,1046.26 2 0
github.com/rmcguinness/gemini_task_engine/pkg/api/chat.go:1046.26,1048.6 1 0
github.com/rmcguinness/gemini_task_engine/pkg/api/chat.go:1050.5,1073.7 1 0
github.com/rmcguinness/gemini_task_engine/pkg/api/chat.go:1076.4,1081.5 1 0
github.com/rmcguinness/gemini_task_engine/pkg/api/chat.go:1082.9,1084.4 1 0
github.com/rmcguinness/gemini_task_engine/pkg/api/chat.go:1085.8,1085.159 1 1
github.com/rmcguinness/gemini_task_engine/pkg/api/chat.go:1085.159,1087.55 2 1
github.com/rmcguinness/gemini_task_engine/pkg/api/chat.go:1087.55,1089.4 1 1
github.com/rmcguinness/gemini_task_engine/pkg/api/chat.go:1089.9,1089.62 1 0
github.com/rmcguinness/gemini_task_engine/pkg/api/chat.go:1089.62,1091.4 1 0
github.com/rmcguinness/gemini_task_engine/pkg/api/chat.go:1093.3,1094.74 2 1
github.com/rmcguinness/gemini_task_engine/pkg/api/chat.go:1094.74,1095.28 1 1
github.com/rmcguinness/gemini_task_engine/pkg/api/chat.go:1095.28,1097.5 1 1
github.com/rmcguinness/gemini_task_engine/pkg/api/chat.go:1097.10,1097.36 1 0
github.com/rmcguinness/gemini_task_engine/pkg/api/chat.go:1097.36,1099.5 1 0
github.com/rmcguinness/gemini_task_engine/pkg/api/chat.go:1099.10,1101.5 1 0
github.com/rmcguinness/gemini_task_engine/pkg/api/chat.go:1102.9,1102.123 1 0
github.com/rmcguinness/gemini_task_engine/pkg/api/chat.go:1102.123,1103.28 1 0
github.com/rmcguinness/gemini_task_engine/pkg/api/chat.go:1103.28,1105.5 1 0
github.com/rmcguinness/gemini_task_engine/pkg/api/chat.go:1105.10,1105.36 1 0
github.com/rmcguinness/gemini_task_engine/pkg/api/chat.go:1105.36,1107.5 1 0
github.com/rmcguinness/gemini_task_engine/pkg/api/chat.go:1107.10,1109.5 1 0
github.com/rmcguinness/gemini_task_engine/pkg/api/chat.go:1110.9,1110.154 1 0
github.com/rmcguinness/gemini_task_engine/pkg/api/chat.go:1110.154,1111.28 1 0
github.com/rmcguinness/gemini_task_engine/pkg/api/chat.go:1111.28,1113.5 1 0
github.com/rmcguinness/gemini_task_engine/pkg/api/chat.go:1113.10,1113.36 1 0
github.com/rmcguinness/gemini_task_engine/pkg/api/chat.go:1113.36,1115.5 1 0
github.com/rmcguinness/gemini_task_engine/pkg/api/chat.go:1115.10,1117.5 1 0
github.com/rmcguinness/gemini_task_engine/pkg/api/chat.go:1118.9,1118.165 1 0
github.com/rmcguinness/gemini_task_engine/pkg/api/chat.go:1118.165,1119.28 1 0
github.com/rmcguinness/gemini_task_engine/pkg/api/chat.go:1119.28,1121.5 1 0
github.com/rmcguinness/gemini_task_engine/pkg/api/chat.go:1121.10,1121.36 1 0
github.com/rmcguinness/gemini_task_engine/pkg/api/chat.go:1121.36,1123.5 1 0
github.com/rmcguinness/gemini_task_engine/pkg/api/chat.go:1123.10,1125.5 1 0
github.com/rmcguinness/gemini_task_engine/pkg/api/chat.go:1126.9,1126.194 1 0
github.com/rmcguinness/gemini_task_engine/pkg/api/chat.go:1126.194,1127.28 1 0
github.com/rmcguinness/gemini_task_engine/pkg/api/chat.go:1127.28,1129.5 1 0
github.com/rmcguinness/gemini_task_engine/pkg/api/chat.go:1129.10,1129.36 1 0
github.com/rmcguinness/gemini_task_engine/pkg/api/chat.go:1129.36,1131.5 1 0
github.com/rmcguinness/gemini_task_engine/pkg/api/chat.go:1131.10,1133.5 1 0
github.com/rmcguinness/gemini_task_engine/pkg/api/chat.go:1136.3,1137.27 2 1
github.com/rmcguinness/gemini_task_engine/pkg/api/chat.go:1137.27,1139.4 1 1
github.com/rmcguinness/gemini_task_engine/pkg/api/chat.go:1139.9,1139.35 1 0
github.com/rmcguinness/gemini_task_engine/pkg/api/chat.go:1139.35,1141.4 1 0
github.com/rmcguinness/gemini_task_engine/pkg/api/chat.go:1143.3,1145.20 3 1
github.com/rmcguinness/gemini_task_engine/pkg/api/chat.go:1145.20,1148.4 2 1
github.com/rmcguinness/gemini_task_engine/pkg/api/chat.go:1150.3,1154.20 2 1
github.com/rmcguinness/gemini_task_engine/pkg/api/chat.go:1154.20,1156.4 1 1
github.com/rmcguinness/gemini_task_engine/pkg/api/chat.go:1158.3,1197.4 3 1
github.com/rmcguinness/gemini_task_engine/pkg/api/chat.go:1198.8,1201.20 2 0
github.com/rmcguinness/gemini_task_engine/pkg/api/chat.go:1201.20,1206.28 4 0
github.com/rmcguinness/gemini_task_engine/pkg/api/chat.go:1206.28,1207.35 1 0
github.com/rmcguinness/gemini_task_engine/pkg/api/chat.go:1207.35,1209.6 1 0
github.com/rmcguinness/gemini_task_engine/pkg/api/chat.go:1210.10,1214.5 1 0
github.com/rmcguinness/gemini_task_engine/pkg/api/chat.go:1216.4,1226.5 1 0
github.com/rmcguinness/gemini_task_engine/pkg/api/chat.go:1227.9,1236.4 3 0
github.com/rmcguinness/gemini_task_engine/pkg/api/chat.go:1242.2,1243.90 2 1
github.com/rmcguinness/gemini_task_engine/pkg/api/chat.go:1243.90,1245.3 1 1
github.com/rmcguinness/gemini_task_engine/pkg/api/chat.go:1247.2,1253.21 3 1
github.com/rmcguinness/gemini_task_engine/pkg/api/chat.go:1253.21,1254.59 1 1
github.com/rmcguinness/gemini_task_engine/pkg/api/chat.go:1254.59,1257.4 2 1
github.com/rmcguinness/gemini_task_engine/pkg/api/chat.go:1260.2,1281.38 8 1
github.com/rmcguinness/gemini_task_engine/pkg/api/chat.go:1285.93,1287.31 2 1
github.com/rmcguinness/gemini_task_engine/pkg/api/chat.go:1287.31,1289.3 1 1
github.com/rmcguinness/gemini_task_engine/pkg/api/chat.go:1292.2,1293.182 2 1
github.com/rmcguinness/gemini_task_engine/pkg/api/chat.go:1293.182,1295.3 1 1
github.com/rmcguinness/gemini_task_engine/pkg/api/chat.go:1295.8,1295.153 1 0
github.com/rmcguinness/gemini_task_engine/pkg/api/chat.go:1295.153,1297.3 1 0
github.com/rmcguinness/gemini_task_engine/pkg/api/chat.go:1297.8,1299.3 1 0
github.com/rmcguinness/gemini_task_engine/pkg/api/chat.go:1300.2,1308.44 6 1
github.com/rmcguinness/gemini_task_engine/pkg/api/chat.go:1308.44,1310.3 1 0
github.com/rmcguinness/gemini_task_engine/pkg/api/chat.go:1310.8,1310.50 1 1
github.com/rmcguinness/gemini_task_engine/pkg/api/chat.go:1310.50,1312.3 1 0
github.com/rmcguinness/gemini_task_engine/pkg/api/chat.go:1312.8,1312.51 1 1
github.com/rmcguinness/gemini_task_engine/pkg/api/chat.go:1312.51,1314.3 1 0
github.com/rmcguinness/gemini_task_engine/pkg/api/chat.go:1314.8,1314.52 1 1
github.com/rmcguinness/gemini_task_engine/pkg/api/chat.go:1314.52,1316.3 1 1
github.com/rmcguinness/gemini_task_engine/pkg/api/chat.go:1316.8,1316.52 1 0
github.com/rmcguinness/gemini_task_engine/pkg/api/chat.go:1316.52,1318.3 1 0
github.com/rmcguinness/gemini_task_engine/pkg/api/chat.go:1318.8,1318.52 1 0
github.com/rmcguinness/gemini_task_engine/pkg/api/chat.go:1318.52,1320.3 1 0
github.com/rmcguinness/gemini_task_engine/pkg/api/chat.go:1320.8,1320.52 1 0
github.com/rmcguinness/gemini_task_engine/pkg/api/chat.go:1320.52,1322.3 1 0
github.com/rmcguinness/gemini_task_engine/pkg/api/chat.go:1322.8,1324.3 1 0
github.com/rmcguinness/gemini_task_engine/pkg/api/chat.go:1325.2,1334.20 6 1
github.com/rmcguinness/gemini_task_engine/pkg/api/chat.go:1334.20,1336.3 1 0
github.com/rmcguinness/gemini_task_engine/pkg/api/chat.go:1336.8,1338.3 1 1
github.com/rmcguinness/gemini_task_engine/pkg/api/chat.go:1340.2,1340.41 1 1
github.com/rmcguinness/gemini_task_engine/pkg/api/chat.go:1344.135,1348.16 3 0
github.com/rmcguinness/gemini_task_engine/pkg/api/chat.go:1348.16,1350.3 1 0
github.com/rmcguinness/gemini_task_engine/pkg/api/chat.go:1353.2,1358.52 5 0
github.com/rmcguinness/gemini_task_engine/pkg/api/chat.go:1358.52,1360.3 1 0
github.com/rmcguinness/gemini_task_engine/pkg/api/chat.go:1361.2,1364.16 3 0
github.com/rmcguinness/gemini_task_engine/pkg/api/chat.go:1364.16,1366.3 1 0
github.com/rmcguinness/gemini_task_engine/pkg/api/chat.go:1368.2,1376.56 2 0
github.com/rmcguinness/gemini_task_engine/pkg/api/chat.go:1376.56,1378.3 1 0
github.com/rmcguinness/gemini_task_engine/pkg/api/chat.go:1380.2,1380.59 1 0
github.com/rmcguinness/gemini_task_engine/pkg/api/chat.go:1380.59,1382.3 1 0
github.com/rmcguinness/gemini_task_engine/pkg/api/chat.go:1384.2,1385.42 2 0
github.com/rmcguinness/gemini_task_engine/pkg/api/chat.go:1385.42,1386.40 1 0
github.com/rmcguinness/gemini_task_engine/pkg/api/chat.go:1386.40,1391.26 4 0
github.com/rmcguinness/gemini_task_engine/pkg/api/chat.go:1391.26,1393.5 1 0
github.com/rmcguinness/gemini_task_engine/pkg/api/chat.go:1395.4,1398.6 1 0
github.com/rmcguinness/gemini_task_engine/pkg/api/chat.go:1402.2,1402.37 1 0
github.com/rmcguinness/gemini_task_engine/pkg/api/dto.go:46.39,48.28 2 1
github.com/rmcguinness/gemini_task_engine/pkg/api/dto.go:48.28,50.3 1 0
github.com/rmcguinness/gemini_task_engine/pkg/api/dto.go:51.2,52.36 2 1
github.com/rmcguinness/gemini_task_engine/pkg/api/dto.go:52.36,54.3 1 0
github.com/rmcguinness/gemini_task_engine/pkg/api/dto.go:55.2,56.28 2 1
github.com/rmcguinness/gemini_task_engine/pkg/api/dto.go:56.28,58.3 1 0
github.com/rmcguinness/gemini_task_engine/pkg/api/dto.go:59.2,66.3 1 1
github.com/rmcguinness/gemini_task_engine/pkg/api/dto.go:69.39,75.2 1 0
github.com/rmcguinness/gemini_task_engine/pkg/api/mcp.go:44.185,61.48 4 1
github.com/rmcguinness/gemini_task_engine/pkg/api/mcp.go:61.48,63.3 1 0
github.com/rmcguinness/gemini_task_engine/pkg/api/mcp.go:65.2,65.50 1 1
github.com/rmcguinness/gemini_task_engine/pkg/api/mcp.go:65.50,67.3 1 0
github.com/rmcguinness/gemini_task_engine/pkg/api/mcp.go:69.2,69.39 1 1
github.com/rmcguinness/gemini_task_engine/pkg/api/mcp.go:69.39,71.3 1 0
github.com/rmcguinness/gemini_task_engine/pkg/api/mcp.go:73.2,73.21 1 1
github.com/rmcguinness/gemini_task_engine/pkg/api/mcp.go:109.58,111.2 1 1
github.com/rmcguinness/gemini_task_engine/pkg/api/mcp.go:113.59,115.2 1 1
github.com/rmcguinness/gemini_task_engine/pkg/api/mcp.go:117.65,119.2 1 0
github.com/rmcguinness/gemini_task_engine/pkg/api/mcp.go:121.43,122.19 1 0
github.com/rmcguinness/gemini_task_engine/pkg/api/mcp.go:122.19,124.3 1 0
github.com/rmcguinness/gemini_task_engine/pkg/api/mcp.go:125.2,125.17 1 0
github.com/rmcguinness/gemini_task_engine/pkg/api/mcp.go:129.48,130.30 1 1
github.com/rmcguinness/gemini_task_engine/pkg/api/mcp.go:130.30,133.20 2 1
github.com/rmcguinness/gemini_task_engine/pkg/api/mcp.go:133.20,135.4 1 1
github.com/rmcguinness/gemini_task_engine/pkg/api/mcp.go:136.3,146.28 7 1
github.com/rmcguinness/gemini_task_engine/pkg/api/mcp.go:146.28,149.18 3 1
github.com/rmcguinness/gemini_task_engine/pkg/api/mcp.go:149.18,152.5 1 1
github.com/rmcguinness/gemini_task_engine/pkg/api/mcp.go:156.3,158.23 3 1
github.com/rmcguinness/gemini_task_engine/pkg/api/mcp.go:158.23,159.59 1 1
github.com/rmcguinness/gemini_task_engine/pkg/api/mcp.go:159.59,161.5 1 1
github.com/rmcguinness/gemini_task_engine/pkg/api/mcp.go:165.3,181.25 8 1
github.com/rmcguinness/gemini_task_engine/pkg/api/mcp.go:181.25,183.62 2 1
github.com/rmcguinness/gemini_task_engine/pkg/api/mcp.go:183.62,186.56 2 1
github.com/rmcguinness/gemini_task_engine/pkg/api/mcp.go:186.56,193.70 2 1
github.com/rmcguinness/gemini_task_engine/pkg/api/mcp.go:193.70,196.21 3 1
github.com/rmcguinness/gemini_task_engine/pkg/api/mcp.go:196.21,199.8 2 1
github.com/rmcguinness/gemini_task_engine/pkg/api/mcp.go:201.11,201.62 1 1
github.com/rmcguinness/gemini_task_engine/pkg/api/mcp.go:201.62,212.65 2 0
github.com/rmcguinness/gemini_task_engine/pkg/api/mcp.go:212.65,216.7 3 0
github.com/rmcguinness/gemini_task_engine/pkg/api/mcp.go:219.5,219.17 1 1
github.com/rmcguinness/gemini_task_engine/pkg/api/mcp.go:219.17,220.64 1 1
github.com/rmcguinness/gemini_task_engine/pkg/api/mcp.go:220.64,222.7 1 1
github.com/rmcguinness/gemini_task_engine/pkg/api/mcp.go:229.3,231.41 3 1
github.com/rmcguinness/gemini_task_engine/pkg/api/mcp.go:305.44,308.16 2 1
github.com/rmcguinness/gemini_task_engine/pkg/api/mcp.go:308.16,310.3 1 0
github.com/rmcguinness/gemini_task_engine/pkg/api/mcp.go:313.2,314.16 2 1
github.com/rmcguinness/gemini_task_engine/pkg/api/mcp.go:314.16,316.3 1 0
github.com/rmcguinness/gemini_task_engine/pkg/api/mcp.go:319.2,320.16 2 1
github.com/rmcguinness/gemini_task_engine/pkg/api/mcp.go:320.16,322.3 1 0
github.com/rmcguinness/gemini_task_engine/pkg/api/mcp.go:325.2,326.16 2 1
github.com/rmcguinness/gemini_task_engine/pkg/api/mcp.go:326.16,328.3 1 0
github.com/rmcguinness/gemini_task_engine/pkg/api/mcp.go:331.2,332.16 2 1
github.com/rmcguinness/gemini_task_engine/pkg/api/mcp.go:332.16,334.3 1 0
github.com/rmcguinness/gemini_task_engine/pkg/api/mcp.go:337.2,338.16 2 1
github.com/rmcguinness/gemini_task_engine/pkg/api/mcp.go:338.16,340.3 1 0
github.com/rmcguinness/gemini_task_engine/pkg/api/mcp.go:343.2,344.16 2 1
github.com/rmcguinness/gemini_task_engine/pkg/api/mcp.go:344.16,346.3 1 0
github.com/rmcguinness/gemini_task_engine/pkg/api/mcp.go:349.2,350.16 2 1
github.com/rmcguinness/gemini_task_engine/pkg/api/mcp.go:350.16,352.3 1 0
github.com/rmcguinness/gemini_task_engine/pkg/api/mcp.go:355.2,356.16 2 1
github.com/rmcguinness/gemini_task_engine/pkg/api/mcp.go:356.16,358.3 1 0
github.com/rmcguinness/gemini_task_engine/pkg/api/mcp.go:361.2,362.16 2 1
github.com/rmcguinness/gemini_task_engine/pkg/api/mcp.go:362.16,364.3 1 0
github.com/rmcguinness/gemini_task_engine/pkg/api/mcp.go:367.2,368.16 2 1
github.com/rmcguinness/gemini_task_engine/pkg/api/mcp.go:368.16,370.3 1 0
github.com/rmcguinness/gemini_task_engine/pkg/api/mcp.go:373.2,374.16 2 1
github.com/rmcguinness/gemini_task_engine/pkg/api/mcp.go:374.16,376.3 1 0
github.com/rmcguinness/gemini_task_engine/pkg/api/mcp.go:379.2,380.16 2 1
github.com/rmcguinness/gemini_task_engine/pkg/api/mcp.go:380.16,382.3 1 0
github.com/rmcguinness/gemini_task_engine/pkg/api/mcp.go:385.2,386.16 2 1
github.com/rmcguinness/gemini_task_engine/pkg/api/mcp.go:386.16,388.3 1 0
github.com/rmcguinness/gemini_task_engine/pkg/api/mcp.go:391.2,392.12 2 1
github.com/rmcguinness/gemini_task_engine/pkg/api/mcp.go:395.44,397.62 2 1
github.com/rmcguinness/gemini_task_engine/pkg/api/mcp.go:397.62,398.50 1 0
github.com/rmcguinness/gemini_task_engine/pkg/api/mcp.go:398.50,399.33 1 0
github.com/rmcguinness/gemini_task_engine/pkg/api/mcp.go:399.33,401.5 1 0
github.com/rmcguinness/gemini_task_engine/pkg/api/mcp.go:404.2,404.15 1 1
github.com/rmcguinness/gemini_task_engine/pkg/api/mcp.go:404.15,405.48 1 1
github.com/rmcguinness/gemini_task_engine/pkg/api/mcp.go:405.48,407.4 1 1
github.com/rmcguinness/gemini_task_engine/pkg/api/mcp.go:409.2,409.15 1 1
github.com/rmcguinness/gemini_task_engine/pkg/api/mcp.go:409.15,411.44 2 1
github.com/rmcguinness/gemini_task_engine/pkg/api/mcp.go:411.44,413.4 1 1
github.com/rmcguinness/gemini_task_engine/pkg/api/mcp.go:415.2,415.11 1 1
github.com/rmcguinness/gemini_task_engine/pkg/api/mcp.go:419.104,421.16 2 1
github.com/rmcguinness/gemini_task_engine/pkg/api/mcp.go:421.16,423.3 1 0
github.com/rmcguinness/gemini_task_engine/pkg/api/mcp.go:425.2,426.29 2 1
github.com/rmcguinness/gemini_task_engine/pkg/api/mcp.go:426.29,428.47 1 1
github.com/rmcguinness/gemini_task_engine/pkg/api/mcp.go:428.47,429.80 1 0
github.com/rmcguinness/gemini_task_engine/pkg/api/mcp.go:429.80,430.13 1 0
github.com/rmcguinness/gemini_task_engine/pkg/api/mcp.go:435.3,435.55 1 1
github.com/rmcguinness/gemini_task_engine/pkg/api/mcp.go:435.55,436.70 1 0
github.com/rmcguinness/gemini_task_engine/pkg/api/mcp.go:436.70,437.13 1 0
github.com/rmcguinness/gemini_task_engine/pkg/api/mcp.go:442.3,442.55 1 1
github.com/rmcguinness/gemini_task_engine/pkg/api/mcp.go:442.55,444.32 2 0
github.com/rmcguinness/gemini_task_engine/pkg/api/mcp.go:444.32,445.13 1 0
github.com/rmcguinness/gemini_task_engine/pkg/api/mcp.go:447.4,451.82 5 0
github.com/rmcguinness/gemini_task_engine/pkg/api/mcp.go:451.82,453.5 1 0
github.com/rmcguinness/gemini_task_engine/pkg/api/mcp.go:453.10,455.32 2 0
github.com/rmcguinness/gemini_task_engine/pkg/api/mcp.go:455.32,456.82 1 0
github.com/rmcguinness/gemini_task_engine/pkg/api/mcp.go:456.82,457.15 1 0
github.com/rmcguinness/gemini_task_engine/pkg/api/mcp.go:459.6,459.78 1 0
github.com/rmcguinness/gemini_task_engine/pkg/api/mcp.go:459.78,461.12 2 0
github.com/rmcguinness/gemini_task_engine/pkg/api/mcp.go:465.4,465.16 1 0
github.com/rmcguinness/gemini_task_engine/pkg/api/mcp.go:465.16,466.13 1 0
github.com/rmcguinness/gemini_task_engine/pkg/api/mcp.go:470.3,470.46 1 1
github.com/rmcguinness/gemini_task_engine/pkg/api/mcp.go:474.2,474.50 1 1
github.com/rmcguinness/gemini_task_engine/pkg/api/mcp.go:474.50,476.17 2 0
github.com/rmcguinness/gemini_task_engine/pkg/api/mcp.go:476.17,478.4 1 0
github.com/rmcguinness/gemini_task_engine/pkg/api/mcp.go:479.3,479.66 1 0
github.com/rmcguinness/gemini_task_engine/pkg/api/mcp.go:482.2,483.37 2 1
github.com/rmcguinness/gemini_task_engine/pkg/api/mcp.go:483.37,485.36 2 1
github.com/rmcguinness/gemini_task_engine/pkg/api/mcp.go:485.36,487.4 1 0
github.com/rmcguinness/gemini_task_engine/pkg/api/mcp.go:488.3,488.29 1 1
github.com/rmcguinness/gemini_task_engine/pkg/api/mcp.go:488.29,490.4 1 0
github.com/rmcguinness/gemini_task_engine/pkg/api/mcp.go:491.3,491.29 1 1
github.com/rmcguinness/gemini_task_engine/pkg/api/mcp.go:491.29,493.4 1 1
github.com/rmcguinness/gemini_task_engine/pkg/api/mcp.go:494.3,494.17 1 1
github.com/rmcguinness/gemini_task_engine/pkg/api/mcp.go:496.2,496.18 1 1
github.com/rmcguinness/gemini_task_engine/pkg/api/mcp.go:496.18,498.3 1 0
github.com/rmcguinness/gemini_task_engine/pkg/api/mcp.go:500.2,500.61 1 1
github.com/rmcguinness/gemini_task_engine/pkg/api/mcp.go:503.107,504.48 1 0
github.com/rmcguinness/gemini_task_engine/pkg/api/mcp.go:504.48,506.3 1 0
github.com/rmcguinness/gemini_task_engine/pkg/api/mcp.go:507.2,508.16 2 0
github.com/rmcguinness/gemini_task_engine/pkg/api/mcp.go:508.16,510.3 1 0
github.com/rmcguinness/gemini_task_engine/pkg/api/mcp.go:511.2,511.31 1 0
github.com/rmcguinness/gemini_task_engine/pkg/api/mcp.go:511.31,512.28 1 0
github.com/rmcguinness/gemini_task_engine/pkg/api/mcp.go:512.28,514.4 1 0
github.com/rmcguinness/gemini_task_engine/pkg/api/mcp.go:516.2,516.14 1 0
github.com/rmcguinness/gemini_task_engine/pkg/api/mcp.go:519.135,522.29 2 0
github.com/rmcguinness/gemini_task_engine/pkg/api/mcp.go:522.29,524.27 2 0
github.com/rmcguinness/gemini_task_engine/pkg/api/mcp.go:524.27,526.25 2 0
github.com/rmcguinness/gemini_task_engine/pkg/api/mcp.go:526.25,528.5 1 0
github.com/rmcguinness/gemini_task_engine/pkg/api/mcp.go:532.3,566.33 4 0
github.com/rmcguinness/gemini_task_engine/pkg/api/mcp.go:566.33,567.60 1 0
github.com/rmcguinness/gemini_task_engine/pkg/api/mcp.go:567.60,569.33 1 0
github.com/rmcguinness/gemini_task_engine/pkg/api/mcp.go:569.33,587.6 1 0
github.com/rmcguinness/gemini_task_engine/pkg/api/mcp.go:587.11,587.44 1 0
github.com/rmcguinness/gemini_task_engine/pkg/api/mcp.go:587.44,605.6 1 0
github.com/rmcguinness/gemini_task_engine/pkg/api/mcp.go:606.10,608.69 1 0
github.com/rmcguinness/gemini_task_engine/pkg/api/mcp.go:608.69,610.58 2 0
github.com/rmcguinness/gemini_task_engine/pkg/api/mcp.go:610.58,612.7 1 0
github.com/rmcguinness/gemini_task_engine/pkg/api/mcp.go:612.12,614.7 1 0
github.com/rmcguinness/gemini_task_engine/pkg/api/mcp.go:615.6,623.8 1 0
github.com/rmcguinness/gemini_task_engine/pkg/api/mcp.go:628.3,628.23 1 0
github.com/rmcguinness/gemini_task_engine/pkg/api/mcp.go:628.23,633.4 1 0
github.com/rmcguinness/gemini_task_engine/pkg/api/mcp.go:635.3,635.42 1 0
github.com/rmcguinness/gemini_task_engine/pkg/api/mcp.go:639.2,654.16 4 0
github.com/rmcguinness/gemini_task_engine/pkg/api/mcp.go:654.16,656.3 1 0
github.com/rmcguinness/gemini_task_engine/pkg/api/mcp.go:658.2,658.31 1 0
github.com/rmcguinness/gemini_task_engine/pkg/api/mcp.go:661.114,663.18 2 0
github.com/rmcguinness/gemini_task_engine/pkg/api/mcp.go:663.18,665.3 1 0
github.com/rmcguinness/gemini_task_engine/pkg/api/mcp.go:666.2,667.16 2 0
github.com/rmcguinness/gemini_task_engine/pkg/api/mcp.go:667.16,669.3 1 0
github.com/rmcguinness/gemini_task_engine/pkg/api/mcp.go:670.2,670.125 1 0
github.com/rmcguinness/gemini_task_engine/pkg/api/mcp.go:673.112,675.18 2 0
github.com/rmcguinness/gemini_task_engine/pkg/api/mcp.go:675.18,677.3 1 0
github.com/rmcguinness/gemini_task_engine/pkg/api/mcp.go:678.2,679.16 2 0
github.com/rmcguinness/gemini_task_engine/pkg/api/mcp.go:679.16,681.3 1 0
github.com/rmcguinness/gemini_task_engine/pkg/api/mcp.go:682.2,682.110 1 0
github.com/rmcguinness/gemini_task_engine/pkg/api/mcp.go:685.110,687.18 2 0
github.com/rmcguinness/gemini_task_engine/pkg/api/mcp.go:687.18,689.3 1 0
github.com/rmcguinness/gemini_task_engine/pkg/api/mcp.go:690.2,691.16 2 0
github.com/rmcguinness/gemini_task_engine/pkg/api/mcp.go:691.16,693.3 1 0
github.com/rmcguinness/gemini_task_engine/pkg/api/mcp.go:694.2,694.146 1 0
github.com/rmcguinness/gemini_task_engine/pkg/api/mcp.go:697.110,699.18 2 0
github.com/rmcguinness/gemini_task_engine/pkg/api/mcp.go:699.18,701.3 1 0
github.com/rmcguinness/gemini_task_engine/pkg/api/mcp.go:702.2,703.16 2 0
github.com/rmcguinness/gemini_task_engine/pkg/api/mcp.go:703.16,705.3 1 0
github.com/rmcguinness/gemini_task_engine/pkg/api/mcp.go:706.2,706.144 1 0
github.com/rmcguinness/gemini_task_engine/pkg/api/mcp.go:709.104,713.16 4 0
github.com/rmcguinness/gemini_task_engine/pkg/api/mcp.go:713.16,715.3 1 0
github.com/rmcguinness/gemini_task_engine/pkg/api/mcp.go:716.2,717.31 2 0
github.com/rmcguinness/gemini_task_engine/pkg/api/mcp.go:717.31,719.3 1 0
github.com/rmcguinness/gemini_task_engine/pkg/api/mcp.go:720.2,720.18 1 0
github.com/rmcguinness/gemini_task_engine/pkg/api/mcp.go:720.18,722.3 1 0
github.com/rmcguinness/gemini_task_engine/pkg/api/mcp.go:723.2,723.61 1 0
github.com/rmcguinness/gemini_task_engine/pkg/api/mcp.go:726.112,728.16 2 1
github.com/rmcguinness/gemini_task_engine/pkg/api/mcp.go:728.16,730.3 1 1
github.com/rmcguinness/gemini_task_engine/pkg/api/mcp.go:731.2,732.61 2 1
github.com/rmcguinness/gemini_task_engine/pkg/api/mcp.go:735.116,737.18 2 1
github.com/rmcguinness/gemini_task_engine/pkg/api/mcp.go:737.18,739.3 1 1
github.com/rmcguinness/gemini_task_engine/pkg/api/mcp.go:741.2,742.16 2 1
github.com/rmcguinness/gemini_task_engine/pkg/api/mcp.go:742.16,744.3 1 0
github.com/rmcguinness/gemini_task_engine/pkg/api/mcp.go:746.2,748.31 3 1
github.com/rmcguinness/gemini_task_engine/pkg/api/mcp.go:748.31,750.24 2 1
github.com/rmcguinness/gemini_task_engine/pkg/api/mcp.go:750.24,752.4 1 0
github.com/rmcguinness/gemini_task_engine/pkg/api/mcp.go:755.2,756.39 2 1
github.com/rmcguinness/gemini_task_engine/pkg/api/mcp.go:756.39,761.3 1 1
github.com/rmcguinness/gemini_task_engine/pkg/api/mcp.go:763.2,764.13 2 1
github.com/rmcguinness/gemini_task_engine/pkg/api/mcp.go:764.13,766.17 2 0
github.com/rmcguinness/gemini_task_engine/pkg/api/mcp.go:766.17,767.34 1 0
github.com/rmcguinness/gemini_task_engine/pkg/api/mcp.go:767.34,773.5 1 0
github.com/rmcguinness/gemini_task_engine/pkg/api/mcp.go:776.2,776.21 1 1
github.com/rmcguinness/gemini_task_engine/pkg/api/mcp.go:776.21,777.32 1 1
github.com/rmcguinness/gemini_task_engine/pkg/api/mcp.go:777.32,783.4 1 1
github.com/rmcguinness/gemini_task_engine/pkg/api/mcp.go:786.2,796.16 3 1
github.com/rmcguinness/gemini_task_engine/pkg/api/mcp.go:796.16,798.3 1 0
github.com/rmcguinness/gemini_task_engine/pkg/api/mcp.go:800.2,800.72 1 1
github.com/rmcguinness/gemini_task_engine/pkg/api/mcp.go:807.106,809.18 2 0
github.com/rmcguinness/gemini_task_engine/pkg/api/mcp.go:809.18,811.3 1 0
github.com/rmcguinness/gemini_task_engine/pkg/api/mcp.go:813.2,814.16 2 0
github.com/rmcguinness/gemini_task_engine/pkg/api/mcp.go:814.16,816.3 1 0
github.com/rmcguinness/gemini_task_engine/pkg/api/mcp.go:818.2,819.31 2 0
github.com/rmcguinness/gemini_task_engine/pkg/api/mcp.go:819.31,821.3 1 0
github.com/rmcguinness/gemini_task_engine/pkg/api/mcp.go:823.2,824.16 2 0
github.com/rmcguinness/gemini_task_engine/pkg/api/mcp.go:824.16,826.3 1 0
github.com/rmcguinness/gemini_task_engine/pkg/api/mcp.go:828.2,828.96 1 0
github.com/rmcguinness/gemini_task_engine/pkg/api/mcp.go:837.120,839.18 2 0
github.com/rmcguinness/gemini_task_engine/pkg/api/mcp.go:839.18,841.3 1 0
github.com/rmcguinness/gemini_task_engine/pkg/api/mcp.go:843.2,844.16 2 0
github.com/rmcguinness/gemini_task_engine/pkg/api/mcp.go:844.16,846.3 1 0
github.com/rmcguinness/gemini_task_engine/pkg/api/mcp.go:848.2,848.90 1 0
github.com/rmcguinness/gemini_task_engine/pkg/api/mcp.go:853.122,855.18 2 0
github.com/rmcguinness/gemini_task_engine/pkg/api/mcp.go:855.18,857.3 1 0
github.com/rmcguinness/gemini_task_engine/pkg/api/mcp.go:859.2,860.16 2 0
github.com/rmcguinness/gemini_task_engine/pkg/api/mcp.go:860.16,862.3 1 0
github.com/rmcguinness/gemini_task_engine/pkg/api/mcp.go:864.2,865.16 2 0
github.com/rmcguinness/gemini_task_engine/pkg/api/mcp.go:865.16,867.3 1 0
github.com/rmcguinness/gemini_task_engine/pkg/api/mcp.go:869.2,869.72 1 0
github.com/rmcguinness/gemini_task_engine/pkg/api/mcp.go:872.114,875.54 2 0
github.com/rmcguinness/gemini_task_engine/pkg/api/mcp.go:875.54,877.3 1 0
github.com/rmcguinness/gemini_task_engine/pkg/api/mcp.go:877.8,877.61 1 0
github.com/rmcguinness/gemini_task_engine/pkg/api/mcp.go:877.61,879.3 1 0
github.com/rmcguinness/gemini_task_engine/pkg/api/mcp.go:881.2,901.44 5 0
github.com/rmcguinness/gemini_task_engine/pkg/api/mcp.go:901.44,904.31 2 0
github.com/rmcguinness/gemini_task_engine/pkg/api/mcp.go:904.31,912.150 5 0
github.com/rmcguinness/gemini_task_engine/pkg/api/mcp.go:912.150,914.29 2 0
github.com/rmcguinness/gemini_task_engine/pkg/api/mcp.go:914.29,916.6 1 0
github.com/rmcguinness/gemini_task_engine/pkg/api/mcp.go:916.11,916.37 1 0
github.com/rmcguinness/gemini_task_engine/pkg/api/mcp.go:916.37,919.6 2 0
github.com/rmcguinness/gemini_task_engine/pkg/api/mcp.go:919.11,922.6 2 0
github.com/rmcguinness/gemini_task_engine/pkg/api/mcp.go:923.10,923.171 1 0
github.com/rmcguinness/gemini_task_engine/pkg/api/mcp.go:923.171,925.29 2 0
github.com/rmcguinness/gemini_task_engine/pkg/api/mcp.go:925.29,927.6 1 0
github.com/rmcguinness/gemini_task_engine/pkg/api/mcp.go:927.11,927.37 1 0
github.com/rmcguinness/gemini_task_engine/pkg/api/mcp.go:927.37,930.6 2 0
github.com/rmcguinness/gemini_task_engine/pkg/api/mcp.go:930.11,933.6 2 0
github.com/rmcguinness/gemini_task_engine/pkg/api/mcp.go:934.10,934.153 1 0
github.com/rmcguinness/gemini_task_engine/pkg/api/mcp.go:934.153,936.29 2 0
github.com/rmcguinness/gemini_task_engine/pkg/api/mcp.go:936.29,938.6 1 0
github.com/rmcguinness/gemini_task_engine/pkg/api/mcp.go:938.11,938.37 1 0
github.com/rmcguinness/gemini_task_engine/pkg/api/mcp.go:938.37,941.6 2 0
github.com/rmcguinness/gemini_task_engine/pkg/api/mcp.go:941.11,944.6 2 0
github.com/rmcguinness/gemini_task_engine/pkg/api/mcp.go:945.10,945.157 1 0
github.com/rmcguinness/gemini_task_engine/pkg/api/mcp.go:945.157,947.29 2 0
github.com/rmcguinness/gemini_task_engine/pkg/api/mcp.go:947.29,949.6 1 0
github.com/rmcguinness/gemini_task_engine/pkg/api/mcp.go:949.11,949.37 1 0
github.com/rmcguinness/gemini_task_engine/pkg/api/mcp.go:949.37,952.6 2 0
github.com/rmcguinness/gemini_task_engine/pkg/api/mcp.go:952.11,955.6 2 0
github.com/rmcguinness/gemini_task_engine/pkg/api/mcp.go:956.10,956.152 1 0
github.com/rmcguinness/gemini_task_engine/pkg/api/mcp.go:956.152,958.29 2 0
github.com/rmcguinness/gemini_task_engine/pkg/api/mcp.go:958.29,960.6 1 0
github.com/rmcguinness/gemini_task_engine/pkg/api/mcp.go:960.11,960.37 1 0
github.com/rmcguinness/gemini_task_engine/pkg/api/mcp.go:960.37,963.6 2 0
github.com/rmcguinness/gemini_task_engine/pkg/api/mcp.go:963.11,966.6 2 0
github.com/rmcguinness/gemini_task_engine/pkg/api/mcp.go:967.10,971.5 2 0
github.com/rmcguinness/gemini_task_engine/pkg/api/mcp.go:973.4,977.5 1 0
github.com/rmcguinness/gemini_task_engine/pkg/api/mcp.go:981.2,995.16 4 0
github.com/rmcguinness/gemini_task_engine/pkg/api/mcp.go:995.16,997.3 1 0
github.com/rmcguinness/gemini_task_engine/pkg/api/mcp.go:1000.2,1001.60 2 0
github.com/rmcguinness/gemini_task_engine/pkg/api/mcp.go:1001.60,1003.66 2 0
github.com/rmcguinness/gemini_task_engine/pkg/api/mcp.go:1003.66,1005.4 1 0
github.com/rmcguinness/gemini_task_engine/pkg/api/mcp.go:1008.2,1008.31 1 0
github.com/rmcguinness/gemini_task_engine/pkg/api/mcp.go:1011.120,1013.18 2 0
github.com/rmcguinness/gemini_task_engine/pkg/api/mcp.go:1013.18,1015.3 1 0
github.com/rmcguinness/gemini_task_engine/pkg/api/mcp.go:1017.2,1017.50 1 0
github.com/rmcguinness/gemini_task_engine/pkg/api/mcp.go:1017.50,1019.17 2 0
github.com/rmcguinness/gemini_task_engine/pkg/api/mcp.go:1019.17,1021.4 1 0
github.com/rmcguinness/gemini_task_engine/pkg/api/mcp.go:1022.3,1022.64 1 0
github.com/rmcguinness/gemini_task_engine/pkg/api/mcp.go:1025.2,1026.16 2 0
github.com/rmcguinness/gemini_task_engine/pkg/api/mcp.go:1026.16,1028.3 1 0
github.com/rmcguinness/gemini_task_engine/pkg/api/mcp.go:1030.2,1031.30 2 0
github.com/rmcguinness/gemini_task_engine/pkg/api/mcp.go:1031.30,1033.3 1 0
github.com/rmcguinness/gemini_task_engine/pkg/api/mcp.go:1034.2,1034.18 1 0
github.com/rmcguinness/gemini_task_engine/pkg/api/mcp.go:1034.18,1036.3 1 0
github.com/rmcguinness/gemini_task_engine/pkg/api/mcp.go:1037.2,1037.61 1 0
github.com/rmcguinness/gemini_task_engine/pkg/api/mcp.go:1042.46,1043.38 1 1
github.com/rmcguinness/gemini_task_engine/pkg/api/mcp.go:1043.38,1046.76 1 1
github.com/rmcguinness/gemini_task_engine/pkg/api/mcp.go:1046.76,1051.4 1 0
github.com/rmcguinness/gemini_task_engine/pkg/api/mcp.go:1053.3,1054.17 2 1
github.com/rmcguinness/gemini_task_engine/pkg/api/mcp.go:1054.17,1056.4 1 0
github.com/rmcguinness/gemini_task_engine/pkg/api/mcp.go:1058.2,1058.12 1 1
github.com/rmcguinness/gemini_task_engine/pkg/api/mcp.go:1061.145,1063.54 2 0
github.com/rmcguinness/gemini_task_engine/pkg/api/mcp.go:1063.54,1065.3 1 0
github.com/rmcguinness/gemini_task_engine/pkg/api/mcp.go:1065.8,1065.61 1 0
github.com/rmcguinness/gemini_task_engine/pkg/api/mcp.go:1065.61,1067.3 1 0
github.com/rmcguinness/gemini_task_engine/pkg/api/mcp.go:1070.2,1070.28 1 0
github.com/rmcguinness/gemini_task_engine/pkg/api/mcp.go:1070.28,1072.20 2 0
github.com/rmcguinness/gemini_task_engine/pkg/api/mcp.go:1072.20,1074.4 1 0
github.com/rmcguinness/gemini_task_engine/pkg/api/mcp.go:1078.2,1079.23 2 0
github.com/rmcguinness/gemini_task_engine/pkg/api/mcp.go:1082.104,1088.73 5 0
github.com/rmcguinness/gemini_task_engine/pkg/api/mcp.go:1088.73,1091.27 3 0
github.com/rmcguinness/gemini_task_engine/pkg/api/mcp.go:1091.27,1093.4 1 0
github.com/rmcguinness/gemini_task_engine/pkg/api/mcp.go:1093.9,1093.35 1 0
github.com/rmcguinness/gemini_task_engine/pkg/api/mcp.go:1093.35,1096.4 2 0
github.com/rmcguinness/gemini_task_engine/pkg/api/mcp.go:1096.9,1099.4 2 0
github.com/rmcguinness/gemini_task_engine/pkg/api/mcp.go:1100.8,1100.122 1 0
github.com/rmcguinness/gemini_task_engine/pkg/api/mcp.go:1100.122,1103.27 3 0
github.com/rmcguinness/gemini_task_engine/pkg/api/mcp.go:1103.27,1105.4 1 0
github.com/rmcguinness/gemini_task_engine/pkg/api/mcp.go:1105.9,1105.35 1 0
github.com/rmcguinness/gemini_task_engine/pkg/api/mcp.go:1105.35,1108.4 2 0
github.com/rmcguinness/gemini_task_engine/pkg/api/mcp.go:1108.9,1111.4 2 0
github.com/rmcguinness/gemini_task_engine/pkg/api/mcp.go:1112.8,1112.271 1 0
github.com/rmcguinness/gemini_task_engine/pkg/api/mcp.go:1112.271,1115.27 3 0
github.com/rmcguinness/gemini_task_engine/pkg/api/mcp.go:1115.27,1117.4 1 0
github.com/rmcguinness/gemini_task_engine/pkg/api/mcp.go:1117.9,1117.35 1 0
[...]
github.com/rmcguinness/gemini_task_engine/pkg/service/scheduler.go:541.20,542.9 1 0
github.com/rmcguinness/gemini_task_engine/pkg/service/scheduler.go:543.44,543.44 0 0
github.com/rmcguinness/gemini_task_engine/pkg/service/scheduler.go:546.2,554.16 8 0
github.com/rmcguinness/gemini_task_engine/pkg/service/scheduler.go:554.16,557.3 2 0
github.com/rmcguinness/gemini_task_engine/pkg/service/scheduler.go:559.2,562.102 4 0
github.com/rmcguinness/gemini_task_engine/pkg/service/scheduler.go:568.75,573.6 4 0
github.com/rmcguinness/gemini_task_engine/pkg/service/scheduler.go:573.6,574.10 1 0
github.com/rmcguinness/gemini_task_engine/pkg/service/scheduler.go:575.21,576.10 1 0
github.com/rmcguinness/gemini_task_engine/pkg/service/scheduler.go:577.19,578.36 1 0
github.com/rmcguinness/gemini_task_engine/pkg/service/scheduler.go:583.75,586.16 3 0
github.com/rmcguinness/gemini_task_engine/pkg/service/scheduler.go:586.16,589.3 2 0
github.com/rmcguinness/gemini_task_engine/pkg/service/scheduler.go:591.2,591.25 1 0
github.com/rmcguinness/gemini_task_engine/pkg/service/scheduler.go:591.25,593.3 1 0
github.com/rmcguinness/gemini_task_engine/pkg/service/scheduler.go:595.2,597.33 2 0
github.com/rmcguinness/gemini_task_engine/pkg/service/scheduler.go:597.33,598.32 1 0
github.com/rmcguinness/gemini_task_engine/pkg/service/scheduler.go:598.32,600.4 1 0
github.com/rmcguinness/gemini_task_engine/pkg/service/scheduler.go:607.72,612.6 4 0
github.com/rmcguinness/gemini_task_engine/pkg/service/scheduler.go:612.6,613.10 1 0
github.com/rmcguinness/gemini_task_engine/pkg/service/scheduler.go:614.21,615.10 1 0
github.com/rmcguinness/gemini_task_engine/pkg/service/scheduler.go:616.19,617.20 1 0
github.com/rmcguinness/gemini_task_engine/pkg/service/scheduler.go:617.20,619.5 1 0
github.com/rmcguinness/gemini_task_engine/pkg/service/scheduler.go:624.75,632.16 4 1
github.com/rmcguinness/gemini_task_engine/pkg/service/scheduler.go:632.16,635.3 2 0
github.com/rmcguinness/gemini_task_engine/pkg/service/scheduler.go:637.2,637.30 1 1
github.com/rmcguinness/gemini_task_engine/pkg/service/scheduler.go:637.30,640.40 2 1
github.com/rmcguinness/gemini_task_engine/pkg/service/scheduler.go:640.40,645.41 4 1
github.com/rmcguinness/gemini_task_engine/pkg/service/scheduler.go:645.41,650.5 4 1
github.com/rmcguinness/gemini_task_engine/pkg/service/scheduler.go:650.10,658.5 7 1
github.com/rmcguinness/gemini_task_engine/pkg/service/scheduler.go:660.4,660.46 1 1
github.com/rmcguinness/gemini_task_engine/pkg/service/scheduler.go:665.2,669.16 3 1
github.com/rmcguinness/gemini_task_engine/pkg/service/scheduler.go:669.16,672.3 2 0
github.com/rmcguinness/gemini_task_engine/pkg/service/scheduler.go:674.2,674.29 1 1
github.com/rmcguinness/gemini_task_engine/pkg/service/scheduler.go:674.29,677.39 2 1
github.com/rmcguinness/gemini_task_engine/pkg/service/scheduler.go:677.39,682.41 4 1
github.com/rmcguinness/gemini_task_engine/pkg/service/scheduler.go:682.41,687.5 4 1
github.com/rmcguinness/gemini_task_engine/pkg/service/scheduler.go:687.10,692.5 4 1
github.com/rmcguinness/gemini_task_engine/pkg/service/scheduler.go:694.4,694.46 1 1
github.com/rmcguinness/gemini_task_engine/pkg/service/scheduler.go:702.77,707.6 4 0
github.com/rmcguinness/gemini_task_engine/pkg/service/scheduler.go:707.6,708.10 1 0
github.com/rmcguinness/gemini_task_engine/pkg/service/scheduler.go:709.21,710.10 1 0
github.com/rmcguinness/gemini_task_engine/pkg/service/scheduler.go:711.19,712.20 1 0
github.com/rmcguinness/gemini_task_engine/pkg/service/scheduler.go:712.20,715.5 2 0
github.com/rmcguinness/gemini_task_engine/pkg/service/scheduler.go:720.72,723.16 3 0
github.com/rmcguinness/gemini_task_engine/pkg/service/scheduler.go:723.16,726.3 2 0
github.com/rmcguinness/gemini_task_engine/pkg/service/scheduler.go:728.2,728.27 1 0
github.com/rmcguinness/gemini_task_engine/pkg/service/scheduler.go:728.27,730.17 2 0
github.com/rmcguinness/gemini_task_engine/pkg/service/scheduler.go:730.17,732.12 2 0
github.com/rmcguinness/gemini_task_engine/pkg/service/scheduler.go:734.3,734.14 1 0
github.com/rmcguinness/gemini_task_engine/pkg/service/scheduler.go:734.14,736.4 1 0
github.com/rmcguinness/gemini_task_engine/pkg/service/scheduler.go:740.82,747.16 4 0
github.com/rmcguinness/gemini_task_engine/pkg/service/scheduler.go:747.16,749.3 1 0
github.com/rmcguinness/gemini_task_engine/pkg/service/scheduler.go:751.2,751.37 1 0
github.com/rmcguinness/gemini_task_engine/pkg/service/scheduler.go:751.37,761.17 3 0
github.com/rmcguinness/gemini_task_engine/pkg/service/scheduler.go:761.17,763.12 2 0
github.com/rmcguinness/gemini_task_engine/pkg/service/scheduler.go:767.3,772.30 3 0
github.com/rmcguinness/gemini_task_engine/pkg/service/scheduler.go:772.30,774.12 1 0
github.com/rmcguinness/gemini_task_engine/pkg/service/scheduler.go:778.3,779.17 2 0
github.com/rmcguinness/gemini_task_engine/pkg/service/scheduler.go:779.17,781.4 1 0
github.com/rmcguinness/gemini_task_engine/pkg/service/scheduler.go:781.9,783.4 1 0
github.com/rmcguinness/gemini_task_engine/pkg/service/scheduler.go:785.2,785.12 1 0
github.com/rmcguinness/gemini_task_engine/pkg/service/scheduler.go:788.60,794.2 5 0
github.com/rmcguinness/gemini_task_engine/pkg/service/shift.go:44.125,49.2 1 1
github.com/rmcguinness/gemini_task_engine/pkg/service/shift.go:51.127,54.54 2 1
github.com/rmcguinness/gemini_task_engine/pkg/service/shift.go:54.54,56.3 1 1
github.com/rmcguinness/gemini_task_engine/pkg/service/shift.go:59.2,60.16 2 1
github.com/rmcguinness/gemini_task_engine/pkg/service/shift.go:60.16,62.3 1 1
github.com/rmcguinness/gemini_task_engine/pkg/service/shift.go:65.2,71.16 3 1
github.com/rmcguinness/gemini_task_engine/pkg/service/shift.go:71.16,73.3 1 0
github.com/rmcguinness/gemini_task_engine/pkg/service/shift.go:75.2,83.62 2 1
github.com/rmcguinness/gemini_task_engine/pkg/service/shift.go:83.62,85.3 1 0
github.com/rmcguinness/gemini_task_engine/pkg/service/shift.go:87.2,87.24 1 1
github.com/rmcguinness/gemini_task_engine/pkg/service/shift.go:90.99,92.2 1 0
github.com/rmcguinness/gemini_task_engine/pkg/service/shift.go:94.84,96.2 1 0
github.com/rmcguinness/gemini_task_engine/pkg/service/shift.go:98.106,100.2 1 0
github.com/rmcguinness/gemini_task_engine/pkg/service/shift.go:103.96,105.2 1 1
github.com/rmcguinness/gemini_task_engine/pkg/service/shift.go:107.105,109.2 1 1
github.com/rmcguinness/gemini_task_engine/pkg/service/shift.go:111.94,113.2 1 1
github.com/rmcguinness/gemini_task_engine/pkg/service/shift.go:115.118,117.2 1 1
github.com/rmcguinness/gemini_task_engine/pkg/service/shift.go:119.76,121.2 1 1
github.com/rmcguinness/gemini_task_engine/pkg/service/task.go:57.116,62.2 1 1
github.com/rmcguinness/gemini_task_engine/pkg/service/task.go:64.100,66.2 1 1
github.com/rmcguinness/gemini_task_engine/pkg/service/task.go:68.83,70.2 1 1
github.com/rmcguinness/gemini_task_engine/pkg/service/task.go:72.102,74.2 1 1
github.com/rmcguinness/gemini_task_engine/pkg/service/task.go:76.116,78.2 1 1
github.com/rmcguinness/gemini_task_engine/pkg/service/task.go:80.115,85.16 3 1
github.com/rmcguinness/gemini_task_engine/pkg/service/task.go:85.16,87.3 1 0
github.com/rmcguinness/gemini_task_engine/pkg/service/task.go:89.2,93.16 3 1
github.com/rmcguinness/gemini_task_engine/pkg/service/task.go:94.21,95.34 1 1
github.com/rmcguinness/gemini_task_engine/pkg/service/task.go:95.34,98.4 2 1
github.com/rmcguinness/gemini_task_engine/pkg/service/task.go:98.9,98.40 1 1
github.com/rmcguinness/gemini_task_engine/pkg/service/task.go:98.40,100.28 1 1
github.com/rmcguinness/gemini_task_engine/pkg/service/task.go:100.28,104.5 3 1
github.com/rmcguinness/gemini_task_engine/pkg/service/task.go:105.4,105.31 1 1
github.com/rmcguinness/gemini_task_engine/pkg/service/task.go:107.16,108.38 1 1
github.com/rmcguinness/gemini_task_engine/pkg/service/task.go:108.38,111.4 2 1
github.com/rmcguinness/gemini_task_engine/pkg/service/task.go:112.19,114.26 2 1
github.com/rmcguinness/gemini_task_engine/pkg/service/task.go:118.2,118.26 1 1
github.com/rmcguinness/gemini_task_engine/pkg/service/task.go:118.26,125.90 2 1
github.com/rmcguinness/gemini_task_engine/pkg/service/task.go:125.90,127.36 2 1
github.com/rmcguinness/gemini_task_engine/pkg/service/task.go:127.36,128.82 1 1
github.com/rmcguinness/gemini_task_engine/pkg/service/task.go:128.82,131.46 2 1
github.com/rmcguinness/gemini_task_engine/pkg/service/task.go:131.46,133.37 2 1
github.com/rmcguinness/gemini_task_engine/pkg/service/task.go:133.37,135.28 1 1
github.com/rmcguinness/gemini_task_engine/pkg/service/task.go:136.21,140.23 4 1
github.com/rmcguinness/gemini_task_engine/pkg/service/task.go:141.21,144.23 3 1
github.com/rmcguinness/gemini_task_engine/pkg/service/task.go:145.22,146.83 1 1
github.com/rmcguinness/gemini_task_engine/pkg/service/task.go:146.83,147.80 1 1
github.com/rmcguinness/gemini_task_engine/pkg/service/task.go:147.80,151.67 3 1
github.com/rmcguinness/gemini_task_engine/pkg/service/task.go:151.67,153.12 1 1
github.com/rmcguinness/gemini_task_engine/pkg/service/task.go:154.11,154.81 1 1
github.com/rmcguinness/gemini_task_engine/pkg/service/task.go:157.9,159.23 3 1
github.com/rmcguinness/gemini_task_engine/pkg/service/task.go:160.24,168.82 6 1
github.com/rmcguinness/gemini_task_engine/pkg/service/task.go:168.82,169.78 1 1
github.com/rmcguinness/gemini_task_engine/pkg/service/task.go:169.78,173.67 3 1
github.com/rmcguinness/gemini_task_engine/pkg/service/task.go:173.67,175.12 1 1
github.com/rmcguinness/gemini_task_engine/pkg/service/task.go:176.11,180.59 3 1
github.com/rmcguinness/gemini_task_engine/pkg/service/task.go:180.59,182.12 1 1
github.com/rmcguinness/gemini_task_engine/pkg/service/task.go:183.11,183.71 1 1
github.com/rmcguinness/gemini_task_engine/pkg/service/task.go:187.8,187.13 1 1
github.com/rmcguinness/gemini_task_engine/pkg/service/task.go:190.6,190.17 1 1
github.com/rmcguinness/gemini_task_engine/pkg/service/task.go:190.17,193.7 2 1
github.com/rmcguinness/gemini_task_engine/pkg/service/task.go:196.9,199.4 1 1
github.com/rmcguinness/gemini_task_engine/pkg/service/task.go:202.2,202.45 1 1
github.com/rmcguinness/gemini_task_engine/pkg/service/task.go:206.126,210.16 3 1
github.com/rmcguinness/gemini_task_engine/pkg/service/task.go:210.16,212.3 1 1
github.com/rmcguinness/gemini_task_engine/pkg/service/task.go:214.2,215.16 2 1
github.com/rmcguinness/gemini_task_engine/pkg/service/task.go:215.16,217.3 1 1
github.com/rmcguinness/gemini_task_engine/pkg/service/task.go:220.2,221.33 2 1
github.com/rmcguinness/gemini_task_engine/pkg/service/task.go:221.33,222.68 1 1
github.com/rmcguinness/gemini_task_engine/pkg/service/task.go:222.68,224.4 1 0
github.com/rmcguinness/gemini_task_engine/pkg/service/task.go:225.8,227.3 1 0
github.com/rmcguinness/gemini_task_engine/pkg/service/task.go:230.2,238.16 3 1
github.com/rmcguinness/gemini_task_engine/pkg/service/task.go:238.16,240.3 1 0
github.com/rmcguinness/gemini_task_engine/pkg/service/task.go:241.2,244.45 2 1
github.com/rmcguinness/gemini_task_engine/pkg/service/task.go:247.116,251.16 3 1
github.com/rmcguinness/gemini_task_engine/pkg/service/task.go:251.16,253.3 1 1
github.com/rmcguinness/gemini_task_engine/pkg/service/task.go:255.2,255.32 1 1
github.com/rmcguinness/gemini_task_engine/pkg/service/task.go:255.32,257.3 1 1
github.com/rmcguinness/gemini_task_engine/pkg/service/task.go:258.2,258.36 1 1
github.com/rmcguinness/gemini_task_engine/pkg/service/task.go:258.36,260.3 1 1
github.com/rmcguinness/gemini_task_engine/pkg/service/task.go:262.2,263.30 2 1
github.com/rmcguinness/gemini_task_engine/pkg/service/task.go:263.30,265.3 1 1
github.com/rmcguinness/gemini_task_engine/pkg/service/task.go:267.2,274.67 2 1
github.com/rmcguinness/gemini_task_engine/pkg/service/task.go:274.67,276.3 1 0
github.com/rmcguinness/gemini_task_engine/pkg/service/task.go:278.2,279.61 2 1
github.com/rmcguinness/gemini_task_engine/pkg/service/task.go:279.61,281.3 1 0
github.com/rmcguinness/gemini_task_engine/pkg/service/task.go:283.2,283.12 1 1
github.com/rmcguinness/gemini_task_engine/pkg/service/task.go:286.93,290.16 3 1
github.com/rmcguinness/gemini_task_engine/pkg/service/task.go:290.16,292.3 1 1
github.com/rmcguinness/gemini_task_engine/pkg/service/task.go:294.2,294.31 1 1
github.com/rmcguinness/gemini_task_engine/pkg/service/task.go:294.31,296.3 1 0
github.com/rmcguinness/gemini_task_engine/pkg/service/task.go:298.2,299.16 2 1
github.com/rmcguinness/gemini_task_engine/pkg/service/task.go:299.16,301.3 1 1
github.com/rmcguinness/gemini_task_engine/pkg/service/task.go:304.2,307.61 3 1
github.com/rmcguinness/gemini_task_engine/pkg/service/task.go:307.61,309.3 1 0
github.com/rmcguinness/gemini_task_engine/pkg/service/task.go:311.2,312.51 2 1
github.com/rmcguinness/gemini_task_engine/pkg/service/task.go:315.105,317.2 1 1
github.com/rmcguinness/gemini_task_engine/pkg/service/task.go:319.92,323.16 3 1
github.com/rmcguinness/gemini_task_engine/pkg/service/task.go:323.16,325.3 1 1
github.com/rmcguinness/gemini_task_engine/pkg/service/task.go:327.2,327.31 1 1
github.com/rmcguinness/gemini_task_engine/pkg/service/task.go:327.31,329.3 1 1
github.com/rmcguinness/gemini_task_engine/pkg/service/task.go:331.2,331.82 1 1
github.com/rmcguinness/gemini_task_engine/pkg/service/task.go:331.82,333.3 1 1
github.com/rmcguinness/gemini_task_engine/pkg/service/task.go:335.2,336.16 2 1
github.com/rmcguinness/gemini_task_engine/pkg/service/task.go:336.16,338.3 1 0
github.com/rmcguinness/gemini_task_engine/pkg/service/task.go:341.2,345.34 3 1
github.com/rmcguinness/gemini_task_engine/pkg/service/task.go:345.34,347.73 2 1
github.com/rmcguinness/gemini_task_engine/pkg/service/task.go:347.73,348.35 1 1
github.com/rmcguinness/gemini_task_engine/pkg/service/task.go:348.35,349.57 1 1
github.com/rmcguinness/gemini_task_engine/pkg/service/task.go:349.57,351.11 2 1
github.com/rmcguinness/gemini_task_engine/pkg/service/task.go:356.2,356.23 1 1
github.com/rmcguinness/gemini_task_engine/pkg/service/task.go:356.23,358.3 1 1
github.com/rmcguinness/gemini_task_engine/pkg/service/task.go:358.8,360.3 1 1
github.com/rmcguinness/gemini_task_engine/pkg/service/task.go:362.2,362.61 1 1
github.com/rmcguinness/gemini_task_engine/pkg/service/task.go:362.61,364.3 1 0
github.com/rmcguinness/gemini_task_engine/pkg/service/task.go:366.2,367.51 2 1
github.com/rmcguinness/gemini_task_engine/pkg/service/task.go:370.92,374.16 3 1
github.com/rmcguinness/gemini_task_engine/pkg/service/task.go:374.16,376.3 1 1
github.com/rmcguinness/gemini_task_engine/pkg/service/task.go:378.2,378.31 1 1
github.com/rmcguinness/gemini_task_engine/pkg/service/task.go:378.31,380.3 1 1
github.com/rmcguinness/gemini_task_engine/pkg/service/task.go:382.2,382.82 1 1
github.com/rmcguinness/gemini_task_engine/pkg/service/task.go:382.82,384.3 1 1
github.com/rmcguinness/gemini_task_engine/pkg/service/task.go:386.2,387.16 2 1
github.com/rmcguinness/gemini_task_engine/pkg/service/task.go:387.16,389.3 1 1
github.com/rmcguinness/gemini_task_engine/pkg/service/task.go:392.2,393.34 2 1
github.com/rmcguinness/gemini_task_engine/pkg/service/task.go:393.34,395.73 2 1
github.com/rmcguinness/gemini_task_engine/pkg/service/task.go:395.73,396.35 1 1
github.com/rmcguinness/gemini_task_engine/pkg/service/task.go:396.35,397.57 1 1
github.com/rmcguinness/gemini_task_engine/pkg/service/task.go:397.57,399.11 2 1
github.com/rmcguinness/gemini_task_engine/pkg/service/task.go:404.2,404.23 1 1
github.com/rmcguinness/gemini_task_engine/pkg/service/task.go:404.23,406.3 1 1
github.com/rmcguinness/gemini_task_engine/pkg/service/task.go:406.8,408.3 1 1
github.com/rmcguinness/gemini_task_engine/pkg/service/task.go:410.2,410.61 1 1
github.com/rmcguinness/gemini_task_engine/pkg/service/task.go:410.61,412.3 1 0
github.com/rmcguinness/gemini_task_engine/pkg/service/task.go:414.2,415.51 2 1
github.com/rmcguinness/gemini_task_engine/pkg/service/task.go:418.110,422.16 3 1
github.com/rmcguinness/gemini_task_engine/pkg/service/task.go:422.16,424.3 1 1
github.com/rmcguinness/gemini_task_engine/pkg/service/task.go:427.2,427.32 1 1
github.com/rmcguinness/gemini_task_engine/pkg/service/task.go:427.32,429.3 1 1
github.com/rmcguinness/gemini_task_engine/pkg/service/task.go:432.2,433.36 2 1
github.com/rmcguinness/gemini_task_engine/pkg/service/task.go:433.36,437.17 3 1
github.com/rmcguinness/gemini_task_engine/pkg/service/task.go:437.17,439.4 1 1
github.com/rmcguinness/gemini_task_engine/pkg/service/task.go:445.3,446.34 2 1
github.com/rmcguinness/gemini_task_engine/pkg/service/task.go:446.34,448.4 1 1
github.com/rmcguinness/gemini_task_engine/pkg/service/task.go:448.9,448.80 1 1
github.com/rmcguinness/gemini_task_engine/pkg/service/task.go:448.80,450.4 1 0
github.com/rmcguinness/gemini_task_engine/pkg/service/task.go:450.9,450.49 1 1
github.com/rmcguinness/gemini_task_engine/pkg/service/task.go:450.49,452.4 1 1
github.com/rmcguinness/gemini_task_engine/pkg/service/task.go:452.9,452.76 1 1
github.com/rmcguinness/gemini_task_engine/pkg/service/task.go:452.76,454.4 1 0
github.com/rmcguinness/gemini_task_engine/pkg/service/task.go:454.9,455.36 1 1
github.com/rmcguinness/gemini_task_engine/pkg/service/task.go:455.36,456.39 1 1
github.com/rmcguinness/gemini_task_engine/pkg/service/task.go:456.39,458.11 2 0
github.com/rmcguinness/gemini_task_engine/pkg/service/task.go:463.3,463.20 1 1
github.com/rmcguinness/gemini_task_engine/pkg/service/task.go:463.20,465.4 1 1
github.com/rmcguinness/gemini_task_engine/pkg/service/task.go:466.8,471.69 2 1
github.com/rmcguinness/gemini_task_engine/pkg/service/task.go:471.69,473.4 1 1
github.com/rmcguinness/gemini_task_engine/pkg/service/task.go:473.9,474.36 1 1
github.com/rmcguinness/gemini_task_engine/pkg/service/task.go:474.36,475.39 1 1
github.com/rmcguinness/gemini_task_engine/pkg/service/task.go:475.39,477.11 2 1
github.com/rmcguinness/gemini_task_engine/pkg/service/task.go:482.3,482.20 1 1
github.com/rmcguinness/gemini_task_engine/pkg/service/task.go:482.20,484.4 1 1
github.com/rmcguinness/gemini_task_engine/pkg/service/task.go:488.2,492.34 3 1
github.com/rmcguinness/gemini_task_engine/pkg/service/task.go:492.34,494.73 2 1
github.com/rmcguinness/gemini_task_engine/pkg/service/task.go:494.73,495.35 1 1
github.com/rmcguinness/gemini_task_engine/pkg/service/task.go:495.35,496.57 1 1
github.com/rmcguinness/gemini_task_engine/pkg/service/task.go:496.57,498.11 2 1
github.com/rmcguinness/gemini_task_engine/pkg/service/task.go:503.2,503.23 1 1
github.com/rmcguinness/gemini_task_engine/pkg/service/task.go:503.23,505.3 1 1
github.com/rmcguinness/gemini_task_engine/pkg/service/task.go:505.8,507.3 1 1
github.com/rmcguinness/gemini_task_engine/pkg/service/task.go:510.2,510.61 1 1
github.com/rmcguinness/gemini_task_engine/pkg/service/task.go:510.61,512.3 1 0
github.com/rmcguinness/gemini_task_engine/pkg/service/task.go:515.2,515.18 1 1
github.com/rmcguinness/gemini_task_engine/pkg/service/task.go:515.18,517.73 2 1
github.com/rmcguinness/gemini_task_engine/pkg/service/task.go:517.73,519.4 1 0
github.com/rmcguinness/gemini_task_engine/pkg/service/task.go:520.3,520.52 1 1
github.com/rmcguinness/gemini_task_engine/pkg/service/task.go:523.2,523.12 1 1
github.com/rmcguinness/gemini_task_engine/pkg/service/task.go:526.103,528.16 2 1
github.com/rmcguinness/gemini_task_engine/pkg/service/task.go:528.16,530.3 1 0
github.com/rmcguinness/gemini_task_engine/pkg/service/task.go:531.2,532.32 2 1
github.com/rmcguinness/gemini_task_engine/pkg/service/task.go:532.32,534.3 1 1
github.com/rmcguinness/gemini_task_engine/pkg/service/task.go:535.2,535.18 1 1
github.com/rmcguinness/gemini_task_engine/pkg/service/task.go:538.96,540.2 1 1
github.com/rmcguinness/gemini_task_engine/pkg/service/task.go:542.106,544.2 1 1
github.com/rmcguinness/gemini_task_engine/pkg/service/task.go:546.97,548.2 1 1
github.com/rmcguinness/gemini_task_engine/pkg/service/task.go:550.95,552.2 1 1
github.com/rmcguinness/gemini_task_engine/pkg/service/task.go:554.119,556.2 1 1
github.com/rmcguinness/gemini_task_engine/pkg/service/task.go:558.81,560.2 1 1
